[0.953s] Invoking command in '/workspace/src/cartographer_slam': PYTHONPATH=/workspace/build/cartographer_slam/prefix_override:/workspace/install/cartographer_slam/lib/python3.10/site-packages:${PYTHONPATH} /usr/bin/python3 setup.py egg_info --egg-base ../../build/cartographer_slam build --build-base /workspace/build/cartographer_slam/build install --record /workspace/build/cartographer_slam/install.log --single-version-externally-managed
[1.144s] running egg_info
[1.145s] writing ../../build/cartographer_slam/cartographer_slam.egg-info/PKG-INFO
[1.145s] writing dependency_links to ../../build/cartographer_slam/cartographer_slam.egg-info/dependency_links.txt
[1.145s] writing entry points to ../../build/cartographer_slam/cartographer_slam.egg-info/entry_points.txt
[1.145s] writing requirements to ../../build/cartographer_slam/cartographer_slam.egg-info/requires.txt
[1.145s] writing top-level names to ../../build/cartographer_slam/cartographer_slam.egg-info/top_level.txt
[1.147s] reading manifest file '../../build/cartographer_slam/cartographer_slam.egg-info/SOURCES.txt'
[1.147s] writing manifest file '../../build/cartographer_slam/cartographer_slam.egg-info/SOURCES.txt'
[1.148s] running build
[1.148s] running build_py
[1.148s] copying cartographer_slam/__init__.py -> /workspace/build/cartographer_slam/build/lib/cartographer_slam
[1.148s] running install
[1.148s] running install_lib
[1.149s] copying /workspace/build/cartographer_slam/build/lib/cartographer_slam/__init__.py -> /workspace/install/cartographer_slam/lib/python3.10/site-packages/cartographer_slam
[1.149s] byte-compiling /workspace/install/cartographer_slam/lib/python3.10/site-packages/cartographer_slam/__init__.py to __init__.cpython-310.pyc
[1.149s] running install_data
[1.150s] copying resource/cartographer_slam -> /workspace/install/cartographer_slam/share/ament_index/resource_index/packages
[1.150s] copying package.xml -> /workspace/install/cartographer_slam/share/cartographer_slam
[1.150s] copying launch/start_rviz.launch.py -> /workspace/install/cartographer_slam/share/cartographer_slam/launch
[1.150s] copying launch/cartographer.launch.py -> /workspace/install/cartographer_slam/share/cartographer_slam/launch
[1.150s] copying launch/multi_cartographer.launch.py -> /workspace/install/cartographer_slam/share/cartographer_slam/launch
[1.150s] copying config/turtlebot_area.pgm -> /workspace/install/cartographer_slam/share/cartographer_slam/config
[1.150s] copying config/cartographer_multi.lua -> /workspace/install/cartographer_slam/share/cartographer_slam/config
[1.151s] copying config/turtlebot_area.yaml -> /workspace/install/cartographer_slam/share/cartographer_slam/config
[1.151s] copying config/cartographer.lua -> /workspace/install/cartographer_slam/share/cartographer_slam/config
[1.151s] copying rviz/tb3_1_and_2.rviz -> /workspace/install/cartographer_slam/share/cartographer_slam/rviz
[1.151s] running install_egg_info
[1.153s] removing '/workspace/install/cartographer_slam/lib/python3.10/site-packages/cartographer_slam-0.0.0-py3.10.egg-info' (and everything under it)
[1.153s] Copying ../../build/cartographer_slam/cartographer_slam.egg-info to /workspace/install/cartographer_slam/lib/python3.10/site-packages/cartographer_slam-0.0.0-py3.10.egg-info
[1.153s] running install_scripts
[1.176s] writing list of installed files to '/workspace/build/cartographer_slam/install.log'
[1.199s] Invoked command in '/workspace/src/cartographer_slam' returned '0': PYTHONPATH=/workspace/build/cartographer_slam/prefix_override:/workspace/install/cartographer_slam/lib/python3.10/site-packages:${PYTHONPATH} /usr/bin/python3 setup.py egg_info --egg-base ../../build/cartographer_slam build --build-base /workspace/build/cartographer_slam/build install --record /workspace/build/cartographer_slam/install.log --single-version-externally-managed
