[0.005s] Invoking command in '/workspace/build/turtlebot3_simulations': AMENT_PREFIX_PATH=/workspace/install/turtlebot3_gazebo:/workspace/install/turtlebot3_description:${AMENT_PREFIX_PATH} CMAKE_PREFIX_PATH=/workspace/install/turtlebot3_gazebo:/workspace/install/turtlebot3_description:/opt/ros/humble /usr/bin/cmake /workspace/src/turtlebot3_simulations/turtlebot3_simulations -DCMAKE_INSTALL_PREFIX=/workspace/install/turtlebot3_simulations
[0.039s] -- The C compiler identification is GNU 11.3.0
[0.076s] -- The CXX compiler identification is GNU 11.3.0
[0.081s] -- Detecting C compiler ABI info
[0.129s] -- Detecting C compiler ABI info - done
[0.139s] -- Check for working C compiler: /usr/bin/cc - skipped
[0.139s] -- Detecting C compile features
[0.140s] -- Detecting C compile features - done
[0.142s] -- Detecting CXX compiler ABI info
[0.195s] -- Detecting CXX compiler ABI info - done
[0.202s] -- Check for working CXX compiler: /usr/bin/c++ - skipped
[0.202s] -- Detecting CXX compile features
[0.202s] -- Detecting CXX compile features - done
[0.205s] -- Found ament_cmake: 1.3.4 (/opt/ros/humble/share/ament_cmake/cmake)
[0.310s] -- Found Python3: /usr/bin/python3.10 (found version "3.10.6") found components: Interpreter 
[0.409s] -- Configuring done
[0.411s] -- Generating done
[0.411s] -- Build files have been written to: /workspace/build/turtlebot3_simulations
[0.414s] Invoked command in '/workspace/build/turtlebot3_simulations' returned '0': AMENT_PREFIX_PATH=/workspace/install/turtlebot3_gazebo:/workspace/install/turtlebot3_description:${AMENT_PREFIX_PATH} CMAKE_PREFIX_PATH=/workspace/install/turtlebot3_gazebo:/workspace/install/turtlebot3_description:/opt/ros/humble /usr/bin/cmake /workspace/src/turtlebot3_simulations/turtlebot3_simulations -DCMAKE_INSTALL_PREFIX=/workspace/install/turtlebot3_simulations
[0.415s] Invoking command in '/workspace/build/turtlebot3_simulations': AMENT_PREFIX_PATH=/workspace/install/turtlebot3_gazebo:/workspace/install/turtlebot3_description:${AMENT_PREFIX_PATH} CMAKE_PREFIX_PATH=/workspace/install/turtlebot3_gazebo:/workspace/install/turtlebot3_description:/opt/ros/humble /usr/bin/cmake --build /workspace/build/turtlebot3_simulations -- -j8 -l8
[0.438s] Invoked command in '/workspace/build/turtlebot3_simulations' returned '0': AMENT_PREFIX_PATH=/workspace/install/turtlebot3_gazebo:/workspace/install/turtlebot3_description:${AMENT_PREFIX_PATH} CMAKE_PREFIX_PATH=/workspace/install/turtlebot3_gazebo:/workspace/install/turtlebot3_description:/opt/ros/humble /usr/bin/cmake --build /workspace/build/turtlebot3_simulations -- -j8 -l8
[0.454s] Invoking command in '/workspace/build/turtlebot3_simulations': AMENT_PREFIX_PATH=/workspace/install/turtlebot3_gazebo:/workspace/install/turtlebot3_description:${AMENT_PREFIX_PATH} CMAKE_PREFIX_PATH=/workspace/install/turtlebot3_gazebo:/workspace/install/turtlebot3_description:/opt/ros/humble /usr/bin/cmake --install /workspace/build/turtlebot3_simulations
[0.460s] -- Install configuration: ""
[0.460s] -- Installing: /workspace/install/turtlebot3_simulations/share/ament_index/resource_index/package_run_dependencies/turtlebot3_simulations
[0.460s] -- Installing: /workspace/install/turtlebot3_simulations/share/ament_index/resource_index/parent_prefix_path/turtlebot3_simulations
[0.461s] -- Installing: /workspace/install/turtlebot3_simulations/share/turtlebot3_simulations/environment/ament_prefix_path.sh
[0.461s] -- Installing: /workspace/install/turtlebot3_simulations/share/turtlebot3_simulations/environment/ament_prefix_path.dsv
[0.461s] -- Installing: /workspace/install/turtlebot3_simulations/share/turtlebot3_simulations/environment/path.sh
[0.461s] -- Installing: /workspace/install/turtlebot3_simulations/share/turtlebot3_simulations/environment/path.dsv
[0.461s] -- Installing: /workspace/install/turtlebot3_simulations/share/turtlebot3_simulations/local_setup.bash
[0.461s] -- Installing: /workspace/install/turtlebot3_simulations/share/turtlebot3_simulations/local_setup.sh
[0.461s] -- Installing: /workspace/install/turtlebot3_simulations/share/turtlebot3_simulations/local_setup.zsh
[0.461s] -- Installing: /workspace/install/turtlebot3_simulations/share/turtlebot3_simulations/local_setup.dsv
[0.461s] -- Installing: /workspace/install/turtlebot3_simulations/share/turtlebot3_simulations/package.dsv
[0.461s] -- Installing: /workspace/install/turtlebot3_simulations/share/ament_index/resource_index/packages/turtlebot3_simulations
[0.461s] -- Installing: /workspace/install/turtlebot3_simulations/share/turtlebot3_simulations/cmake/turtlebot3_simulationsConfig.cmake
[0.462s] -- Installing: /workspace/install/turtlebot3_simulations/share/turtlebot3_simulations/cmake/turtlebot3_simulationsConfig-version.cmake
[0.462s] -- Installing: /workspace/install/turtlebot3_simulations/share/turtlebot3_simulations/package.xml
[0.464s] Invoked command in '/workspace/build/turtlebot3_simulations' returned '0': AMENT_PREFIX_PATH=/workspace/install/turtlebot3_gazebo:/workspace/install/turtlebot3_description:${AMENT_PREFIX_PATH} CMAKE_PREFIX_PATH=/workspace/install/turtlebot3_gazebo:/workspace/install/turtlebot3_description:/opt/ros/humble /usr/bin/cmake --install /workspace/build/turtlebot3_simulations
