-- Found ament_cmake: 1.3.4 (/opt/ros/humble/share/ament_cmake/cmake)
-- Found DART: /usr/include (Required is at least version "6.6") found components: dart 
-- Found Protobuf: /usr/lib/x86_64-linux-gnu/libprotobuf.so (found version "3.12.4") 
-- Looking for ignition-math6 -- found version 6.12.0
-- Searching for dependencies of ignition-math6
-- Looking for OGRE...
-- Found Ogre Ghadamon (1.9.0)
-- Found OGRE: optimized;/usr/lib/x86_64-linux-gnu/libOgreMain.so;debug;/usr/lib/x86_64-linux-gnu/libOgreMain.so
-- Looking for OGRE_Paging...
-- Found OGRE_Paging: optimized;/usr/lib/x86_64-linux-gnu/libOgrePaging.so;debug;/usr/lib/x86_64-linux-gnu/libOgrePaging.so
-- Looking for OGRE_Terrain...
-- Found OGRE_Terrain: optimized;/usr/lib/x86_64-linux-gnu/libOgreTerrain.so;debug;/usr/lib/x86_64-linux-gnu/libOgreTerrain.so
-- Looking for OGRE_Property...
-- Found OGRE_Property: optimized;/usr/lib/x86_64-linux-gnu/libOgreProperty.so;debug;/usr/lib/x86_64-linux-gnu/libOgreProperty.so
-- Looking for OGRE_RTShaderSystem...
-- Found OGRE_RTShaderSystem: optimized;/usr/lib/x86_64-linux-gnu/libOgreRTShaderSystem.so;debug;/usr/lib/x86_64-linux-gnu/libOgreRTShaderSystem.so
-- Looking for OGRE_Volume...
-- Found OGRE_Volume: optimized;/usr/lib/x86_64-linux-gnu/libOgreVolume.so;debug;/usr/lib/x86_64-linux-gnu/libOgreVolume.so
-- Looking for OGRE_Overlay...
-- Found OGRE_Overlay: optimized;/usr/lib/x86_64-linux-gnu/libOgreOverlay.so;debug;/usr/lib/x86_64-linux-gnu/libOgreOverlay.so
-- Looking for ignition-math6 -- found version 6.12.0
-- Looking for ignition-transport8 -- found version 8.2.1
-- Searching for dependencies of ignition-transport8
-- Found Protobuf: /usr/lib/x86_64-linux-gnu/libprotobuf.so (found suitable version "3.12.4", minimum required is "3") 
-- Config-file not installed for ZeroMQ -- checking for pkg-config
-- Checking for module 'libzmq >= 4'
--   Found libzmq , version 4.3.4
-- Checking for module 'uuid'
--   Found uuid, version 2.37.2
-- Looking for ignition-msgs5 -- found version 5.8.1
-- Searching for dependencies of ignition-msgs5
-- Looking for ignition-math6 -- found version 6.12.0
-- Checking for module 'tinyxml2'
--   Found tinyxml2, version 9.0.0
-- Looking for ignition-msgs5 -- found version 5.8.1
-- Looking for ignition-common3 -- found version 3.14.0
-- Searching for dependencies of ignition-common3
-- Looking for dlfcn.h - found
-- Looking for libdl - found
-- Searching for <ignition-common3> component [graphics]
-- Looking for ignition-common3-graphics -- found version 3.14.0
-- Searching for dependencies of ignition-common3-graphics
-- Looking for ignition-math6 -- found version 6.12.0
-- Looking for ignition-fuel_tools4 -- found version 4.4.0
-- Searching for dependencies of ignition-fuel_tools4
-- Checking for module 'jsoncpp'
--   Found jsoncpp, version 1.9.5
-- Checking for module 'libzip'
--   Found libzip, version 1.7.3
-- Looking for ignition-common3 -- found version 3.14.0
-- Looking for ignition-math6 -- found version 6.12.0
-- Looking for ignition-msgs5 -- found version 5.8.1
-- Found gazebo_ros_pkgs: 3.7.0 (/opt/ros/humble/share/gazebo_ros_pkgs/cmake)
-- Found geometry_msgs: 4.2.3 (/opt/ros/humble/share/geometry_msgs/cmake)
-- Found rosidl_generator_c: 3.1.4 (/opt/ros/humble/share/rosidl_generator_c/cmake)
-- Found rosidl_adapter: 3.1.4 (/opt/ros/humble/share/rosidl_adapter/cmake)
-- Found rosidl_generator_cpp: 3.1.4 (/opt/ros/humble/share/rosidl_generator_cpp/cmake)
-- Using all available rosidl_typesupport_c: rosidl_typesupport_fastrtps_c;rosidl_typesupport_introspection_c
-- Using all available rosidl_typesupport_cpp: rosidl_typesupport_fastrtps_cpp;rosidl_typesupport_introspection_cpp
-- Found nav_msgs: 4.2.3 (/opt/ros/humble/share/nav_msgs/cmake)
-- Found rclcpp: 16.0.4 (/opt/ros/humble/share/rclcpp/cmake)
-- Found rmw_implementation_cmake: 6.1.1 (/opt/ros/humble/share/rmw_implementation_cmake/cmake)
-- Found rmw_fastrtps_cpp: 6.2.2 (/opt/ros/humble/share/rmw_fastrtps_cpp/cmake)
-- Using RMW implementation 'rmw_fastrtps_cpp' as default
-- Found sensor_msgs: 4.2.3 (/opt/ros/humble/share/sensor_msgs/cmake)
-- Found tf2: 0.25.2 (/opt/ros/humble/share/tf2/cmake)
-- Configuring done
-- Generating done
-- Build files have been written to: /workspace/build/turtlebot3_gazebo
[35m[1mConsolidate compiler generated dependencies of target turtlebot3_drive[0m
[35m[1mConsolidate compiler generated dependencies of target obstacles[0m
[35m[1mConsolidate compiler generated dependencies of target obstacle1[0m
[35m[1mConsolidate compiler generated dependencies of target obstacle2[0m
[ 12%] [32mBuilding CXX object CMakeFiles/turtlebot3_drive.dir/src/turtlebot3_drive.cpp.o[0m
[ 50%] [32mBuilding CXX object CMakeFiles/obstacle1.dir/models/turtlebot3_dqn_world/obstacle_plugin/obstacle1.cc.o[0m
[ 50%] [32mBuilding CXX object CMakeFiles/obstacle2.dir/models/turtlebot3_dqn_world/obstacle_plugin/obstacle2.cc.o[0m
[ 50%] [32mBuilding CXX object CMakeFiles/obstacles.dir/models/turtlebot3_dqn_world/obstacle_plugin/obstacles.cc.o[0m
[ 75%] [32m[1mLinking CXX shared library libobstacle2.so[0m
[ 75%] [32m[1mLinking CXX shared library libobstacles.so[0m
[ 87%] [32m[1mLinking CXX shared library libobstacle1.so[0m
[100%] [32m[1mLinking CXX executable turtlebot3_drive[0m
[100%] Built target obstacle2
[100%] Built target obstacles
[100%] Built target obstacle1
[100%] Built target turtlebot3_drive
-- Install configuration: ""
-- Installing: /workspace/install/turtlebot3_gazebo/lib/turtlebot3_gazebo/turtlebot3_drive
-- Set runtime path of "/workspace/install/turtlebot3_gazebo/lib/turtlebot3_gazebo/turtlebot3_drive" to ""
-- Up-to-date: /workspace/install/turtlebot3_gazebo/share/turtlebot3_gazebo//launch
-- Installing: /workspace/install/turtlebot3_gazebo/share/turtlebot3_gazebo//launch/multi_turtlebot3_world.launch.py
-- Installing: /workspace/install/turtlebot3_gazebo/share/turtlebot3_gazebo//launch/turtlebot3_velodyne_burger.launch.py
-- Installing: /workspace/install/turtlebot3_gazebo/share/turtlebot3_gazebo//launch/robot_state_publisher.launch.py
-- Installing: /workspace/install/turtlebot3_gazebo/share/turtlebot3_gazebo//launch/multi_turtlebot3_velodyne_world.launch.py
-- Installing: /workspace/install/turtlebot3_gazebo/share/turtlebot3_gazebo//launch/turtlebot3_burger.launch.py
-- Up-to-date: /workspace/install/turtlebot3_gazebo/share/turtlebot3_gazebo//models
-- Up-to-date: /workspace/install/turtlebot3_gazebo/share/turtlebot3_gazebo//models/turtlebot3_world
-- Installing: /workspace/install/turtlebot3_gazebo/share/turtlebot3_gazebo//models/turtlebot3_world/model.sdf
-- Installing: /workspace/install/turtlebot3_gazebo/share/turtlebot3_gazebo//models/turtlebot3_world/model-1_4.sdf
-- Installing: /workspace/install/turtlebot3_gazebo/share/turtlebot3_gazebo//models/turtlebot3_world/model.config
-- Up-to-date: /workspace/install/turtlebot3_gazebo/share/turtlebot3_gazebo//models/turtlebot3_world/meshes
-- Installing: /workspace/install/turtlebot3_gazebo/share/turtlebot3_gazebo//models/turtlebot3_world/meshes/wall.dae
-- Installing: /workspace/install/turtlebot3_gazebo/share/turtlebot3_gazebo//models/turtlebot3_world/meshes/hexagon.dae
-- Up-to-date: /workspace/install/turtlebot3_gazebo/share/turtlebot3_gazebo//models/turtlebot3_burger_velodyne_1
-- Up-to-date: /workspace/install/turtlebot3_gazebo/share/turtlebot3_gazebo//models/turtlebot3_burger_velodyne_1/meshes_dae
-- Installing: /workspace/install/turtlebot3_gazebo/share/turtlebot3_gazebo//models/turtlebot3_burger_velodyne_1/meshes_dae/burger_base.dae
-- Installing: /workspace/install/turtlebot3_gazebo/share/turtlebot3_gazebo//models/turtlebot3_burger_velodyne_1/meshes_dae/right_tire.dae
-- Installing: /workspace/install/turtlebot3_gazebo/share/turtlebot3_gazebo//models/turtlebot3_burger_velodyne_1/meshes_dae/left_tire.dae
-- Installing: /workspace/install/turtlebot3_gazebo/share/turtlebot3_gazebo//models/turtlebot3_burger_velodyne_1/meshes_dae/lds.dae
-- Installing: /workspace/install/turtlebot3_gazebo/share/turtlebot3_gazebo//models/turtlebot3_burger_velodyne_1/model.sdf
-- Installing: /workspace/install/turtlebot3_gazebo/share/turtlebot3_gazebo//models/turtlebot3_burger_velodyne_1/model.config
-- Up-to-date: /workspace/install/turtlebot3_gazebo/share/turtlebot3_gazebo//models/turtlebot3_burger_velodyne_1/meshes
-- Installing: /workspace/install/turtlebot3_gazebo/share/turtlebot3_gazebo//models/turtlebot3_burger_velodyne_1/meshes/lds.stl
-- Installing: /workspace/install/turtlebot3_gazebo/share/turtlebot3_gazebo//models/turtlebot3_burger_velodyne_1/meshes/burger_base.stl
-- Installing: /workspace/install/turtlebot3_gazebo/share/turtlebot3_gazebo//models/turtlebot3_burger_velodyne_1/meshes/right_tire.stl
-- Installing: /workspace/install/turtlebot3_gazebo/share/turtlebot3_gazebo//models/turtlebot3_burger_velodyne_1/meshes/left_tire.stl
-- Up-to-date: /workspace/install/turtlebot3_gazebo/share/turtlebot3_gazebo//models/turtlebot3_dqn_world
-- Up-to-date: /workspace/install/turtlebot3_gazebo/share/turtlebot3_gazebo//models/turtlebot3_dqn_world/obstacle1
-- Installing: /workspace/install/turtlebot3_gazebo/share/turtlebot3_gazebo//models/turtlebot3_dqn_world/obstacle1/model.sdf
-- Installing: /workspace/install/turtlebot3_gazebo/share/turtlebot3_gazebo//models/turtlebot3_dqn_world/obstacle1/model.config
-- Up-to-date: /workspace/install/turtlebot3_gazebo/share/turtlebot3_gazebo//models/turtlebot3_dqn_world/obstacle_plugin
-- Installing: /workspace/install/turtlebot3_gazebo/share/turtlebot3_gazebo//models/turtlebot3_dqn_world/obstacle_plugin/obstacles.cc
-- Installing: /workspace/install/turtlebot3_gazebo/share/turtlebot3_gazebo//models/turtlebot3_dqn_world/obstacle_plugin/CMakeLists.txt
-- Installing: /workspace/install/turtlebot3_gazebo/share/turtlebot3_gazebo//models/turtlebot3_dqn_world/obstacle_plugin/obstacle2.cc
-- Installing: /workspace/install/turtlebot3_gazebo/share/turtlebot3_gazebo//models/turtlebot3_dqn_world/obstacle_plugin/obstacle1.cc
-- Installing: /workspace/install/turtlebot3_gazebo/share/turtlebot3_gazebo//models/turtlebot3_dqn_world/model.sdf
-- Up-to-date: /workspace/install/turtlebot3_gazebo/share/turtlebot3_gazebo//models/turtlebot3_dqn_world/obstacles
-- Installing: /workspace/install/turtlebot3_gazebo/share/turtlebot3_gazebo//models/turtlebot3_dqn_world/obstacles/model.sdf
-- Installing: /workspace/install/turtlebot3_gazebo/share/turtlebot3_gazebo//models/turtlebot3_dqn_world/obstacles/model.config
-- Up-to-date: /workspace/install/turtlebot3_gazebo/share/turtlebot3_gazebo//models/turtlebot3_dqn_world/obstacle2
-- Installing: /workspace/install/turtlebot3_gazebo/share/turtlebot3_gazebo//models/turtlebot3_dqn_world/obstacle2/model.sdf
-- Installing: /workspace/install/turtlebot3_gazebo/share/turtlebot3_gazebo//models/turtlebot3_dqn_world/obstacle2/model.config
-- Up-to-date: /workspace/install/turtlebot3_gazebo/share/turtlebot3_gazebo//models/turtlebot3_dqn_world/goal_box
-- Installing: /workspace/install/turtlebot3_gazebo/share/turtlebot3_gazebo//models/turtlebot3_dqn_world/goal_box/model.sdf
-- Installing: /workspace/install/turtlebot3_gazebo/share/turtlebot3_gazebo//models/turtlebot3_dqn_world/goal_box/model.config
-- Installing: /workspace/install/turtlebot3_gazebo/share/turtlebot3_gazebo//models/turtlebot3_dqn_world/model.config
-- Up-to-date: /workspace/install/turtlebot3_gazebo/share/turtlebot3_gazebo//models/turtlebot3_dqn_world/inner_walls
-- Installing: /workspace/install/turtlebot3_gazebo/share/turtlebot3_gazebo//models/turtlebot3_dqn_world/inner_walls/model.sdf
-- Installing: /workspace/install/turtlebot3_gazebo/share/turtlebot3_gazebo//models/turtlebot3_dqn_world/inner_walls/model.config
-- Up-to-date: /workspace/install/turtlebot3_gazebo/share/turtlebot3_gazebo//models/turtlebot3_waffle_pi
-- Installing: /workspace/install/turtlebot3_gazebo/share/turtlebot3_gazebo//models/turtlebot3_waffle_pi/model.sdf
-- Installing: /workspace/install/turtlebot3_gazebo/share/turtlebot3_gazebo//models/turtlebot3_waffle_pi/model.config
-- Up-to-date: /workspace/install/turtlebot3_gazebo/share/turtlebot3_gazebo//models/turtlebot3_waffle_pi/meshes
-- Installing: /workspace/install/turtlebot3_gazebo/share/turtlebot3_gazebo//models/turtlebot3_waffle_pi/meshes/tire.dae
-- Installing: /workspace/install/turtlebot3_gazebo/share/turtlebot3_gazebo//models/turtlebot3_waffle_pi/meshes/waffle_pi_base.dae
-- Installing: /workspace/install/turtlebot3_gazebo/share/turtlebot3_gazebo//models/turtlebot3_waffle_pi/meshes/lds.dae
-- Installing: /workspace/install/turtlebot3_gazebo/share/turtlebot3_gazebo//models/turtlebot3_waffle_pi/model-1_4_.sdf
-- Up-to-date: /workspace/install/turtlebot3_gazebo/share/turtlebot3_gazebo//models/turtlebot3_room
-- Installing: /workspace/install/turtlebot3_gazebo/share/turtlebot3_gazebo//models/turtlebot3_room/troom.blend1
-- Installing: /workspace/install/turtlebot3_gazebo/share/turtlebot3_gazebo//models/turtlebot3_room/model.sdf
-- Installing: /workspace/install/turtlebot3_gazebo/share/turtlebot3_gazebo//models/turtlebot3_room/troom.blend
-- Installing: /workspace/install/turtlebot3_gazebo/share/turtlebot3_gazebo//models/turtlebot3_room/model.config
-- Up-to-date: /workspace/install/turtlebot3_gazebo/share/turtlebot3_gazebo//models/turtlebot3_room/meshes
-- Installing: /workspace/install/turtlebot3_gazebo/share/turtlebot3_gazebo//models/turtlebot3_room/meshes/wall.dae
-- Installing: /workspace/install/turtlebot3_gazebo/share/turtlebot3_gazebo//models/turtlebot3_room/meshes/turtleroom.dae
-- Installing: /workspace/install/turtlebot3_gazebo/share/turtlebot3_gazebo//models/turtlebot3_room/meshes/hexagon.dae
-- Up-to-date: /workspace/install/turtlebot3_gazebo/share/turtlebot3_gazebo//models/turtlebot3_house
-- Installing: /workspace/install/turtlebot3_gazebo/share/turtlebot3_gazebo//models/turtlebot3_house/model.sdf
-- Installing: /workspace/install/turtlebot3_gazebo/share/turtlebot3_gazebo//models/turtlebot3_house/model.config
-- Up-to-date: /workspace/install/turtlebot3_gazebo/share/turtlebot3_gazebo//models/velodyne_description
-- Installing: /workspace/install/turtlebot3_gazebo/share/turtlebot3_gazebo//models/velodyne_description/CHANGELOG.rst
-- Up-to-date: /workspace/install/turtlebot3_gazebo/share/turtlebot3_gazebo//models/velodyne_description/world
-- Installing: /workspace/install/turtlebot3_gazebo/share/turtlebot3_gazebo//models/velodyne_description/world/example.world
-- Up-to-date: /workspace/install/turtlebot3_gazebo/share/turtlebot3_gazebo//models/velodyne_description/launch
-- Installing: /workspace/install/turtlebot3_gazebo/share/turtlebot3_gazebo//models/velodyne_description/launch/example.launch.py
-- Up-to-date: /workspace/install/turtlebot3_gazebo/share/turtlebot3_gazebo//models/velodyne_description/urdf
-- Installing: /workspace/install/turtlebot3_gazebo/share/turtlebot3_gazebo//models/velodyne_description/urdf/HDL-32E.urdf.xacro
-- Installing: /workspace/install/turtlebot3_gazebo/share/turtlebot3_gazebo//models/velodyne_description/urdf/VLP-16.urdf.xacro
-- Installing: /workspace/install/turtlebot3_gazebo/share/turtlebot3_gazebo//models/velodyne_description/urdf/example.urdf.xacro
-- Installing: /workspace/install/turtlebot3_gazebo/share/turtlebot3_gazebo//models/velodyne_description/package.xml
-- Installing: /workspace/install/turtlebot3_gazebo/share/turtlebot3_gazebo//models/velodyne_description/CMakeLists.txt
-- Up-to-date: /workspace/install/turtlebot3_gazebo/share/turtlebot3_gazebo//models/velodyne_description/meshes
-- Installing: /workspace/install/turtlebot3_gazebo/share/turtlebot3_gazebo//models/velodyne_description/meshes/VLP16_scan.stl
-- Installing: /workspace/install/turtlebot3_gazebo/share/turtlebot3_gazebo//models/velodyne_description/meshes/VLP16_base_1.dae
-- Installing: /workspace/install/turtlebot3_gazebo/share/turtlebot3_gazebo//models/velodyne_description/meshes/VLP16_base_2.dae
-- Installing: /workspace/install/turtlebot3_gazebo/share/turtlebot3_gazebo//models/velodyne_description/meshes/HDL32E_base.stl
-- Installing: /workspace/install/turtlebot3_gazebo/share/turtlebot3_gazebo//models/velodyne_description/meshes/VLP16_base_1.stl
-- Installing: /workspace/install/turtlebot3_gazebo/share/turtlebot3_gazebo//models/velodyne_description/meshes/HDL32E_scan.dae
-- Installing: /workspace/install/turtlebot3_gazebo/share/turtlebot3_gazebo//models/velodyne_description/meshes/VLP16_scan.dae
-- Installing: /workspace/install/turtlebot3_gazebo/share/turtlebot3_gazebo//models/velodyne_description/meshes/HDL32E_base.dae
-- Installing: /workspace/install/turtlebot3_gazebo/share/turtlebot3_gazebo//models/velodyne_description/meshes/HDL32E_scan.stl
-- Installing: /workspace/install/turtlebot3_gazebo/share/turtlebot3_gazebo//models/velodyne_description/meshes/VLP16_base_2.stl
-- Up-to-date: /workspace/install/turtlebot3_gazebo/share/turtlebot3_gazebo//models/velodyne_description/env-hooks
-- Installing: /workspace/install/turtlebot3_gazebo/share/turtlebot3_gazebo//models/velodyne_description/env-hooks/velodyne_description.dsv.in
-- Up-to-date: /workspace/install/turtlebot3_gazebo/share/turtlebot3_gazebo//models/velodyne_description/rviz
-- Installing: /workspace/install/turtlebot3_gazebo/share/turtlebot3_gazebo//models/velodyne_description/rviz/example.rviz
-- Up-to-date: /workspace/install/turtlebot3_gazebo/share/turtlebot3_gazebo//models/turtlebot3_burger_velodyne
-- Up-to-date: /workspace/install/turtlebot3_gazebo/share/turtlebot3_gazebo//models/turtlebot3_burger_velodyne/meshes_dae
-- Installing: /workspace/install/turtlebot3_gazebo/share/turtlebot3_gazebo//models/turtlebot3_burger_velodyne/meshes_dae/burger_base.dae
-- Installing: /workspace/install/turtlebot3_gazebo/share/turtlebot3_gazebo//models/turtlebot3_burger_velodyne/meshes_dae/right_tire.dae
-- Installing: /workspace/install/turtlebot3_gazebo/share/turtlebot3_gazebo//models/turtlebot3_burger_velodyne/meshes_dae/left_tire.dae
-- Installing: /workspace/install/turtlebot3_gazebo/share/turtlebot3_gazebo//models/turtlebot3_burger_velodyne/meshes_dae/lds.dae
-- Installing: /workspace/install/turtlebot3_gazebo/share/turtlebot3_gazebo//models/turtlebot3_burger_velodyne/model.sdf
-- Installing: /workspace/install/turtlebot3_gazebo/share/turtlebot3_gazebo//models/turtlebot3_burger_velodyne/model.config
-- Up-to-date: /workspace/install/turtlebot3_gazebo/share/turtlebot3_gazebo//models/turtlebot3_burger_velodyne/meshes
-- Installing: /workspace/install/turtlebot3_gazebo/share/turtlebot3_gazebo//models/turtlebot3_burger_velodyne/meshes/lds.stl
-- Installing: /workspace/install/turtlebot3_gazebo/share/turtlebot3_gazebo//models/turtlebot3_burger_velodyne/meshes/burger_base.stl
-- Installing: /workspace/install/turtlebot3_gazebo/share/turtlebot3_gazebo//models/turtlebot3_burger_velodyne/meshes/right_tire.stl
-- Installing: /workspace/install/turtlebot3_gazebo/share/turtlebot3_gazebo//models/turtlebot3_burger_velodyne/meshes/left_tire.stl
-- Up-to-date: /workspace/install/turtlebot3_gazebo/share/turtlebot3_gazebo//models/turtlebot3_burger_velodyne_0
-- Up-to-date: /workspace/install/turtlebot3_gazebo/share/turtlebot3_gazebo//models/turtlebot3_burger_velodyne_0/meshes_dae
-- Installing: /workspace/install/turtlebot3_gazebo/share/turtlebot3_gazebo//models/turtlebot3_burger_velodyne_0/meshes_dae/burger_base.dae
-- Installing: /workspace/install/turtlebot3_gazebo/share/turtlebot3_gazebo//models/turtlebot3_burger_velodyne_0/meshes_dae/right_tire.dae
-- Installing: /workspace/install/turtlebot3_gazebo/share/turtlebot3_gazebo//models/turtlebot3_burger_velodyne_0/meshes_dae/left_tire.dae
-- Installing: /workspace/install/turtlebot3_gazebo/share/turtlebot3_gazebo//models/turtlebot3_burger_velodyne_0/meshes_dae/lds.dae
-- Installing: /workspace/install/turtlebot3_gazebo/share/turtlebot3_gazebo//models/turtlebot3_burger_velodyne_0/model.sdf
-- Installing: /workspace/install/turtlebot3_gazebo/share/turtlebot3_gazebo//models/turtlebot3_burger_velodyne_0/model.config
-- Up-to-date: /workspace/install/turtlebot3_gazebo/share/turtlebot3_gazebo//models/turtlebot3_burger_velodyne_0/meshes
-- Installing: /workspace/install/turtlebot3_gazebo/share/turtlebot3_gazebo//models/turtlebot3_burger_velodyne_0/meshes/lds.stl
-- Installing: /workspace/install/turtlebot3_gazebo/share/turtlebot3_gazebo//models/turtlebot3_burger_velodyne_0/meshes/burger_base.stl
-- Installing: /workspace/install/turtlebot3_gazebo/share/turtlebot3_gazebo//models/turtlebot3_burger_velodyne_0/meshes/right_tire.stl
-- Installing: /workspace/install/turtlebot3_gazebo/share/turtlebot3_gazebo//models/turtlebot3_burger_velodyne_0/meshes/left_tire.stl
-- Up-to-date: /workspace/install/turtlebot3_gazebo/share/turtlebot3_gazebo//models/turtlebot3_burger
-- Up-to-date: /workspace/install/turtlebot3_gazebo/share/turtlebot3_gazebo//models/turtlebot3_burger/meshes_dae
-- Installing: /workspace/install/turtlebot3_gazebo/share/turtlebot3_gazebo//models/turtlebot3_burger/meshes_dae/burger_base.dae
-- Installing: /workspace/install/turtlebot3_gazebo/share/turtlebot3_gazebo//models/turtlebot3_burger/meshes_dae/right_tire.dae
-- Installing: /workspace/install/turtlebot3_gazebo/share/turtlebot3_gazebo//models/turtlebot3_burger/meshes_dae/left_tire.dae
-- Installing: /workspace/install/turtlebot3_gazebo/share/turtlebot3_gazebo//models/turtlebot3_burger/meshes_dae/lds.dae
-- Installing: /workspace/install/turtlebot3_gazebo/share/turtlebot3_gazebo//models/turtlebot3_burger/model.sdf
-- Installing: /workspace/install/turtlebot3_gazebo/share/turtlebot3_gazebo//models/turtlebot3_burger/model-1_4.sdf
-- Installing: /workspace/install/turtlebot3_gazebo/share/turtlebot3_gazebo//models/turtlebot3_burger/model.config
-- Up-to-date: /workspace/install/turtlebot3_gazebo/share/turtlebot3_gazebo//models/turtlebot3_burger/meshes
-- Installing: /workspace/install/turtlebot3_gazebo/share/turtlebot3_gazebo//models/turtlebot3_burger/meshes/lds.stl
-- Installing: /workspace/install/turtlebot3_gazebo/share/turtlebot3_gazebo//models/turtlebot3_burger/meshes/burger_base.stl
-- Installing: /workspace/install/turtlebot3_gazebo/share/turtlebot3_gazebo//models/turtlebot3_burger/meshes/right_tire.stl
-- Installing: /workspace/install/turtlebot3_gazebo/share/turtlebot3_gazebo//models/turtlebot3_burger/meshes/left_tire.stl
-- Up-to-date: /workspace/install/turtlebot3_gazebo/share/turtlebot3_gazebo//models/turtlebot3_burger_0
-- Up-to-date: /workspace/install/turtlebot3_gazebo/share/turtlebot3_gazebo//models/turtlebot3_burger_0/meshes_dae
-- Installing: /workspace/install/turtlebot3_gazebo/share/turtlebot3_gazebo//models/turtlebot3_burger_0/meshes_dae/burger_base.dae
-- Installing: /workspace/install/turtlebot3_gazebo/share/turtlebot3_gazebo//models/turtlebot3_burger_0/meshes_dae/right_tire.dae
-- Installing: /workspace/install/turtlebot3_gazebo/share/turtlebot3_gazebo//models/turtlebot3_burger_0/meshes_dae/left_tire.dae
-- Installing: /workspace/install/turtlebot3_gazebo/share/turtlebot3_gazebo//models/turtlebot3_burger_0/meshes_dae/lds.dae
-- Installing: /workspace/install/turtlebot3_gazebo/share/turtlebot3_gazebo//models/turtlebot3_burger_0/model.sdf
-- Installing: /workspace/install/turtlebot3_gazebo/share/turtlebot3_gazebo//models/turtlebot3_burger_0/model-1_4.sdf
-- Installing: /workspace/install/turtlebot3_gazebo/share/turtlebot3_gazebo//models/turtlebot3_burger_0/model.config
-- Up-to-date: /workspace/install/turtlebot3_gazebo/share/turtlebot3_gazebo//models/turtlebot3_burger_0/meshes
-- Installing: /workspace/install/turtlebot3_gazebo/share/turtlebot3_gazebo//models/turtlebot3_burger_0/meshes/lds.stl
-- Installing: /workspace/install/turtlebot3_gazebo/share/turtlebot3_gazebo//models/turtlebot3_burger_0/meshes/burger_base.stl
-- Installing: /workspace/install/turtlebot3_gazebo/share/turtlebot3_gazebo//models/turtlebot3_burger_0/meshes/right_tire.stl
-- Installing: /workspace/install/turtlebot3_gazebo/share/turtlebot3_gazebo//models/turtlebot3_burger_0/meshes/left_tire.stl
-- Up-to-date: /workspace/install/turtlebot3_gazebo/share/turtlebot3_gazebo//models/turtlebot3_waffle
-- Installing: /workspace/install/turtlebot3_gazebo/share/turtlebot3_gazebo//models/turtlebot3_waffle/model.sdf
-- Installing: /workspace/install/turtlebot3_gazebo/share/turtlebot3_gazebo//models/turtlebot3_waffle/model-1_4.sdf
-- Installing: /workspace/install/turtlebot3_gazebo/share/turtlebot3_gazebo//models/turtlebot3_waffle/model.config
-- Up-to-date: /workspace/install/turtlebot3_gazebo/share/turtlebot3_gazebo//models/turtlebot3_waffle/meshes
-- Installing: /workspace/install/turtlebot3_gazebo/share/turtlebot3_gazebo//models/turtlebot3_waffle/meshes/tire.dae
-- Installing: /workspace/install/turtlebot3_gazebo/share/turtlebot3_gazebo//models/turtlebot3_waffle/meshes/r200.dae
-- Installing: /workspace/install/turtlebot3_gazebo/share/turtlebot3_gazebo//models/turtlebot3_waffle/meshes/waffle_base.dae
-- Installing: /workspace/install/turtlebot3_gazebo/share/turtlebot3_gazebo//models/turtlebot3_waffle/meshes/lds.dae
-- Up-to-date: /workspace/install/turtlebot3_gazebo/share/turtlebot3_gazebo//models/turtlebot3_burger_1
-- Up-to-date: /workspace/install/turtlebot3_gazebo/share/turtlebot3_gazebo//models/turtlebot3_burger_1/meshes_dae
-- Installing: /workspace/install/turtlebot3_gazebo/share/turtlebot3_gazebo//models/turtlebot3_burger_1/meshes_dae/burger_base.dae
-- Installing: /workspace/install/turtlebot3_gazebo/share/turtlebot3_gazebo//models/turtlebot3_burger_1/meshes_dae/right_tire.dae
-- Installing: /workspace/install/turtlebot3_gazebo/share/turtlebot3_gazebo//models/turtlebot3_burger_1/meshes_dae/left_tire.dae
-- Installing: /workspace/install/turtlebot3_gazebo/share/turtlebot3_gazebo//models/turtlebot3_burger_1/meshes_dae/lds.dae
-- Installing: /workspace/install/turtlebot3_gazebo/share/turtlebot3_gazebo//models/turtlebot3_burger_1/model.sdf
-- Installing: /workspace/install/turtlebot3_gazebo/share/turtlebot3_gazebo//models/turtlebot3_burger_1/model.config
-- Up-to-date: /workspace/install/turtlebot3_gazebo/share/turtlebot3_gazebo//models/turtlebot3_burger_1/meshes
-- Installing: /workspace/install/turtlebot3_gazebo/share/turtlebot3_gazebo//models/turtlebot3_burger_1/meshes/lds.stl
-- Installing: /workspace/install/turtlebot3_gazebo/share/turtlebot3_gazebo//models/turtlebot3_burger_1/meshes/burger_base.stl
-- Installing: /workspace/install/turtlebot3_gazebo/share/turtlebot3_gazebo//models/turtlebot3_burger_1/meshes/right_tire.stl
-- Installing: /workspace/install/turtlebot3_gazebo/share/turtlebot3_gazebo//models/turtlebot3_burger_1/meshes/left_tire.stl
-- Up-to-date: /workspace/install/turtlebot3_gazebo/share/turtlebot3_gazebo//models/turtlebot3_autorace
-- Up-to-date: /workspace/install/turtlebot3_gazebo/share/turtlebot3_gazebo//models/turtlebot3_autorace/traffic_stop
-- Installing: /workspace/install/turtlebot3_gazebo/share/turtlebot3_gazebo//models/turtlebot3_autorace/traffic_stop/model.sdf
-- Installing: /workspace/install/turtlebot3_gazebo/share/turtlebot3_gazebo//models/turtlebot3_autorace/traffic_stop/model.config
-- Up-to-date: /workspace/install/turtlebot3_gazebo/share/turtlebot3_gazebo//models/turtlebot3_autorace/traffic_stop/materials
-- Up-to-date: /workspace/install/turtlebot3_gazebo/share/turtlebot3_gazebo//models/turtlebot3_autorace/traffic_stop/materials/textures
-- Installing: /workspace/install/turtlebot3_gazebo/share/turtlebot3_gazebo//models/turtlebot3_autorace/traffic_stop/materials/textures/traffic_stop.png
-- Up-to-date: /workspace/install/turtlebot3_gazebo/share/turtlebot3_gazebo//models/turtlebot3_autorace/traffic_stop/materials/scripts
-- Installing: /workspace/install/turtlebot3_gazebo/share/turtlebot3_gazebo//models/turtlebot3_autorace/traffic_stop/materials/scripts/traffic_stop.material
-- Up-to-date: /workspace/install/turtlebot3_gazebo/share/turtlebot3_gazebo//models/turtlebot3_autorace/traffic_bar_down
-- Installing: /workspace/install/turtlebot3_gazebo/share/turtlebot3_gazebo//models/turtlebot3_autorace/traffic_bar_down/model.sdf
-- Installing: /workspace/install/turtlebot3_gazebo/share/turtlebot3_gazebo//models/turtlebot3_autorace/traffic_bar_down/model.config
-- Up-to-date: /workspace/install/turtlebot3_gazebo/share/turtlebot3_gazebo//models/turtlebot3_autorace/traffic_bar_down/materials
-- Up-to-date: /workspace/install/turtlebot3_gazebo/share/turtlebot3_gazebo//models/turtlebot3_autorace/traffic_bar_down/materials/textures
-- Installing: /workspace/install/turtlebot3_gazebo/share/turtlebot3_gazebo//models/turtlebot3_autorace/traffic_bar_down/materials/textures/traffic_bar.png
-- Up-to-date: /workspace/install/turtlebot3_gazebo/share/turtlebot3_gazebo//models/turtlebot3_autorace/traffic_bar_down/materials/scripts
-- Installing: /workspace/install/turtlebot3_gazebo/share/turtlebot3_gazebo//models/turtlebot3_autorace/traffic_bar_down/materials/scripts/traffic_bar.material
-- Up-to-date: /workspace/install/turtlebot3_gazebo/share/turtlebot3_gazebo//models/turtlebot3_autorace/tunnel_obstacles
-- Installing: /workspace/install/turtlebot3_gazebo/share/turtlebot3_gazebo//models/turtlebot3_autorace/tunnel_obstacles/model.sdf
-- Installing: /workspace/install/turtlebot3_gazebo/share/turtlebot3_gazebo//models/turtlebot3_autorace/tunnel_obstacles/model.config
-- Up-to-date: /workspace/install/turtlebot3_gazebo/share/turtlebot3_gazebo//models/turtlebot3_autorace/traffic_light_red
-- Installing: /workspace/install/turtlebot3_gazebo/share/turtlebot3_gazebo//models/turtlebot3_autorace/traffic_light_red/model.sdf
-- Installing: /workspace/install/turtlebot3_gazebo/share/turtlebot3_gazebo//models/turtlebot3_autorace/traffic_light_red/model.config
-- Up-to-date: /workspace/install/turtlebot3_gazebo/share/turtlebot3_gazebo//models/turtlebot3_autorace/tunnel_wall
-- Installing: /workspace/install/turtlebot3_gazebo/share/turtlebot3_gazebo//models/turtlebot3_autorace/tunnel_wall/model.sdf
-- Installing: /workspace/install/turtlebot3_gazebo/share/turtlebot3_gazebo//models/turtlebot3_autorace/tunnel_wall/model.config
-- Up-to-date: /workspace/install/turtlebot3_gazebo/share/turtlebot3_gazebo//models/turtlebot3_autorace/traffic_bar_up
-- Installing: /workspace/install/turtlebot3_gazebo/share/turtlebot3_gazebo//models/turtlebot3_autorace/traffic_bar_up/model.sdf
-- Installing: /workspace/install/turtlebot3_gazebo/share/turtlebot3_gazebo//models/turtlebot3_autorace/traffic_bar_up/model.config
-- Up-to-date: /workspace/install/turtlebot3_gazebo/share/turtlebot3_gazebo//models/turtlebot3_autorace/traffic_bar_up/materials
-- Up-to-date: /workspace/install/turtlebot3_gazebo/share/turtlebot3_gazebo//models/turtlebot3_autorace/traffic_bar_up/materials/textures
-- Installing: /workspace/install/turtlebot3_gazebo/share/turtlebot3_gazebo//models/turtlebot3_autorace/traffic_bar_up/materials/textures/traffic_bar.png
-- Up-to-date: /workspace/install/turtlebot3_gazebo/share/turtlebot3_gazebo//models/turtlebot3_autorace/traffic_bar_up/materials/scripts
-- Installing: /workspace/install/turtlebot3_gazebo/share/turtlebot3_gazebo//models/turtlebot3_autorace/traffic_bar_up/materials/scripts/traffic_bar.material
-- Up-to-date: /workspace/install/turtlebot3_gazebo/share/turtlebot3_gazebo//models/turtlebot3_autorace/traffic_light_yellow
-- Installing: /workspace/install/turtlebot3_gazebo/share/turtlebot3_gazebo//models/turtlebot3_autorace/traffic_light_yellow/model.sdf
-- Installing: /workspace/install/turtlebot3_gazebo/share/turtlebot3_gazebo//models/turtlebot3_autorace/traffic_light_yellow/model.config
-- Up-to-date: /workspace/install/turtlebot3_gazebo/share/turtlebot3_gazebo//models/turtlebot3_autorace/traffic_parking
-- Installing: /workspace/install/turtlebot3_gazebo/share/turtlebot3_gazebo//models/turtlebot3_autorace/traffic_parking/model.sdf
-- Installing: /workspace/install/turtlebot3_gazebo/share/turtlebot3_gazebo//models/turtlebot3_autorace/traffic_parking/model.config
-- Up-to-date: /workspace/install/turtlebot3_gazebo/share/turtlebot3_gazebo//models/turtlebot3_autorace/traffic_parking/materials
-- Up-to-date: /workspace/install/turtlebot3_gazebo/share/turtlebot3_gazebo//models/turtlebot3_autorace/traffic_parking/materials/textures
-- Installing: /workspace/install/turtlebot3_gazebo/share/turtlebot3_gazebo//models/turtlebot3_autorace/traffic_parking/materials/textures/traffic_parking.png
-- Up-to-date: /workspace/install/turtlebot3_gazebo/share/turtlebot3_gazebo//models/turtlebot3_autorace/traffic_parking/materials/scripts
-- Installing: /workspace/install/turtlebot3_gazebo/share/turtlebot3_gazebo//models/turtlebot3_autorace/traffic_parking/materials/scripts/traffic_parking.material
-- Up-to-date: /workspace/install/turtlebot3_gazebo/share/turtlebot3_gazebo//models/turtlebot3_autorace/traffic_tunnel
-- Installing: /workspace/install/turtlebot3_gazebo/share/turtlebot3_gazebo//models/turtlebot3_autorace/traffic_tunnel/model.sdf
-- Installing: /workspace/install/turtlebot3_gazebo/share/turtlebot3_gazebo//models/turtlebot3_autorace/traffic_tunnel/model.config
-- Up-to-date: /workspace/install/turtlebot3_gazebo/share/turtlebot3_gazebo//models/turtlebot3_autorace/traffic_tunnel/materials
-- Up-to-date: /workspace/install/turtlebot3_gazebo/share/turtlebot3_gazebo//models/turtlebot3_autorace/traffic_tunnel/materials/textures
-- Installing: /workspace/install/turtlebot3_gazebo/share/turtlebot3_gazebo//models/turtlebot3_autorace/traffic_tunnel/materials/textures/tunnel.png
-- Up-to-date: /workspace/install/turtlebot3_gazebo/share/turtlebot3_gazebo//models/turtlebot3_autorace/traffic_tunnel/materials/scripts
-- Installing: /workspace/install/turtlebot3_gazebo/share/turtlebot3_gazebo//models/turtlebot3_autorace/traffic_tunnel/materials/scripts/tunnel.material
-- Up-to-date: /workspace/install/turtlebot3_gazebo/share/turtlebot3_gazebo//models/turtlebot3_autorace/lights
-- Installing: /workspace/install/turtlebot3_gazebo/share/turtlebot3_gazebo//models/turtlebot3_autorace/lights/model.sdf
-- Installing: /workspace/install/turtlebot3_gazebo/share/turtlebot3_gazebo//models/turtlebot3_autorace/lights/model.config
-- Installing: /workspace/install/turtlebot3_gazebo/share/turtlebot3_gazebo//models/turtlebot3_autorace/model.config
-- Up-to-date: /workspace/install/turtlebot3_gazebo/share/turtlebot3_gazebo//models/turtlebot3_autorace/traffic_light_green
-- Installing: /workspace/install/turtlebot3_gazebo/share/turtlebot3_gazebo//models/turtlebot3_autorace/traffic_light_green/model.sdf
-- Installing: /workspace/install/turtlebot3_gazebo/share/turtlebot3_gazebo//models/turtlebot3_autorace/traffic_light_green/model.config
-- Up-to-date: /workspace/install/turtlebot3_gazebo/share/turtlebot3_gazebo//models/turtlebot3_autorace/ground
-- Installing: /workspace/install/turtlebot3_gazebo/share/turtlebot3_gazebo//models/turtlebot3_autorace/ground/model.sdf
-- Installing: /workspace/install/turtlebot3_gazebo/share/turtlebot3_gazebo//models/turtlebot3_autorace/ground/model.config
-- Up-to-date: /workspace/install/turtlebot3_gazebo/share/turtlebot3_gazebo//models/turtlebot3_autorace/course
-- Installing: /workspace/install/turtlebot3_gazebo/share/turtlebot3_gazebo//models/turtlebot3_autorace/course/model.sdf
-- Installing: /workspace/install/turtlebot3_gazebo/share/turtlebot3_gazebo//models/turtlebot3_autorace/course/model.config
-- Up-to-date: /workspace/install/turtlebot3_gazebo/share/turtlebot3_gazebo//models/turtlebot3_autorace/course/materials
-- Up-to-date: /workspace/install/turtlebot3_gazebo/share/turtlebot3_gazebo//models/turtlebot3_autorace/course/materials/textures
-- Installing: /workspace/install/turtlebot3_gazebo/share/turtlebot3_gazebo//models/turtlebot3_autorace/course/materials/textures/course.png
-- Up-to-date: /workspace/install/turtlebot3_gazebo/share/turtlebot3_gazebo//models/turtlebot3_autorace/course/materials/scripts
-- Installing: /workspace/install/turtlebot3_gazebo/share/turtlebot3_gazebo//models/turtlebot3_autorace/course/materials/scripts/course.material
-- Up-to-date: /workspace/install/turtlebot3_gazebo/share/turtlebot3_gazebo//rviz
-- Installing: /workspace/install/turtlebot3_gazebo/share/turtlebot3_gazebo//rviz/tb3_gazebo.rviz
-- Up-to-date: /workspace/install/turtlebot3_gazebo/share/turtlebot3_gazebo//worlds
-- Up-to-date: /workspace/install/turtlebot3_gazebo/share/turtlebot3_gazebo//worlds/turtlebot3_houses
-- Installing: /workspace/install/turtlebot3_gazebo/share/turtlebot3_gazebo//worlds/turtlebot3_houses/burger.model
-- Installing: /workspace/install/turtlebot3_gazebo/share/turtlebot3_gazebo//worlds/turtlebot3_houses/waffle_pi.model
-- Installing: /workspace/install/turtlebot3_gazebo/share/turtlebot3_gazebo//worlds/turtlebot3_houses/waffle.model
-- Installing: /workspace/install/turtlebot3_gazebo/share/turtlebot3_gazebo//worlds/example.world
-- Up-to-date: /workspace/install/turtlebot3_gazebo/share/turtlebot3_gazebo//worlds/turtlebot3_dqn_stage4
-- Installing: /workspace/install/turtlebot3_gazebo/share/turtlebot3_gazebo//worlds/turtlebot3_dqn_stage4/burger.model
-- Installing: /workspace/install/turtlebot3_gazebo/share/turtlebot3_gazebo//worlds/turtlebot3_dqn_stage4/waffle_pi.model
-- Installing: /workspace/install/turtlebot3_gazebo/share/turtlebot3_gazebo//worlds/turtlebot3_dqn_stage4/waffle.model
-- Installing: /workspace/install/turtlebot3_gazebo/share/turtlebot3_gazebo//worlds/turtlebot3_tc_robots.world
-- Installing: /workspace/install/turtlebot3_gazebo/share/turtlebot3_gazebo//worlds/turtlebot3_tc_two_robots.world
-- Installing: /workspace/install/turtlebot3_gazebo/share/turtlebot3_gazebo//worlds/turtlebot3_tc_two_robots_velodyne.world
-- Up-to-date: /workspace/install/turtlebot3_gazebo/share/turtlebot3_gazebo//worlds/turtlebot3_dqn_stage2
-- Installing: /workspace/install/turtlebot3_gazebo/share/turtlebot3_gazebo//worlds/turtlebot3_dqn_stage2/burger.model
-- Installing: /workspace/install/turtlebot3_gazebo/share/turtlebot3_gazebo//worlds/turtlebot3_dqn_stage2/waffle_pi.model
-- Installing: /workspace/install/turtlebot3_gazebo/share/turtlebot3_gazebo//worlds/turtlebot3_dqn_stage2/waffle.model
-- Up-to-date: /workspace/install/turtlebot3_gazebo/share/turtlebot3_gazebo//worlds/turtlebot3_dqn_stage3
-- Installing: /workspace/install/turtlebot3_gazebo/share/turtlebot3_gazebo//worlds/turtlebot3_dqn_stage3/burger.model
-- Installing: /workspace/install/turtlebot3_gazebo/share/turtlebot3_gazebo//worlds/turtlebot3_dqn_stage3/waffle_pi.model
-- Installing: /workspace/install/turtlebot3_gazebo/share/turtlebot3_gazebo//worlds/turtlebot3_dqn_stage3/waffle.model
-- Up-to-date: /workspace/install/turtlebot3_gazebo/share/turtlebot3_gazebo//worlds/empty_worlds
-- Installing: /workspace/install/turtlebot3_gazebo/share/turtlebot3_gazebo//worlds/empty_worlds/burger.model
-- Installing: /workspace/install/turtlebot3_gazebo/share/turtlebot3_gazebo//worlds/empty_worlds/waffle_pi.model
-- Installing: /workspace/install/turtlebot3_gazebo/share/turtlebot3_gazebo//worlds/empty_worlds/waffle.model
-- Up-to-date: /workspace/install/turtlebot3_gazebo/share/turtlebot3_gazebo//worlds/turtlebot3_autoraces
-- Installing: /workspace/install/turtlebot3_gazebo/share/turtlebot3_gazebo//worlds/turtlebot3_autoraces/burger.model
-- Installing: /workspace/install/turtlebot3_gazebo/share/turtlebot3_gazebo//worlds/turtlebot3_autoraces/waffle_pi.model
-- Installing: /workspace/install/turtlebot3_gazebo/share/turtlebot3_gazebo//worlds/turtlebot3_autoraces/waffle.model
-- Up-to-date: /workspace/install/turtlebot3_gazebo/share/turtlebot3_gazebo//worlds/turtlebot3_worlds
-- Installing: /workspace/install/turtlebot3_gazebo/share/turtlebot3_gazebo//worlds/turtlebot3_worlds/burger.model
-- Installing: /workspace/install/turtlebot3_gazebo/share/turtlebot3_gazebo//worlds/turtlebot3_worlds/waffle_pi.model
-- Installing: /workspace/install/turtlebot3_gazebo/share/turtlebot3_gazebo//worlds/turtlebot3_worlds/waffle.model
-- Up-to-date: /workspace/install/turtlebot3_gazebo/share/turtlebot3_gazebo//worlds/turtlebot3_dqn_stage1
-- Installing: /workspace/install/turtlebot3_gazebo/share/turtlebot3_gazebo//worlds/turtlebot3_dqn_stage1/burger.model
-- Installing: /workspace/install/turtlebot3_gazebo/share/turtlebot3_gazebo//worlds/turtlebot3_dqn_stage1/waffle_pi.model
-- Installing: /workspace/install/turtlebot3_gazebo/share/turtlebot3_gazebo//worlds/turtlebot3_dqn_stage1/waffle.model
-- Installing: /workspace/install/turtlebot3_gazebo/share/turtlebot3_gazebo//worlds/turtlebot3_velodyne_robots.world
-- Up-to-date: /workspace/install/turtlebot3_gazebo/share/turtlebot3_gazebo//urdf
-- Installing: /workspace/install/turtlebot3_gazebo/share/turtlebot3_gazebo//urdf/turtlebot3_velodyne_burger.urdf
-- Installing: /workspace/install/turtlebot3_gazebo/share/turtlebot3_gazebo//urdf/turtlebot3_burger.urdf
-- Up-to-date: /workspace/install/turtlebot3_gazebo/include/
-- Up-to-date: /workspace/install/turtlebot3_gazebo/include//turtlebot3_gazebo
-- Installing: /workspace/install/turtlebot3_gazebo/include//turtlebot3_gazebo/turtlebot3_drive.hpp
-- Up-to-date: /workspace/install/turtlebot3_gazebo/share/ament_index/resource_index/package_run_dependencies/turtlebot3_gazebo
-- Installing: /workspace/install/turtlebot3_gazebo/share/ament_index/resource_index/parent_prefix_path/turtlebot3_gazebo
-- Up-to-date: /workspace/install/turtlebot3_gazebo/share/turtlebot3_gazebo/environment/ament_prefix_path.sh
-- Installing: /workspace/install/turtlebot3_gazebo/share/turtlebot3_gazebo/environment/ament_prefix_path.dsv
-- Up-to-date: /workspace/install/turtlebot3_gazebo/share/turtlebot3_gazebo/environment/path.sh
-- Installing: /workspace/install/turtlebot3_gazebo/share/turtlebot3_gazebo/environment/path.dsv
-- Up-to-date: /workspace/install/turtlebot3_gazebo/share/turtlebot3_gazebo/local_setup.bash
-- Up-to-date: /workspace/install/turtlebot3_gazebo/share/turtlebot3_gazebo/local_setup.sh
-- Up-to-date: /workspace/install/turtlebot3_gazebo/share/turtlebot3_gazebo/local_setup.zsh
-- Installing: /workspace/install/turtlebot3_gazebo/share/turtlebot3_gazebo/local_setup.dsv
-- Installing: /workspace/install/turtlebot3_gazebo/share/turtlebot3_gazebo/package.dsv
-- Up-to-date: /workspace/install/turtlebot3_gazebo/share/ament_index/resource_index/packages/turtlebot3_gazebo
-- Up-to-date: /workspace/install/turtlebot3_gazebo/share/turtlebot3_gazebo/cmake/ament_cmake_export_include_directories-extras.cmake
-- Up-to-date: /workspace/install/turtlebot3_gazebo/share/turtlebot3_gazebo/cmake/ament_cmake_export_dependencies-extras.cmake
-- Up-to-date: /workspace/install/turtlebot3_gazebo/share/turtlebot3_gazebo/cmake/turtlebot3_gazeboConfig.cmake
-- Up-to-date: /workspace/install/turtlebot3_gazebo/share/turtlebot3_gazebo/cmake/turtlebot3_gazeboConfig-version.cmake
-- Installing: /workspace/install/turtlebot3_gazebo/share/turtlebot3_gazebo/package.xml
