[0.008s] Invoking command in '/workspace/build/turtlebot3_simulations': CMAKE_PREFIX_PATH=/workspace/install/turtlebot3_gazebo:/workspace/install/turtlebot3_description:/workspace/install/turtlebot3_simulations:/workspace/install/path_planner_server:/workspace/install/map_server:/workspace/install/localization_server:/workspace/install/cartographer_slam:/opt/ros/humble /usr/bin/cmake --build /workspace/build/turtlebot3_simulations -- -j8 -l8
[0.038s] Invoked command in '/workspace/build/turtlebot3_simulations' returned '0': CMAKE_PREFIX_PATH=/workspace/install/turtlebot3_gazebo:/workspace/install/turtlebot3_description:/workspace/install/turtlebot3_simulations:/workspace/install/path_planner_server:/workspace/install/map_server:/workspace/install/localization_server:/workspace/install/cartographer_slam:/opt/ros/humble /usr/bin/cmake --build /workspace/build/turtlebot3_simulations -- -j8 -l8
[0.055s] Invoking command in '/workspace/build/turtlebot3_simulations': CMAKE_PREFIX_PATH=/workspace/install/turtlebot3_gazebo:/workspace/install/turtlebot3_description:/workspace/install/turtlebot3_simulations:/workspace/install/path_planner_server:/workspace/install/map_server:/workspace/install/localization_server:/workspace/install/cartographer_slam:/opt/ros/humble /usr/bin/cmake --install /workspace/build/turtlebot3_simulations
[0.061s] -- Install configuration: ""
[0.061s] -- Up-to-date: /workspace/install/turtlebot3_simulations/share/ament_index/resource_index/package_run_dependencies/turtlebot3_simulations
[0.061s] -- Up-to-date: /workspace/install/turtlebot3_simulations/share/ament_index/resource_index/parent_prefix_path/turtlebot3_simulations
[0.061s] -- Up-to-date: /workspace/install/turtlebot3_simulations/share/turtlebot3_simulations/environment/ament_prefix_path.sh
[0.061s] -- Up-to-date: /workspace/install/turtlebot3_simulations/share/turtlebot3_simulations/environment/ament_prefix_path.dsv
[0.061s] -- Up-to-date: /workspace/install/turtlebot3_simulations/share/turtlebot3_simulations/environment/path.sh
[0.061s] -- Up-to-date: /workspace/install/turtlebot3_simulations/share/turtlebot3_simulations/environment/path.dsv
[0.062s] -- Up-to-date: /workspace/install/turtlebot3_simulations/share/turtlebot3_simulations/local_setup.bash
[0.062s] -- Up-to-date: /workspace/install/turtlebot3_simulations/share/turtlebot3_simulations/local_setup.sh
[0.062s] -- Up-to-date: /workspace/install/turtlebot3_simulations/share/turtlebot3_simulations/local_setup.zsh
[0.062s] -- Up-to-date: /workspace/install/turtlebot3_simulations/share/turtlebot3_simulations/local_setup.dsv
[0.062s] -- Up-to-date: /workspace/install/turtlebot3_simulations/share/turtlebot3_simulations/package.dsv
[0.062s] -- Up-to-date: /workspace/install/turtlebot3_simulations/share/ament_index/resource_index/packages/turtlebot3_simulations
[0.062s] -- Up-to-date: /workspace/install/turtlebot3_simulations/share/turtlebot3_simulations/cmake/turtlebot3_simulationsConfig.cmake
[0.062s] -- Up-to-date: /workspace/install/turtlebot3_simulations/share/turtlebot3_simulations/cmake/turtlebot3_simulationsConfig-version.cmake
[0.062s] -- Up-to-date: /workspace/install/turtlebot3_simulations/share/turtlebot3_simulations/package.xml
[0.066s] Invoked command in '/workspace/build/turtlebot3_simulations' returned '0': CMAKE_PREFIX_PATH=/workspace/install/turtlebot3_gazebo:/workspace/install/turtlebot3_description:/workspace/install/turtlebot3_simulations:/workspace/install/path_planner_server:/workspace/install/map_server:/workspace/install/localization_server:/workspace/install/cartographer_slam:/opt/ros/humble /usr/bin/cmake --install /workspace/build/turtlebot3_simulations
