-- Found ament_cmake: 1.3.4 (/opt/ros/humble/share/ament_cmake/cmake)
-- Found urdf: 2.6.0 (/opt/ros/humble/share/urdf/cmake)
-- Configuring done
-- Generating done
-- Build files have been written to: /workspace/build/turtlebot3_description
-- Install configuration: ""
-- Up-to-date: /workspace/install/turtlebot3_description/share/turtlebot3_description/meshes
-- Installing: /workspace/install/turtlebot3_description/share/turtlebot3_description/meshes/VLP16_scan.stl
-- Up-to-date: /workspace/install/turtlebot3_description/share/turtlebot3_description/meshes/wheels
-- Installing: /workspace/install/turtlebot3_description/share/turtlebot3_description/meshes/wheels/right_tire.stl
-- Installing: /workspace/install/turtlebot3_description/share/turtlebot3_description/meshes/wheels/left_tire.stl
-- Installing: /workspace/install/turtlebot3_description/share/turtlebot3_description/meshes/VLP16_base_1.dae
-- Up-to-date: /workspace/install/turtlebot3_description/share/turtlebot3_description/meshes/sensors
-- Installing: /workspace/install/turtlebot3_description/share/turtlebot3_description/meshes/sensors/lds.stl
-- Installing: /workspace/install/turtlebot3_description/share/turtlebot3_description/meshes/sensors/r200.dae
-- Installing: /workspace/install/turtlebot3_description/share/turtlebot3_description/meshes/sensors/astra.dae
-- Installing: /workspace/install/turtlebot3_description/share/turtlebot3_description/meshes/sensors/r200.jpg
-- Installing: /workspace/install/turtlebot3_description/share/turtlebot3_description/meshes/sensors/astra.jpg
-- Installing: /workspace/install/turtlebot3_description/share/turtlebot3_description/meshes/VLP16_base_2.dae
-- Installing: /workspace/install/turtlebot3_description/share/turtlebot3_description/meshes/HDL32E_base.stl
-- Installing: /workspace/install/turtlebot3_description/share/turtlebot3_description/meshes/VLP16_base_1.stl
-- Installing: /workspace/install/turtlebot3_description/share/turtlebot3_description/meshes/HDL32E_scan.dae
-- Installing: /workspace/install/turtlebot3_description/share/turtlebot3_description/meshes/VLP16_scan.dae
-- Installing: /workspace/install/turtlebot3_description/share/turtlebot3_description/meshes/HDL32E_base.dae
-- Up-to-date: /workspace/install/turtlebot3_description/share/turtlebot3_description/meshes/bases
-- Installing: /workspace/install/turtlebot3_description/share/turtlebot3_description/meshes/bases/waffle_pi_base.stl
-- Installing: /workspace/install/turtlebot3_description/share/turtlebot3_description/meshes/bases/burger_base.stl
-- Installing: /workspace/install/turtlebot3_description/share/turtlebot3_description/meshes/bases/waffle_base.stl
-- Installing: /workspace/install/turtlebot3_description/share/turtlebot3_description/meshes/HDL32E_scan.stl
-- Installing: /workspace/install/turtlebot3_description/share/turtlebot3_description/meshes/VLP16_base_2.stl
-- Up-to-date: /workspace/install/turtlebot3_description/share/turtlebot3_description/rviz
-- Installing: /workspace/install/turtlebot3_description/share/turtlebot3_description/rviz/example.rviz
-- Installing: /workspace/install/turtlebot3_description/share/turtlebot3_description/rviz/model.rviz
-- Up-to-date: /workspace/install/turtlebot3_description/share/turtlebot3_description/urdf
-- Installing: /workspace/install/turtlebot3_description/share/turtlebot3_description/urdf/HDL-32E.urdf.xacro
-- Installing: /workspace/install/turtlebot3_description/share/turtlebot3_description/urdf/VLP-16.urdf.xacro
-- Installing: /workspace/install/turtlebot3_description/share/turtlebot3_description/urdf/turtlebot3_waffle_pi.urdf
-- Installing: /workspace/install/turtlebot3_description/share/turtlebot3_description/urdf/turtlebot3_velodyne_burger.urdf
-- Installing: /workspace/install/turtlebot3_description/share/turtlebot3_description/urdf/common_properties.urdf
-- Installing: /workspace/install/turtlebot3_description/share/turtlebot3_description/urdf/turtlebot3_waffle.urdf
-- Installing: /workspace/install/turtlebot3_description/share/turtlebot3_description/urdf/example.urdf.xacro
-- Installing: /workspace/install/turtlebot3_description/share/turtlebot3_description/urdf/turtlebot3_burger.urdf
-- Up-to-date: /workspace/install/turtlebot3_description/share/ament_index/resource_index/package_run_dependencies/turtlebot3_description
-- Installing: /workspace/install/turtlebot3_description/share/ament_index/resource_index/parent_prefix_path/turtlebot3_description
-- Up-to-date: /workspace/install/turtlebot3_description/share/turtlebot3_description/environment/ament_prefix_path.sh
-- Installing: /workspace/install/turtlebot3_description/share/turtlebot3_description/environment/ament_prefix_path.dsv
-- Up-to-date: /workspace/install/turtlebot3_description/share/turtlebot3_description/environment/path.sh
-- Installing: /workspace/install/turtlebot3_description/share/turtlebot3_description/environment/path.dsv
-- Up-to-date: /workspace/install/turtlebot3_description/share/turtlebot3_description/local_setup.bash
-- Up-to-date: /workspace/install/turtlebot3_description/share/turtlebot3_description/local_setup.sh
-- Up-to-date: /workspace/install/turtlebot3_description/share/turtlebot3_description/local_setup.zsh
-- Installing: /workspace/install/turtlebot3_description/share/turtlebot3_description/local_setup.dsv
-- Installing: /workspace/install/turtlebot3_description/share/turtlebot3_description/package.dsv
-- Up-to-date: /workspace/install/turtlebot3_description/share/ament_index/resource_index/packages/turtlebot3_description
-- Up-to-date: /workspace/install/turtlebot3_description/share/turtlebot3_description/cmake/turtlebot3_descriptionConfig.cmake
-- Up-to-date: /workspace/install/turtlebot3_description/share/turtlebot3_description/cmake/turtlebot3_descriptionConfig-version.cmake
-- Installing: /workspace/install/turtlebot3_description/share/turtlebot3_description/package.xml
