[0.031s] Invoking command in '/workspace/build/turtlebot3_description': CMAKE_PREFIX_PATH=/opt/ros/humble /usr/bin/cmake /workspace/src/turtlebot3_description -DCMAKE_INSTALL_PREFIX=/workspace/install/turtlebot3_description
[0.523s] -- The C compiler identification is GNU 11.3.0
[0.524s] -- The CXX compiler identification is GNU 11.3.0
[0.524s] -- Detecting C compiler ABI info
[0.524s] -- Detecting C compiler ABI info - done
[0.524s] -- Check for working C compiler: /usr/bin/cc - skipped
[0.524s] -- Detecting C compile features
[0.524s] -- Detecting C compile features - done
[0.524s] -- Detecting CXX compiler ABI info
[0.524s] -- Detecting CXX compiler ABI info - done
[0.524s] -- Check for working CXX compiler: /usr/bin/c++ - skipped
[0.524s] -- Detecting CXX compile features
[0.524s] -- Detecting CXX compile features - done
[0.524s] -- Found ament_cmake: 1.3.4 (/opt/ros/humble/share/ament_cmake/cmake)
[0.524s] -- Found Python3: /usr/bin/python3.10 (found version "3.10.6") found components: Interpreter 
[0.540s] -- Found urdf: 2.6.0 (/opt/ros/humble/share/urdf/cmake)
[0.640s] -- Configuring done
[0.643s] -- Generating done
[0.644s] -- Build files have been written to: /workspace/build/turtlebot3_description
[0.683s] Invoked command in '/workspace/build/turtlebot3_description' returned '0': CMAKE_PREFIX_PATH=/opt/ros/humble /usr/bin/cmake /workspace/src/turtlebot3_description -DCMAKE_INSTALL_PREFIX=/workspace/install/turtlebot3_description
[0.684s] Invoking command in '/workspace/build/turtlebot3_description': CMAKE_PREFIX_PATH=/opt/ros/humble /usr/bin/cmake --build /workspace/build/turtlebot3_description -- -j8 -l8
[0.710s] Invoked command in '/workspace/build/turtlebot3_description' returned '0': CMAKE_PREFIX_PATH=/opt/ros/humble /usr/bin/cmake --build /workspace/build/turtlebot3_description -- -j8 -l8
[0.732s] Invoking command in '/workspace/build/turtlebot3_description': CMAKE_PREFIX_PATH=/opt/ros/humble /usr/bin/cmake --install /workspace/build/turtlebot3_description
[0.737s] -- Install configuration: ""
[0.737s] -- Installing: /workspace/install/turtlebot3_description/share/turtlebot3_description/meshes
[0.737s] -- Installing: /workspace/install/turtlebot3_description/share/turtlebot3_description/meshes/VLP16_scan.stl
[0.737s] -- Installing: /workspace/install/turtlebot3_description/share/turtlebot3_description/meshes/wheels
[0.737s] -- Installing: /workspace/install/turtlebot3_description/share/turtlebot3_description/meshes/wheels/right_tire.stl
[0.738s] -- Installing: /workspace/install/turtlebot3_description/share/turtlebot3_description/meshes/wheels/left_tire.stl
[0.739s] -- Installing: /workspace/install/turtlebot3_description/share/turtlebot3_description/meshes/VLP16_base_1.dae
[0.739s] -- Installing: /workspace/install/turtlebot3_description/share/turtlebot3_description/meshes/sensors
[0.739s] -- Installing: /workspace/install/turtlebot3_description/share/turtlebot3_description/meshes/sensors/lds.stl
[0.739s] -- Installing: /workspace/install/turtlebot3_description/share/turtlebot3_description/meshes/sensors/r200.dae
[0.740s] -- Installing: /workspace/install/turtlebot3_description/share/turtlebot3_description/meshes/sensors/astra.dae
[0.745s] -- Installing: /workspace/install/turtlebot3_description/share/turtlebot3_description/meshes/sensors/r200.jpg
[0.745s] -- Installing: /workspace/install/turtlebot3_description/share/turtlebot3_description/meshes/sensors/astra.jpg
[0.745s] -- Installing: /workspace/install/turtlebot3_description/share/turtlebot3_description/meshes/VLP16_base_2.dae
[0.745s] -- Installing: /workspace/install/turtlebot3_description/share/turtlebot3_description/meshes/HDL32E_base.stl
[0.745s] -- Installing: /workspace/install/turtlebot3_description/share/turtlebot3_description/meshes/VLP16_base_1.stl
[0.745s] -- Installing: /workspace/install/turtlebot3_description/share/turtlebot3_description/meshes/HDL32E_scan.dae
[0.745s] -- Installing: /workspace/install/turtlebot3_description/share/turtlebot3_description/meshes/VLP16_scan.dae
[0.746s] -- Installing: /workspace/install/turtlebot3_description/share/turtlebot3_description/meshes/HDL32E_base.dae
[0.746s] -- Installing: /workspace/install/turtlebot3_description/share/turtlebot3_description/meshes/bases
[0.746s] -- Installing: /workspace/install/turtlebot3_description/share/turtlebot3_description/meshes/bases/waffle_pi_base.stl
[0.750s] -- Installing: /workspace/install/turtlebot3_description/share/turtlebot3_description/meshes/bases/burger_base.stl
[0.753s] -- Installing: /workspace/install/turtlebot3_description/share/turtlebot3_description/meshes/bases/waffle_base.stl
[0.761s] -- Installing: /workspace/install/turtlebot3_description/share/turtlebot3_description/meshes/HDL32E_scan.stl
[0.761s] -- Installing: /workspace/install/turtlebot3_description/share/turtlebot3_description/meshes/VLP16_base_2.stl
[0.761s] -- Installing: /workspace/install/turtlebot3_description/share/turtlebot3_description/rviz
[0.761s] -- Installing: /workspace/install/turtlebot3_description/share/turtlebot3_description/rviz/example.rviz
[0.762s] -- Installing: /workspace/install/turtlebot3_description/share/turtlebot3_description/rviz/model.rviz
[0.762s] -- Installing: /workspace/install/turtlebot3_description/share/turtlebot3_description/urdf
[0.762s] -- Installing: /workspace/install/turtlebot3_description/share/turtlebot3_description/urdf/HDL-32E.urdf.xacro
[0.762s] -- Installing: /workspace/install/turtlebot3_description/share/turtlebot3_description/urdf/VLP-16.urdf.xacro
[0.762s] -- Installing: /workspace/install/turtlebot3_description/share/turtlebot3_description/urdf/turtlebot3_waffle_pi.urdf
[0.762s] -- Installing: /workspace/install/turtlebot3_description/share/turtlebot3_description/urdf/turtlebot3_velodyne_burger.urdf
[0.762s] -- Installing: /workspace/install/turtlebot3_description/share/turtlebot3_description/urdf/common_properties.urdf
[0.762s] -- Installing: /workspace/install/turtlebot3_description/share/turtlebot3_description/urdf/turtlebot3_waffle.urdf
[0.762s] -- Installing: /workspace/install/turtlebot3_description/share/turtlebot3_description/urdf/example.urdf.xacro
[0.762s] -- Installing: /workspace/install/turtlebot3_description/share/turtlebot3_description/urdf/turtlebot3_burger.urdf
[0.762s] -- Installing: /workspace/install/turtlebot3_description/share/ament_index/resource_index/package_run_dependencies/turtlebot3_description
[0.763s] -- Installing: /workspace/install/turtlebot3_description/share/ament_index/resource_index/parent_prefix_path/turtlebot3_description
[0.763s] -- Installing: /workspace/install/turtlebot3_description/share/turtlebot3_description/environment/ament_prefix_path.sh
[0.763s] -- Installing: /workspace/install/turtlebot3_description/share/turtlebot3_description/environment/ament_prefix_path.dsv
[0.763s] -- Installing: /workspace/install/turtlebot3_description/share/turtlebot3_description/environment/path.sh
[0.763s] -- Installing: /workspace/install/turtlebot3_description/share/turtlebot3_description/environment/path.dsv
[0.763s] -- Installing: /workspace/install/turtlebot3_description/share/turtlebot3_description/local_setup.bash
[0.763s] -- Installing: /workspace/install/turtlebot3_description/share/turtlebot3_description/local_setup.sh
[0.763s] -- Installing: /workspace/install/turtlebot3_description/share/turtlebot3_description/local_setup.zsh
[0.763s] -- Installing: /workspace/install/turtlebot3_description/share/turtlebot3_description/local_setup.dsv
[0.763s] -- Installing: /workspace/install/turtlebot3_description/share/turtlebot3_description/package.dsv
[0.764s] -- Installing: /workspace/install/turtlebot3_description/share/ament_index/resource_index/packages/turtlebot3_description
[0.764s] -- Installing: /workspace/install/turtlebot3_description/share/turtlebot3_description/cmake/turtlebot3_descriptionConfig.cmake
[0.764s] -- Installing: /workspace/install/turtlebot3_description/share/turtlebot3_description/cmake/turtlebot3_descriptionConfig-version.cmake
[0.764s] -- Installing: /workspace/install/turtlebot3_description/share/turtlebot3_description/package.xml
[0.766s] Invoked command in '/workspace/build/turtlebot3_description' returned '0': CMAKE_PREFIX_PATH=/opt/ros/humble /usr/bin/cmake --install /workspace/build/turtlebot3_description
