[0.294s] DEBUG:colcon:Command line arguments: ['/usr/bin/colcon', 'build']
[0.294s] DEBUG:colcon:Parsed command line arguments: Namespace(log_base=None, log_level=None, verb_name='build', build_base='build', install_base='install', merge_install=False, symlink_install=False, test_result_base=None, continue_on_error=False, executor='parallel', parallel_workers=8, event_handlers=None, ignore_user_meta=False, metas=['./colcon.meta'], base_paths=['.'], packages_ignore=None, packages_ignore_regex=None, paths=None, packages_up_to=None, packages_up_to_regex=None, packages_above=None, packages_above_and_dependencies=None, packages_above_depth=None, packages_select_by_dep=None, packages_skip_by_dep=None, packages_skip_up_to=None, packages_select_build_failed=False, packages_skip_build_finished=False, packages_select_test_failures=False, packages_skip_test_passed=False, packages_select=None, packages_skip=None, packages_select_regex=None, packages_skip_regex=None, packages_start=None, packages_end=None, cmake_args=None, cmake_target=None, cmake_target_skip_unavailable=False, cmake_clean_cache=False, cmake_clean_first=False, cmake_force_configure=False, ament_cmake_args=None, catkin_cmake_args=None, catkin_skip_building_tests=False, mixin_files=None, mixin=None, verb_parser=<colcon_mixin.mixin.mixin_argument.MixinArgumentDecorator object at 0x7bd4683d3190>, verb_extension=<colcon_core.verb.build.BuildVerb object at 0x7bd4683d2b00>, main=<bound method BuildVerb.main of <colcon_core.verb.build.BuildVerb object at 0x7bd4683d2b00>>, mixin_verb=('build',))
[0.335s] Level 1:colcon.colcon_core.package_discovery:discover_packages(colcon_meta) check parameters
[0.336s] INFO:colcon.colcon_metadata.package_discovery.colcon_meta:Using configuration from '/root/.colcon/metadata/default/Gazebo.meta'
[0.337s] INFO:colcon.colcon_metadata.package_discovery.colcon_meta:Using configuration from '/root/.colcon/metadata/default/fastrtps.meta'
[0.337s] Level 1:colcon.colcon_core.package_discovery:discover_packages(recursive) check parameters
[0.337s] Level 1:colcon.colcon_core.package_discovery:discover_packages(ignore) check parameters
[0.337s] Level 1:colcon.colcon_core.package_discovery:discover_packages(path) check parameters
[0.337s] Level 1:colcon.colcon_core.package_discovery:discover_packages(colcon_meta) discover
[0.337s] Level 1:colcon.colcon_core.package_discovery:discover_packages(recursive) discover
[0.337s] INFO:colcon.colcon_core.package_discovery:Crawling recursively for packages in '/workspace'
[0.337s] Level 1:colcon.colcon_core.package_identification:_identify(.) by extensions ['ignore', 'ignore_ament_install']
[0.337s] Level 1:colcon.colcon_core.package_identification:_identify(.) by extension 'ignore'
[0.337s] Level 1:colcon.colcon_core.package_identification:_identify(.) by extension 'ignore_ament_install'
[0.337s] Level 1:colcon.colcon_core.package_identification:_identify(.) by extensions ['colcon_pkg']
[0.337s] Level 1:colcon.colcon_core.package_identification:_identify(.) by extension 'colcon_pkg'
[0.337s] Level 1:colcon.colcon_core.package_identification:_identify(.) by extensions ['colcon_meta']
[0.337s] Level 1:colcon.colcon_core.package_identification:_identify(.) by extension 'colcon_meta'
[0.337s] Level 1:colcon.colcon_core.package_identification:_identify(.) by extensions ['ros']
[0.337s] Level 1:colcon.colcon_core.package_identification:_identify(.) by extension 'ros'
[0.347s] Level 1:colcon.colcon_core.package_identification:_identify(.) by extensions ['cmake', 'python']
[0.347s] Level 1:colcon.colcon_core.package_identification:_identify(.) by extension 'cmake'
[0.347s] Level 1:colcon.colcon_core.package_identification:_identify(.) by extension 'python'
[0.347s] Level 1:colcon.colcon_core.package_identification:_identify(.) by extensions ['python_setup_py']
[0.347s] Level 1:colcon.colcon_core.package_identification:_identify(.) by extension 'python_setup_py'
[0.347s] Level 1:colcon.colcon_core.package_identification:_identify(build) by extensions ['ignore', 'ignore_ament_install']
[0.347s] Level 1:colcon.colcon_core.package_identification:_identify(build) by extension 'ignore'
[0.347s] Level 1:colcon.colcon_core.package_identification:_identify(build) ignored
[0.347s] Level 1:colcon.colcon_core.package_identification:_identify(docker) by extensions ['ignore', 'ignore_ament_install']
[0.347s] Level 1:colcon.colcon_core.package_identification:_identify(docker) by extension 'ignore'
[0.347s] Level 1:colcon.colcon_core.package_identification:_identify(docker) by extension 'ignore_ament_install'
[0.347s] Level 1:colcon.colcon_core.package_identification:_identify(docker) by extensions ['colcon_pkg']
[0.347s] Level 1:colcon.colcon_core.package_identification:_identify(docker) by extension 'colcon_pkg'
[0.347s] Level 1:colcon.colcon_core.package_identification:_identify(docker) by extensions ['colcon_meta']
[0.347s] Level 1:colcon.colcon_core.package_identification:_identify(docker) by extension 'colcon_meta'
[0.347s] Level 1:colcon.colcon_core.package_identification:_identify(docker) by extensions ['ros']
[0.347s] Level 1:colcon.colcon_core.package_identification:_identify(docker) by extension 'ros'
[0.347s] Level 1:colcon.colcon_core.package_identification:_identify(docker) by extensions ['cmake', 'python']
[0.347s] Level 1:colcon.colcon_core.package_identification:_identify(docker) by extension 'cmake'
[0.347s] Level 1:colcon.colcon_core.package_identification:_identify(docker) by extension 'python'
[0.348s] Level 1:colcon.colcon_core.package_identification:_identify(docker) by extensions ['python_setup_py']
[0.348s] Level 1:colcon.colcon_core.package_identification:_identify(docker) by extension 'python_setup_py'
[0.348s] Level 1:colcon.colcon_core.package_identification:_identify(install) by extensions ['ignore', 'ignore_ament_install']
[0.348s] Level 1:colcon.colcon_core.package_identification:_identify(install) by extension 'ignore'
[0.348s] Level 1:colcon.colcon_core.package_identification:_identify(install) ignored
[0.348s] Level 1:colcon.colcon_core.package_identification:_identify(log) by extensions ['ignore', 'ignore_ament_install']
[0.348s] Level 1:colcon.colcon_core.package_identification:_identify(log) by extension 'ignore'
[0.348s] Level 1:colcon.colcon_core.package_identification:_identify(log) ignored
[0.348s] Level 1:colcon.colcon_core.package_identification:_identify(src) by extensions ['ignore', 'ignore_ament_install']
[0.348s] Level 1:colcon.colcon_core.package_identification:_identify(src) by extension 'ignore'
[0.348s] Level 1:colcon.colcon_core.package_identification:_identify(src) by extension 'ignore_ament_install'
[0.348s] Level 1:colcon.colcon_core.package_identification:_identify(src) by extensions ['colcon_pkg']
[0.348s] Level 1:colcon.colcon_core.package_identification:_identify(src) by extension 'colcon_pkg'
[0.348s] Level 1:colcon.colcon_core.package_identification:_identify(src) by extensions ['colcon_meta']
[0.348s] Level 1:colcon.colcon_core.package_identification:_identify(src) by extension 'colcon_meta'
[0.348s] Level 1:colcon.colcon_core.package_identification:_identify(src) by extensions ['ros']
[0.348s] Level 1:colcon.colcon_core.package_identification:_identify(src) by extension 'ros'
[0.348s] Level 1:colcon.colcon_core.package_identification:_identify(src) by extensions ['cmake', 'python']
[0.348s] Level 1:colcon.colcon_core.package_identification:_identify(src) by extension 'cmake'
[0.348s] Level 1:colcon.colcon_core.package_identification:_identify(src) by extension 'python'
[0.348s] Level 1:colcon.colcon_core.package_identification:_identify(src) by extensions ['python_setup_py']
[0.348s] Level 1:colcon.colcon_core.package_identification:_identify(src) by extension 'python_setup_py'
[0.348s] Level 1:colcon.colcon_core.package_identification:_identify(src/cartographer_slam) by extensions ['ignore', 'ignore_ament_install']
[0.348s] Level 1:colcon.colcon_core.package_identification:_identify(src/cartographer_slam) by extension 'ignore'
[0.348s] Level 1:colcon.colcon_core.package_identification:_identify(src/cartographer_slam) by extension 'ignore_ament_install'
[0.348s] Level 1:colcon.colcon_core.package_identification:_identify(src/cartographer_slam) by extensions ['colcon_pkg']
[0.348s] Level 1:colcon.colcon_core.package_identification:_identify(src/cartographer_slam) by extension 'colcon_pkg'
[0.348s] Level 1:colcon.colcon_core.package_identification:_identify(src/cartographer_slam) by extensions ['colcon_meta']
[0.348s] Level 1:colcon.colcon_core.package_identification:_identify(src/cartographer_slam) by extension 'colcon_meta'
[0.348s] Level 1:colcon.colcon_core.package_identification:_identify(src/cartographer_slam) by extensions ['ros']
[0.348s] Level 1:colcon.colcon_core.package_identification:_identify(src/cartographer_slam) by extension 'ros'
[0.350s] DEBUG:colcon.colcon_core.package_identification:Package 'src/cartographer_slam' with type 'ros.ament_python' and name 'cartographer_slam'
[0.350s] Level 1:colcon.colcon_core.package_identification:_identify(src/localization_server) by extensions ['ignore', 'ignore_ament_install']
[0.351s] Level 1:colcon.colcon_core.package_identification:_identify(src/localization_server) by extension 'ignore'
[0.351s] Level 1:colcon.colcon_core.package_identification:_identify(src/localization_server) by extension 'ignore_ament_install'
[0.351s] Level 1:colcon.colcon_core.package_identification:_identify(src/localization_server) by extensions ['colcon_pkg']
[0.351s] Level 1:colcon.colcon_core.package_identification:_identify(src/localization_server) by extension 'colcon_pkg'
[0.351s] Level 1:colcon.colcon_core.package_identification:_identify(src/localization_server) by extensions ['colcon_meta']
[0.351s] Level 1:colcon.colcon_core.package_identification:_identify(src/localization_server) by extension 'colcon_meta'
[0.351s] Level 1:colcon.colcon_core.package_identification:_identify(src/localization_server) by extensions ['ros']
[0.351s] Level 1:colcon.colcon_core.package_identification:_identify(src/localization_server) by extension 'ros'
[0.351s] DEBUG:colcon.colcon_core.package_identification:Package 'src/localization_server' with type 'ros.ament_python' and name 'localization_server'
[0.351s] Level 1:colcon.colcon_core.package_identification:_identify(src/map_server) by extensions ['ignore', 'ignore_ament_install']
[0.351s] Level 1:colcon.colcon_core.package_identification:_identify(src/map_server) by extension 'ignore'
[0.351s] Level 1:colcon.colcon_core.package_identification:_identify(src/map_server) by extension 'ignore_ament_install'
[0.351s] Level 1:colcon.colcon_core.package_identification:_identify(src/map_server) by extensions ['colcon_pkg']
[0.351s] Level 1:colcon.colcon_core.package_identification:_identify(src/map_server) by extension 'colcon_pkg'
[0.351s] Level 1:colcon.colcon_core.package_identification:_identify(src/map_server) by extensions ['colcon_meta']
[0.351s] Level 1:colcon.colcon_core.package_identification:_identify(src/map_server) by extension 'colcon_meta'
[0.351s] Level 1:colcon.colcon_core.package_identification:_identify(src/map_server) by extensions ['ros']
[0.351s] Level 1:colcon.colcon_core.package_identification:_identify(src/map_server) by extension 'ros'
[0.351s] DEBUG:colcon.colcon_core.package_identification:Package 'src/map_server' with type 'ros.ament_python' and name 'map_server'
[0.352s] Level 1:colcon.colcon_core.package_identification:_identify(src/path_planner_server) by extensions ['ignore', 'ignore_ament_install']
[0.352s] Level 1:colcon.colcon_core.package_identification:_identify(src/path_planner_server) by extension 'ignore'
[0.352s] Level 1:colcon.colcon_core.package_identification:_identify(src/path_planner_server) by extension 'ignore_ament_install'
[0.352s] Level 1:colcon.colcon_core.package_identification:_identify(src/path_planner_server) by extensions ['colcon_pkg']
[0.352s] Level 1:colcon.colcon_core.package_identification:_identify(src/path_planner_server) by extension 'colcon_pkg'
[0.352s] Level 1:colcon.colcon_core.package_identification:_identify(src/path_planner_server) by extensions ['colcon_meta']
[0.352s] Level 1:colcon.colcon_core.package_identification:_identify(src/path_planner_server) by extension 'colcon_meta'
[0.352s] Level 1:colcon.colcon_core.package_identification:_identify(src/path_planner_server) by extensions ['ros']
[0.352s] Level 1:colcon.colcon_core.package_identification:_identify(src/path_planner_server) by extension 'ros'
[0.352s] DEBUG:colcon.colcon_core.package_identification:Package 'src/path_planner_server' with type 'ros.ament_python' and name 'path_planner_server'
[0.352s] Level 1:colcon.colcon_core.package_identification:_identify(src/turtlebot3_description) by extensions ['ignore', 'ignore_ament_install']
[0.352s] Level 1:colcon.colcon_core.package_identification:_identify(src/turtlebot3_description) by extension 'ignore'
[0.352s] Level 1:colcon.colcon_core.package_identification:_identify(src/turtlebot3_description) by extension 'ignore_ament_install'
[0.352s] Level 1:colcon.colcon_core.package_identification:_identify(src/turtlebot3_description) by extensions ['colcon_pkg']
[0.352s] Level 1:colcon.colcon_core.package_identification:_identify(src/turtlebot3_description) by extension 'colcon_pkg'
[0.352s] Level 1:colcon.colcon_core.package_identification:_identify(src/turtlebot3_description) by extensions ['colcon_meta']
[0.352s] Level 1:colcon.colcon_core.package_identification:_identify(src/turtlebot3_description) by extension 'colcon_meta'
[0.352s] Level 1:colcon.colcon_core.package_identification:_identify(src/turtlebot3_description) by extensions ['ros']
[0.352s] Level 1:colcon.colcon_core.package_identification:_identify(src/turtlebot3_description) by extension 'ros'
[0.353s] DEBUG:colcon.colcon_core.package_identification:Package 'src/turtlebot3_description' with type 'ros.ament_cmake' and name 'turtlebot3_description'
[0.353s] Level 1:colcon.colcon_core.package_identification:_identify(src/turtlebot3_simulations) by extensions ['ignore', 'ignore_ament_install']
[0.353s] Level 1:colcon.colcon_core.package_identification:_identify(src/turtlebot3_simulations) by extension 'ignore'
[0.353s] Level 1:colcon.colcon_core.package_identification:_identify(src/turtlebot3_simulations) by extension 'ignore_ament_install'
[0.353s] Level 1:colcon.colcon_core.package_identification:_identify(src/turtlebot3_simulations) by extensions ['colcon_pkg']
[0.353s] Level 1:colcon.colcon_core.package_identification:_identify(src/turtlebot3_simulations) by extension 'colcon_pkg'
[0.353s] Level 1:colcon.colcon_core.package_identification:_identify(src/turtlebot3_simulations) by extensions ['colcon_meta']
[0.353s] Level 1:colcon.colcon_core.package_identification:_identify(src/turtlebot3_simulations) by extension 'colcon_meta'
[0.353s] Level 1:colcon.colcon_core.package_identification:_identify(src/turtlebot3_simulations) by extensions ['ros']
[0.353s] Level 1:colcon.colcon_core.package_identification:_identify(src/turtlebot3_simulations) by extension 'ros'
[0.353s] Level 1:colcon.colcon_core.package_identification:_identify(src/turtlebot3_simulations) by extensions ['cmake', 'python']
[0.353s] Level 1:colcon.colcon_core.package_identification:_identify(src/turtlebot3_simulations) by extension 'cmake'
[0.353s] Level 1:colcon.colcon_core.package_identification:_identify(src/turtlebot3_simulations) by extension 'python'
[0.353s] Level 1:colcon.colcon_core.package_identification:_identify(src/turtlebot3_simulations) by extensions ['python_setup_py']
[0.353s] Level 1:colcon.colcon_core.package_identification:_identify(src/turtlebot3_simulations) by extension 'python_setup_py'
[0.353s] Level 1:colcon.colcon_core.package_identification:_identify(src/turtlebot3_simulations/turtlebot3_gazebo) by extensions ['ignore', 'ignore_ament_install']
[0.353s] Level 1:colcon.colcon_core.package_identification:_identify(src/turtlebot3_simulations/turtlebot3_gazebo) by extension 'ignore'
[0.353s] Level 1:colcon.colcon_core.package_identification:_identify(src/turtlebot3_simulations/turtlebot3_gazebo) by extension 'ignore_ament_install'
[0.353s] Level 1:colcon.colcon_core.package_identification:_identify(src/turtlebot3_simulations/turtlebot3_gazebo) by extensions ['colcon_pkg']
[0.353s] Level 1:colcon.colcon_core.package_identification:_identify(src/turtlebot3_simulations/turtlebot3_gazebo) by extension 'colcon_pkg'
[0.353s] Level 1:colcon.colcon_core.package_identification:_identify(src/turtlebot3_simulations/turtlebot3_gazebo) by extensions ['colcon_meta']
[0.353s] Level 1:colcon.colcon_core.package_identification:_identify(src/turtlebot3_simulations/turtlebot3_gazebo) by extension 'colcon_meta'
[0.353s] Level 1:colcon.colcon_core.package_identification:_identify(src/turtlebot3_simulations/turtlebot3_gazebo) by extensions ['ros']
[0.353s] Level 1:colcon.colcon_core.package_identification:_identify(src/turtlebot3_simulations/turtlebot3_gazebo) by extension 'ros'
[0.354s] DEBUG:colcon.colcon_core.package_identification:Package 'src/turtlebot3_simulations/turtlebot3_gazebo' with type 'ros.ament_cmake' and name 'turtlebot3_gazebo'
[0.354s] Level 1:colcon.colcon_core.package_identification:_identify(src/turtlebot3_simulations/turtlebot3_simulations) by extensions ['ignore', 'ignore_ament_install']
[0.354s] Level 1:colcon.colcon_core.package_identification:_identify(src/turtlebot3_simulations/turtlebot3_simulations) by extension 'ignore'
[0.354s] Level 1:colcon.colcon_core.package_identification:_identify(src/turtlebot3_simulations/turtlebot3_simulations) by extension 'ignore_ament_install'
[0.354s] Level 1:colcon.colcon_core.package_identification:_identify(src/turtlebot3_simulations/turtlebot3_simulations) by extensions ['colcon_pkg']
[0.354s] Level 1:colcon.colcon_core.package_identification:_identify(src/turtlebot3_simulations/turtlebot3_simulations) by extension 'colcon_pkg'
[0.354s] Level 1:colcon.colcon_core.package_identification:_identify(src/turtlebot3_simulations/turtlebot3_simulations) by extensions ['colcon_meta']
[0.354s] Level 1:colcon.colcon_core.package_identification:_identify(src/turtlebot3_simulations/turtlebot3_simulations) by extension 'colcon_meta'
[0.354s] Level 1:colcon.colcon_core.package_identification:_identify(src/turtlebot3_simulations/turtlebot3_simulations) by extensions ['ros']
[0.354s] Level 1:colcon.colcon_core.package_identification:_identify(src/turtlebot3_simulations/turtlebot3_simulations) by extension 'ros'
[0.354s] DEBUG:colcon.colcon_core.package_identification:Package 'src/turtlebot3_simulations/turtlebot3_simulations' with type 'ros.ament_cmake' and name 'turtlebot3_simulations'
[0.354s] Level 1:colcon.colcon_core.package_discovery:discover_packages(recursive) using defaults
[0.354s] Level 1:colcon.colcon_core.package_discovery:discover_packages(ignore) discover
[0.354s] Level 1:colcon.colcon_core.package_discovery:discover_packages(ignore) using defaults
[0.354s] Level 1:colcon.colcon_core.package_discovery:discover_packages(path) discover
[0.354s] Level 1:colcon.colcon_core.package_discovery:discover_packages(path) using defaults
[0.373s] Level 5:colcon.colcon_core.verb:set package 'cartographer_slam' build argument 'cmake_args' from command line to 'None'
[0.373s] Level 5:colcon.colcon_core.verb:set package 'cartographer_slam' build argument 'cmake_target' from command line to 'None'
[0.373s] Level 5:colcon.colcon_core.verb:set package 'cartographer_slam' build argument 'cmake_target_skip_unavailable' from command line to 'False'
[0.373s] Level 5:colcon.colcon_core.verb:set package 'cartographer_slam' build argument 'cmake_clean_cache' from command line to 'False'
[0.373s] Level 5:colcon.colcon_core.verb:set package 'cartographer_slam' build argument 'cmake_clean_first' from command line to 'False'
[0.373s] Level 5:colcon.colcon_core.verb:set package 'cartographer_slam' build argument 'cmake_force_configure' from command line to 'False'
[0.373s] Level 5:colcon.colcon_core.verb:set package 'cartographer_slam' build argument 'ament_cmake_args' from command line to 'None'
[0.373s] Level 5:colcon.colcon_core.verb:set package 'cartographer_slam' build argument 'catkin_cmake_args' from command line to 'None'
[0.373s] Level 5:colcon.colcon_core.verb:set package 'cartographer_slam' build argument 'catkin_skip_building_tests' from command line to 'False'
[0.373s] DEBUG:colcon.colcon_core.verb:Building package 'cartographer_slam' with the following arguments: {'ament_cmake_args': None, 'build_base': '/workspace/build/cartographer_slam', 'catkin_cmake_args': None, 'catkin_skip_building_tests': False, 'cmake_args': None, 'cmake_clean_cache': False, 'cmake_clean_first': False, 'cmake_force_configure': False, 'cmake_target': None, 'cmake_target_skip_unavailable': False, 'install_base': '/workspace/install/cartographer_slam', 'merge_install': False, 'path': '/workspace/src/cartographer_slam', 'symlink_install': False, 'test_result_base': None}
[0.374s] Level 5:colcon.colcon_core.verb:set package 'localization_server' build argument 'cmake_args' from command line to 'None'
[0.374s] Level 5:colcon.colcon_core.verb:set package 'localization_server' build argument 'cmake_target' from command line to 'None'
[0.374s] Level 5:colcon.colcon_core.verb:set package 'localization_server' build argument 'cmake_target_skip_unavailable' from command line to 'False'
[0.374s] Level 5:colcon.colcon_core.verb:set package 'localization_server' build argument 'cmake_clean_cache' from command line to 'False'
[0.374s] Level 5:colcon.colcon_core.verb:set package 'localization_server' build argument 'cmake_clean_first' from command line to 'False'
[0.374s] Level 5:colcon.colcon_core.verb:set package 'localization_server' build argument 'cmake_force_configure' from command line to 'False'
[0.374s] Level 5:colcon.colcon_core.verb:set package 'localization_server' build argument 'ament_cmake_args' from command line to 'None'
[0.374s] Level 5:colcon.colcon_core.verb:set package 'localization_server' build argument 'catkin_cmake_args' from command line to 'None'
[0.374s] Level 5:colcon.colcon_core.verb:set package 'localization_server' build argument 'catkin_skip_building_tests' from command line to 'False'
[0.374s] DEBUG:colcon.colcon_core.verb:Building package 'localization_server' with the following arguments: {'ament_cmake_args': None, 'build_base': '/workspace/build/localization_server', 'catkin_cmake_args': None, 'catkin_skip_building_tests': False, 'cmake_args': None, 'cmake_clean_cache': False, 'cmake_clean_first': False, 'cmake_force_configure': False, 'cmake_target': None, 'cmake_target_skip_unavailable': False, 'install_base': '/workspace/install/localization_server', 'merge_install': False, 'path': '/workspace/src/localization_server', 'symlink_install': False, 'test_result_base': None}
[0.375s] Level 5:colcon.colcon_core.verb:set package 'map_server' build argument 'cmake_args' from command line to 'None'
[0.375s] Level 5:colcon.colcon_core.verb:set package 'map_server' build argument 'cmake_target' from command line to 'None'
[0.375s] Level 5:colcon.colcon_core.verb:set package 'map_server' build argument 'cmake_target_skip_unavailable' from command line to 'False'
[0.375s] Level 5:colcon.colcon_core.verb:set package 'map_server' build argument 'cmake_clean_cache' from command line to 'False'
[0.375s] Level 5:colcon.colcon_core.verb:set package 'map_server' build argument 'cmake_clean_first' from command line to 'False'
[0.375s] Level 5:colcon.colcon_core.verb:set package 'map_server' build argument 'cmake_force_configure' from command line to 'False'
[0.375s] Level 5:colcon.colcon_core.verb:set package 'map_server' build argument 'ament_cmake_args' from command line to 'None'
[0.375s] Level 5:colcon.colcon_core.verb:set package 'map_server' build argument 'catkin_cmake_args' from command line to 'None'
[0.375s] Level 5:colcon.colcon_core.verb:set package 'map_server' build argument 'catkin_skip_building_tests' from command line to 'False'
[0.375s] DEBUG:colcon.colcon_core.verb:Building package 'map_server' with the following arguments: {'ament_cmake_args': None, 'build_base': '/workspace/build/map_server', 'catkin_cmake_args': None, 'catkin_skip_building_tests': False, 'cmake_args': None, 'cmake_clean_cache': False, 'cmake_clean_first': False, 'cmake_force_configure': False, 'cmake_target': None, 'cmake_target_skip_unavailable': False, 'install_base': '/workspace/install/map_server', 'merge_install': False, 'path': '/workspace/src/map_server', 'symlink_install': False, 'test_result_base': None}
[0.375s] Level 5:colcon.colcon_core.verb:set package 'path_planner_server' build argument 'cmake_args' from command line to 'None'
[0.375s] Level 5:colcon.colcon_core.verb:set package 'path_planner_server' build argument 'cmake_target' from command line to 'None'
[0.375s] Level 5:colcon.colcon_core.verb:set package 'path_planner_server' build argument 'cmake_target_skip_unavailable' from command line to 'False'
[0.375s] Level 5:colcon.colcon_core.verb:set package 'path_planner_server' build argument 'cmake_clean_cache' from command line to 'False'
[0.375s] Level 5:colcon.colcon_core.verb:set package 'path_planner_server' build argument 'cmake_clean_first' from command line to 'False'
[0.375s] Level 5:colcon.colcon_core.verb:set package 'path_planner_server' build argument 'cmake_force_configure' from command line to 'False'
[0.375s] Level 5:colcon.colcon_core.verb:set package 'path_planner_server' build argument 'ament_cmake_args' from command line to 'None'
[0.375s] Level 5:colcon.colcon_core.verb:set package 'path_planner_server' build argument 'catkin_cmake_args' from command line to 'None'
[0.375s] Level 5:colcon.colcon_core.verb:set package 'path_planner_server' build argument 'catkin_skip_building_tests' from command line to 'False'
[0.375s] DEBUG:colcon.colcon_core.verb:Building package 'path_planner_server' with the following arguments: {'ament_cmake_args': None, 'build_base': '/workspace/build/path_planner_server', 'catkin_cmake_args': None, 'catkin_skip_building_tests': False, 'cmake_args': None, 'cmake_clean_cache': False, 'cmake_clean_first': False, 'cmake_force_configure': False, 'cmake_target': None, 'cmake_target_skip_unavailable': False, 'install_base': '/workspace/install/path_planner_server', 'merge_install': False, 'path': '/workspace/src/path_planner_server', 'symlink_install': False, 'test_result_base': None}
[0.376s] Level 5:colcon.colcon_core.verb:set package 'turtlebot3_description' build argument 'cmake_args' from command line to 'None'
[0.376s] Level 5:colcon.colcon_core.verb:set package 'turtlebot3_description' build argument 'cmake_target' from command line to 'None'
[0.376s] Level 5:colcon.colcon_core.verb:set package 'turtlebot3_description' build argument 'cmake_target_skip_unavailable' from command line to 'False'
[0.376s] Level 5:colcon.colcon_core.verb:set package 'turtlebot3_description' build argument 'cmake_clean_cache' from command line to 'False'
[0.376s] Level 5:colcon.colcon_core.verb:set package 'turtlebot3_description' build argument 'cmake_clean_first' from command line to 'False'
[0.376s] Level 5:colcon.colcon_core.verb:set package 'turtlebot3_description' build argument 'cmake_force_configure' from command line to 'False'
[0.376s] Level 5:colcon.colcon_core.verb:set package 'turtlebot3_description' build argument 'ament_cmake_args' from command line to 'None'
[0.376s] Level 5:colcon.colcon_core.verb:set package 'turtlebot3_description' build argument 'catkin_cmake_args' from command line to 'None'
[0.376s] Level 5:colcon.colcon_core.verb:set package 'turtlebot3_description' build argument 'catkin_skip_building_tests' from command line to 'False'
[0.376s] DEBUG:colcon.colcon_core.verb:Building package 'turtlebot3_description' with the following arguments: {'ament_cmake_args': None, 'build_base': '/workspace/build/turtlebot3_description', 'catkin_cmake_args': None, 'catkin_skip_building_tests': False, 'cmake_args': None, 'cmake_clean_cache': False, 'cmake_clean_first': False, 'cmake_force_configure': False, 'cmake_target': None, 'cmake_target_skip_unavailable': False, 'install_base': '/workspace/install/turtlebot3_description', 'merge_install': False, 'path': '/workspace/src/turtlebot3_description', 'symlink_install': False, 'test_result_base': None}
[0.377s] Level 5:colcon.colcon_core.verb:set package 'turtlebot3_gazebo' build argument 'cmake_args' from command line to 'None'
[0.377s] Level 5:colcon.colcon_core.verb:set package 'turtlebot3_gazebo' build argument 'cmake_target' from command line to 'None'
[0.377s] Level 5:colcon.colcon_core.verb:set package 'turtlebot3_gazebo' build argument 'cmake_target_skip_unavailable' from command line to 'False'
[0.377s] Level 5:colcon.colcon_core.verb:set package 'turtlebot3_gazebo' build argument 'cmake_clean_cache' from command line to 'False'
[0.377s] Level 5:colcon.colcon_core.verb:set package 'turtlebot3_gazebo' build argument 'cmake_clean_first' from command line to 'False'
[0.377s] Level 5:colcon.colcon_core.verb:set package 'turtlebot3_gazebo' build argument 'cmake_force_configure' from command line to 'False'
[0.377s] Level 5:colcon.colcon_core.verb:set package 'turtlebot3_gazebo' build argument 'ament_cmake_args' from command line to 'None'
[0.377s] Level 5:colcon.colcon_core.verb:set package 'turtlebot3_gazebo' build argument 'catkin_cmake_args' from command line to 'None'
[0.377s] Level 5:colcon.colcon_core.verb:set package 'turtlebot3_gazebo' build argument 'catkin_skip_building_tests' from command line to 'False'
[0.377s] DEBUG:colcon.colcon_core.verb:Building package 'turtlebot3_gazebo' with the following arguments: {'ament_cmake_args': None, 'build_base': '/workspace/build/turtlebot3_gazebo', 'catkin_cmake_args': None, 'catkin_skip_building_tests': False, 'cmake_args': None, 'cmake_clean_cache': False, 'cmake_clean_first': False, 'cmake_force_configure': False, 'cmake_target': None, 'cmake_target_skip_unavailable': False, 'install_base': '/workspace/install/turtlebot3_gazebo', 'merge_install': False, 'path': '/workspace/src/turtlebot3_simulations/turtlebot3_gazebo', 'symlink_install': False, 'test_result_base': None}
[0.377s] Level 5:colcon.colcon_core.verb:set package 'turtlebot3_simulations' build argument 'cmake_args' from command line to 'None'
[0.377s] Level 5:colcon.colcon_core.verb:set package 'turtlebot3_simulations' build argument 'cmake_target' from command line to 'None'
[0.377s] Level 5:colcon.colcon_core.verb:set package 'turtlebot3_simulations' build argument 'cmake_target_skip_unavailable' from command line to 'False'
[0.377s] Level 5:colcon.colcon_core.verb:set package 'turtlebot3_simulations' build argument 'cmake_clean_cache' from command line to 'False'
[0.377s] Level 5:colcon.colcon_core.verb:set package 'turtlebot3_simulations' build argument 'cmake_clean_first' from command line to 'False'
[0.377s] Level 5:colcon.colcon_core.verb:set package 'turtlebot3_simulations' build argument 'cmake_force_configure' from command line to 'False'
[0.377s] Level 5:colcon.colcon_core.verb:set package 'turtlebot3_simulations' build argument 'ament_cmake_args' from command line to 'None'
[0.377s] Level 5:colcon.colcon_core.verb:set package 'turtlebot3_simulations' build argument 'catkin_cmake_args' from command line to 'None'
[0.377s] Level 5:colcon.colcon_core.verb:set package 'turtlebot3_simulations' build argument 'catkin_skip_building_tests' from command line to 'False'
[0.377s] DEBUG:colcon.colcon_core.verb:Building package 'turtlebot3_simulations' with the following arguments: {'ament_cmake_args': None, 'build_base': '/workspace/build/turtlebot3_simulations', 'catkin_cmake_args': None, 'catkin_skip_building_tests': False, 'cmake_args': None, 'cmake_clean_cache': False, 'cmake_clean_first': False, 'cmake_force_configure': False, 'cmake_target': None, 'cmake_target_skip_unavailable': False, 'install_base': '/workspace/install/turtlebot3_simulations', 'merge_install': False, 'path': '/workspace/src/turtlebot3_simulations/turtlebot3_simulations', 'symlink_install': False, 'test_result_base': None}
[0.378s] INFO:colcon.colcon_core.executor:Executing jobs using 'parallel' executor
[0.380s] DEBUG:colcon.colcon_parallel_executor.executor.parallel:run_until_complete
[0.380s] INFO:colcon.colcon_ros.task.ament_cmake.build:Building ROS package in '/workspace/src/turtlebot3_description' with build type 'ament_cmake'
[0.380s] INFO:colcon.colcon_cmake.task.cmake.build:Building CMake package in '/workspace/src/turtlebot3_description'
[0.386s] INFO:colcon.colcon_core.plugin_system:Skipping extension 'colcon_core.shell.bat': Not used on non-Windows systems
[0.386s] INFO:colcon.colcon_core.shell:Skip shell extension 'powershell' for command environment: Not usable outside of PowerShell
[0.386s] DEBUG:colcon.colcon_core.shell:Skip shell extension 'dsv' for command environment
[0.390s] INFO:colcon.colcon_ros.task.ament_python.build:Building ROS package in '/workspace/src/cartographer_slam' with build type 'ament_python'
[0.391s] Level 1:colcon.colcon_core.shell:create_environment_hook('cartographer_slam', 'ament_prefix_path')
[0.391s] INFO:colcon.colcon_core.shell:Creating environment hook '/workspace/install/cartographer_slam/share/cartographer_slam/hook/ament_prefix_path.ps1'
[0.392s] INFO:colcon.colcon_core.shell:Creating environment descriptor '/workspace/install/cartographer_slam/share/cartographer_slam/hook/ament_prefix_path.dsv'
[0.393s] INFO:colcon.colcon_core.shell:Creating environment hook '/workspace/install/cartographer_slam/share/cartographer_slam/hook/ament_prefix_path.sh'
[0.394s] INFO:colcon.colcon_core.shell:Skip shell extension 'powershell' for command environment: Not usable outside of PowerShell
[0.394s] DEBUG:colcon.colcon_core.shell:Skip shell extension 'dsv' for command environment
[0.396s] INFO:colcon.colcon_ros.task.ament_python.build:Building ROS package in '/workspace/src/localization_server' with build type 'ament_python'
[0.396s] Level 1:colcon.colcon_core.shell:create_environment_hook('localization_server', 'ament_prefix_path')
[0.397s] INFO:colcon.colcon_core.shell:Creating environment hook '/workspace/install/localization_server/share/localization_server/hook/ament_prefix_path.ps1'
[0.397s] INFO:colcon.colcon_core.shell:Creating environment descriptor '/workspace/install/localization_server/share/localization_server/hook/ament_prefix_path.dsv'
[0.398s] INFO:colcon.colcon_core.shell:Creating environment hook '/workspace/install/localization_server/share/localization_server/hook/ament_prefix_path.sh'
[0.399s] INFO:colcon.colcon_core.shell:Skip shell extension 'powershell' for command environment: Not usable outside of PowerShell
[0.399s] DEBUG:colcon.colcon_core.shell:Skip shell extension 'dsv' for command environment
[0.401s] INFO:colcon.colcon_ros.task.ament_python.build:Building ROS package in '/workspace/src/map_server' with build type 'ament_python'
[0.401s] Level 1:colcon.colcon_core.shell:create_environment_hook('map_server', 'ament_prefix_path')
[0.401s] INFO:colcon.colcon_core.shell:Creating environment hook '/workspace/install/map_server/share/map_server/hook/ament_prefix_path.ps1'
[0.402s] INFO:colcon.colcon_core.shell:Creating environment descriptor '/workspace/install/map_server/share/map_server/hook/ament_prefix_path.dsv'
[0.402s] INFO:colcon.colcon_core.shell:Creating environment hook '/workspace/install/map_server/share/map_server/hook/ament_prefix_path.sh'
[0.403s] INFO:colcon.colcon_core.shell:Skip shell extension 'powershell' for command environment: Not usable outside of PowerShell
[0.403s] DEBUG:colcon.colcon_core.shell:Skip shell extension 'dsv' for command environment
[0.405s] INFO:colcon.colcon_ros.task.ament_python.build:Building ROS package in '/workspace/src/path_planner_server' with build type 'ament_python'
[0.405s] Level 1:colcon.colcon_core.shell:create_environment_hook('path_planner_server', 'ament_prefix_path')
[0.406s] INFO:colcon.colcon_core.shell:Creating environment hook '/workspace/install/path_planner_server/share/path_planner_server/hook/ament_prefix_path.ps1'
[0.406s] INFO:colcon.colcon_core.shell:Creating environment descriptor '/workspace/install/path_planner_server/share/path_planner_server/hook/ament_prefix_path.dsv'
[0.406s] INFO:colcon.colcon_core.shell:Creating environment hook '/workspace/install/path_planner_server/share/path_planner_server/hook/ament_prefix_path.sh'
[0.407s] INFO:colcon.colcon_core.shell:Skip shell extension 'powershell' for command environment: Not usable outside of PowerShell
[0.407s] DEBUG:colcon.colcon_core.shell:Skip shell extension 'dsv' for command environment
[0.411s] DEBUG:colcon.colcon_core.event_handler.log_command:Invoking command in '/workspace/build/turtlebot3_description': CMAKE_PREFIX_PATH=/opt/ros/humble /usr/bin/cmake /workspace/src/turtlebot3_description -DCMAKE_INSTALL_PREFIX=/workspace/install/turtlebot3_description
[0.572s] INFO:colcon.colcon_core.task.python.build:Building Python package in '/workspace/src/cartographer_slam'
[0.574s] INFO:colcon.colcon_core.shell:Skip shell extension 'powershell' for command environment: Not usable outside of PowerShell
[0.574s] DEBUG:colcon.colcon_core.shell:Skip shell extension 'dsv' for command environment
[0.735s] INFO:colcon.colcon_core.task.python.build:Building Python package in '/workspace/src/localization_server'
[0.736s] INFO:colcon.colcon_core.shell:Skip shell extension 'powershell' for command environment: Not usable outside of PowerShell
[0.736s] DEBUG:colcon.colcon_core.shell:Skip shell extension 'dsv' for command environment
[0.899s] INFO:colcon.colcon_core.task.python.build:Building Python package in '/workspace/src/map_server'
[0.900s] INFO:colcon.colcon_core.shell:Skip shell extension 'powershell' for command environment: Not usable outside of PowerShell
[0.900s] DEBUG:colcon.colcon_core.shell:Skip shell extension 'dsv' for command environment
[1.055s] INFO:colcon.colcon_core.task.python.build:Building Python package in '/workspace/src/path_planner_server'
[1.056s] INFO:colcon.colcon_core.shell:Skip shell extension 'powershell' for command environment: Not usable outside of PowerShell
[1.056s] DEBUG:colcon.colcon_core.shell:Skip shell extension 'dsv' for command environment
[1.063s] DEBUG:colcon.colcon_core.event_handler.log_command:Invoked command in '/workspace/build/turtlebot3_description' returned '0': CMAKE_PREFIX_PATH=/opt/ros/humble /usr/bin/cmake /workspace/src/turtlebot3_description -DCMAKE_INSTALL_PREFIX=/workspace/install/turtlebot3_description
[1.065s] DEBUG:colcon.colcon_core.event_handler.log_command:Invoking command in '/workspace/build/turtlebot3_description': CMAKE_PREFIX_PATH=/opt/ros/humble /usr/bin/cmake --build /workspace/build/turtlebot3_description -- -j8 -l8
[1.090s] DEBUG:colcon.colcon_core.event_handler.log_command:Invoked command in '/workspace/build/turtlebot3_description' returned '0': CMAKE_PREFIX_PATH=/opt/ros/humble /usr/bin/cmake --build /workspace/build/turtlebot3_description -- -j8 -l8
[1.112s] DEBUG:colcon.colcon_core.event_handler.log_command:Invoking command in '/workspace/build/turtlebot3_description': CMAKE_PREFIX_PATH=/opt/ros/humble /usr/bin/cmake --install /workspace/build/turtlebot3_description
[1.146s] Level 1:colcon.colcon_core.environment:create_environment_scripts_only(turtlebot3_description)
[1.146s] DEBUG:colcon.colcon_core.event_handler.log_command:Invoked command in '/workspace/build/turtlebot3_description' returned '0': CMAKE_PREFIX_PATH=/opt/ros/humble /usr/bin/cmake --install /workspace/build/turtlebot3_description
[1.155s] Level 1:colcon.colcon_core.environment:checking '/workspace/install/turtlebot3_description' for CMake module files
[1.156s] Level 1:colcon.colcon_core.environment:checking '/workspace/install/turtlebot3_description' for CMake config files
[1.156s] Level 1:colcon.colcon_core.shell:create_environment_hook('turtlebot3_description', 'cmake_prefix_path')
[1.157s] INFO:colcon.colcon_core.shell:Creating environment hook '/workspace/install/turtlebot3_description/share/turtlebot3_description/hook/cmake_prefix_path.ps1'
[1.158s] INFO:colcon.colcon_core.shell:Creating environment descriptor '/workspace/install/turtlebot3_description/share/turtlebot3_description/hook/cmake_prefix_path.dsv'
[1.158s] INFO:colcon.colcon_core.shell:Creating environment hook '/workspace/install/turtlebot3_description/share/turtlebot3_description/hook/cmake_prefix_path.sh'
[1.159s] Level 1:colcon.colcon_core.environment:checking '/workspace/install/turtlebot3_description/bin'
[1.159s] Level 1:colcon.colcon_core.environment:checking '/workspace/install/turtlebot3_description/lib/pkgconfig/turtlebot3_description.pc'
[1.159s] Level 1:colcon.colcon_core.environment:checking '/workspace/install/turtlebot3_description/lib/python3.10/site-packages'
[1.159s] Level 1:colcon.colcon_core.environment:checking '/workspace/install/turtlebot3_description/bin'
[1.161s] INFO:colcon.colcon_core.shell:Creating package script '/workspace/install/turtlebot3_description/share/turtlebot3_description/package.ps1'
[1.162s] INFO:colcon.colcon_core.shell:Creating package descriptor '/workspace/install/turtlebot3_description/share/turtlebot3_description/package.dsv'
[1.163s] INFO:colcon.colcon_core.shell:Creating package script '/workspace/install/turtlebot3_description/share/turtlebot3_description/package.sh'
[1.164s] INFO:colcon.colcon_core.shell:Creating package script '/workspace/install/turtlebot3_description/share/turtlebot3_description/package.bash'
[1.165s] INFO:colcon.colcon_core.shell:Creating package script '/workspace/install/turtlebot3_description/share/turtlebot3_description/package.zsh'
[1.166s] Level 1:colcon.colcon_core.environment:create_file_with_runtime_dependencies(/workspace/install/turtlebot3_description/share/colcon-core/packages/turtlebot3_description)
[1.181s] Level 1:colcon.colcon_core.environment:create_environment_scripts_only(turtlebot3_description)
[1.183s] Level 1:colcon.colcon_core.environment:checking '/workspace/install/turtlebot3_description' for CMake module files
[1.184s] Level 1:colcon.colcon_core.environment:checking '/workspace/install/turtlebot3_description' for CMake config files
[1.184s] Level 1:colcon.colcon_core.shell:create_environment_hook('turtlebot3_description', 'cmake_prefix_path')
[1.185s] INFO:colcon.colcon_core.shell:Creating environment hook '/workspace/install/turtlebot3_description/share/turtlebot3_description/hook/cmake_prefix_path.ps1'
[1.186s] INFO:colcon.colcon_core.shell:Creating environment descriptor '/workspace/install/turtlebot3_description/share/turtlebot3_description/hook/cmake_prefix_path.dsv'
[1.186s] INFO:colcon.colcon_core.shell:Creating environment hook '/workspace/install/turtlebot3_description/share/turtlebot3_description/hook/cmake_prefix_path.sh'
[1.187s] Level 1:colcon.colcon_core.environment:checking '/workspace/install/turtlebot3_description/bin'
[1.187s] Level 1:colcon.colcon_core.environment:checking '/workspace/install/turtlebot3_description/lib/pkgconfig/turtlebot3_description.pc'
[1.187s] Level 1:colcon.colcon_core.environment:checking '/workspace/install/turtlebot3_description/lib/python3.10/site-packages'
[1.187s] Level 1:colcon.colcon_core.environment:checking '/workspace/install/turtlebot3_description/bin'
[1.189s] INFO:colcon.colcon_core.shell:Creating package script '/workspace/install/turtlebot3_description/share/turtlebot3_description/package.ps1'
[1.189s] INFO:colcon.colcon_core.shell:Creating package descriptor '/workspace/install/turtlebot3_description/share/turtlebot3_description/package.dsv'
[1.190s] INFO:colcon.colcon_core.shell:Creating package script '/workspace/install/turtlebot3_description/share/turtlebot3_description/package.sh'
[1.190s] INFO:colcon.colcon_core.shell:Creating package script '/workspace/install/turtlebot3_description/share/turtlebot3_description/package.bash'
[1.190s] INFO:colcon.colcon_core.shell:Creating package script '/workspace/install/turtlebot3_description/share/turtlebot3_description/package.zsh'
[1.191s] Level 1:colcon.colcon_core.environment:create_file_with_runtime_dependencies(/workspace/install/turtlebot3_description/share/colcon-core/packages/turtlebot3_description)
[1.191s] INFO:colcon.colcon_ros.task.ament_cmake.build:Building ROS package in '/workspace/src/turtlebot3_simulations/turtlebot3_gazebo' with build type 'ament_cmake'
[1.191s] INFO:colcon.colcon_cmake.task.cmake.build:Building CMake package in '/workspace/src/turtlebot3_simulations/turtlebot3_gazebo'
[1.192s] INFO:colcon.colcon_core.shell:Skip shell extension 'powershell' for command environment: Not usable outside of PowerShell
[1.193s] DEBUG:colcon.colcon_core.shell:Skip shell extension 'dsv' for command environment
[1.200s] DEBUG:colcon.colcon_core.event_handler.log_command:Invoking command in '/workspace/build/turtlebot3_gazebo': AMENT_PREFIX_PATH=/workspace/install/turtlebot3_description:${AMENT_PREFIX_PATH} CMAKE_PREFIX_PATH=/workspace/install/turtlebot3_description:/opt/ros/humble /usr/bin/cmake /workspace/src/turtlebot3_simulations/turtlebot3_gazebo -DCMAKE_INSTALL_PREFIX=/workspace/install/turtlebot3_gazebo
[1.408s] DEBUG:colcon.colcon_core.event_handler.log_command:Invoking command in '/workspace/src/cartographer_slam': PYTHONPATH=/workspace/build/cartographer_slam/prefix_override:/workspace/install/cartographer_slam/lib/python3.10/site-packages:${PYTHONPATH} /usr/bin/python3 setup.py egg_info --egg-base ../../build/cartographer_slam build --build-base /workspace/build/cartographer_slam/build install --record /workspace/build/cartographer_slam/install.log --single-version-externally-managed
[1.414s] DEBUG:colcon.colcon_core.event_handler.log_command:Invoking command in '/workspace/src/map_server': PYTHONPATH=/workspace/build/map_server/prefix_override:/workspace/install/map_server/lib/python3.10/site-packages:${PYTHONPATH} /usr/bin/python3 setup.py egg_info --egg-base ../../build/map_server build --build-base /workspace/build/map_server/build install --record /workspace/build/map_server/install.log --single-version-externally-managed
[1.478s] DEBUG:colcon.colcon_core.event_handler.log_command:Invoking command in '/workspace/src/localization_server': PYTHONPATH=/workspace/build/localization_server/prefix_override:/workspace/install/localization_server/lib/python3.10/site-packages:${PYTHONPATH} /usr/bin/python3 setup.py egg_info --egg-base ../../build/localization_server build --build-base /workspace/build/localization_server/build install --record /workspace/build/localization_server/install.log --single-version-externally-managed
[1.483s] DEBUG:colcon.colcon_core.event_handler.log_command:Invoking command in '/workspace/src/path_planner_server': PYTHONPATH=/workspace/build/path_planner_server/prefix_override:/workspace/install/path_planner_server/lib/python3.10/site-packages:${PYTHONPATH} /usr/bin/python3 setup.py egg_info --egg-base ../../build/path_planner_server build --build-base /workspace/build/path_planner_server/build install --record /workspace/build/path_planner_server/install.log --single-version-externally-managed
[1.631s] Level 1:colcon.colcon_core.environment:checking '/workspace/install/cartographer_slam' for CMake module files
[1.631s] DEBUG:colcon.colcon_core.event_handler.log_command:Invoked command in '/workspace/src/cartographer_slam' returned '0': PYTHONPATH=/workspace/build/cartographer_slam/prefix_override:/workspace/install/cartographer_slam/lib/python3.10/site-packages:${PYTHONPATH} /usr/bin/python3 setup.py egg_info --egg-base ../../build/cartographer_slam build --build-base /workspace/build/cartographer_slam/build install --record /workspace/build/cartographer_slam/install.log --single-version-externally-managed
[1.631s] Level 1:colcon.colcon_core.environment:checking '/workspace/install/cartographer_slam' for CMake config files
[1.632s] Level 1:colcon.colcon_core.environment:checking '/workspace/install/cartographer_slam/lib'
[1.632s] Level 1:colcon.colcon_core.environment:checking '/workspace/install/cartographer_slam/bin'
[1.632s] Level 1:colcon.colcon_core.environment:checking '/workspace/install/cartographer_slam/lib/pkgconfig/cartographer_slam.pc'
[1.632s] Level 1:colcon.colcon_core.environment:checking '/workspace/install/cartographer_slam/lib/python3.10/site-packages'
[1.632s] Level 1:colcon.colcon_core.shell:create_environment_hook('cartographer_slam', 'pythonpath')
[1.633s] INFO:colcon.colcon_core.shell:Creating environment hook '/workspace/install/cartographer_slam/share/cartographer_slam/hook/pythonpath.ps1'
[1.634s] INFO:colcon.colcon_core.shell:Creating environment descriptor '/workspace/install/cartographer_slam/share/cartographer_slam/hook/pythonpath.dsv'
[1.634s] INFO:colcon.colcon_core.shell:Creating environment hook '/workspace/install/cartographer_slam/share/cartographer_slam/hook/pythonpath.sh'
[1.634s] Level 1:colcon.colcon_core.environment:checking '/workspace/install/cartographer_slam/bin'
[1.634s] Level 1:colcon.colcon_core.environment:create_environment_scripts_only(cartographer_slam)
[1.636s] INFO:colcon.colcon_core.shell:Creating package script '/workspace/install/cartographer_slam/share/cartographer_slam/package.ps1'
[1.636s] INFO:colcon.colcon_core.shell:Creating package descriptor '/workspace/install/cartographer_slam/share/cartographer_slam/package.dsv'
[1.636s] INFO:colcon.colcon_core.shell:Creating package script '/workspace/install/cartographer_slam/share/cartographer_slam/package.sh'
[1.637s] INFO:colcon.colcon_core.shell:Creating package script '/workspace/install/cartographer_slam/share/cartographer_slam/package.bash'
[1.637s] INFO:colcon.colcon_core.shell:Creating package script '/workspace/install/cartographer_slam/share/cartographer_slam/package.zsh'
[1.637s] Level 1:colcon.colcon_core.environment:create_file_with_runtime_dependencies(/workspace/install/cartographer_slam/share/colcon-core/packages/cartographer_slam)
[1.640s] Level 1:colcon.colcon_core.environment:checking '/workspace/install/map_server' for CMake module files
[1.641s] DEBUG:colcon.colcon_core.event_handler.log_command:Invoked command in '/workspace/src/map_server' returned '0': PYTHONPATH=/workspace/build/map_server/prefix_override:/workspace/install/map_server/lib/python3.10/site-packages:${PYTHONPATH} /usr/bin/python3 setup.py egg_info --egg-base ../../build/map_server build --build-base /workspace/build/map_server/build install --record /workspace/build/map_server/install.log --single-version-externally-managed
[1.641s] Level 1:colcon.colcon_core.environment:checking '/workspace/install/map_server' for CMake config files
[1.642s] Level 1:colcon.colcon_core.environment:checking '/workspace/install/map_server/lib'
[1.642s] Level 1:colcon.colcon_core.environment:checking '/workspace/install/map_server/bin'
[1.642s] Level 1:colcon.colcon_core.environment:checking '/workspace/install/map_server/lib/pkgconfig/map_server.pc'
[1.642s] Level 1:colcon.colcon_core.environment:checking '/workspace/install/map_server/lib/python3.10/site-packages'
[1.642s] Level 1:colcon.colcon_core.shell:create_environment_hook('map_server', 'pythonpath')
[1.644s] INFO:colcon.colcon_core.shell:Creating environment hook '/workspace/install/map_server/share/map_server/hook/pythonpath.ps1'
[1.644s] INFO:colcon.colcon_core.shell:Creating environment descriptor '/workspace/install/map_server/share/map_server/hook/pythonpath.dsv'
[1.644s] INFO:colcon.colcon_core.shell:Creating environment hook '/workspace/install/map_server/share/map_server/hook/pythonpath.sh'
[1.645s] Level 1:colcon.colcon_core.environment:checking '/workspace/install/map_server/bin'
[1.645s] Level 1:colcon.colcon_core.environment:create_environment_scripts_only(map_server)
[1.647s] INFO:colcon.colcon_core.shell:Creating package script '/workspace/install/map_server/share/map_server/package.ps1'
[1.647s] INFO:colcon.colcon_core.shell:Creating package descriptor '/workspace/install/map_server/share/map_server/package.dsv'
[1.647s] INFO:colcon.colcon_core.shell:Creating package script '/workspace/install/map_server/share/map_server/package.sh'
[1.648s] INFO:colcon.colcon_core.shell:Creating package script '/workspace/install/map_server/share/map_server/package.bash'
[1.648s] INFO:colcon.colcon_core.shell:Creating package script '/workspace/install/map_server/share/map_server/package.zsh'
[1.648s] Level 1:colcon.colcon_core.environment:create_file_with_runtime_dependencies(/workspace/install/map_server/share/colcon-core/packages/map_server)
[1.730s] Level 1:colcon.colcon_core.environment:checking '/workspace/install/localization_server' for CMake module files
[1.731s] DEBUG:colcon.colcon_core.event_handler.log_command:Invoked command in '/workspace/src/localization_server' returned '0': PYTHONPATH=/workspace/build/localization_server/prefix_override:/workspace/install/localization_server/lib/python3.10/site-packages:${PYTHONPATH} /usr/bin/python3 setup.py egg_info --egg-base ../../build/localization_server build --build-base /workspace/build/localization_server/build install --record /workspace/build/localization_server/install.log --single-version-externally-managed
[1.731s] Level 1:colcon.colcon_core.environment:checking '/workspace/install/localization_server' for CMake config files
[1.731s] Level 1:colcon.colcon_core.environment:checking '/workspace/install/localization_server/lib'
[1.731s] Level 1:colcon.colcon_core.environment:checking '/workspace/install/localization_server/bin'
[1.731s] Level 1:colcon.colcon_core.environment:checking '/workspace/install/localization_server/lib/pkgconfig/localization_server.pc'
[1.731s] Level 1:colcon.colcon_core.environment:checking '/workspace/install/localization_server/lib/python3.10/site-packages'
[1.731s] Level 1:colcon.colcon_core.shell:create_environment_hook('localization_server', 'pythonpath')
[1.732s] INFO:colcon.colcon_core.shell:Creating environment hook '/workspace/install/localization_server/share/localization_server/hook/pythonpath.ps1'
[1.732s] INFO:colcon.colcon_core.shell:Creating environment descriptor '/workspace/install/localization_server/share/localization_server/hook/pythonpath.dsv'
[1.733s] INFO:colcon.colcon_core.shell:Creating environment hook '/workspace/install/localization_server/share/localization_server/hook/pythonpath.sh'
[1.733s] Level 1:colcon.colcon_core.environment:checking '/workspace/install/localization_server/bin'
[1.733s] Level 1:colcon.colcon_core.environment:create_environment_scripts_only(localization_server)
[1.734s] INFO:colcon.colcon_core.shell:Creating package script '/workspace/install/localization_server/share/localization_server/package.ps1'
[1.734s] INFO:colcon.colcon_core.shell:Creating package descriptor '/workspace/install/localization_server/share/localization_server/package.dsv'
[1.734s] INFO:colcon.colcon_core.shell:Creating package script '/workspace/install/localization_server/share/localization_server/package.sh'
[1.734s] INFO:colcon.colcon_core.shell:Creating package script '/workspace/install/localization_server/share/localization_server/package.bash'
[1.735s] INFO:colcon.colcon_core.shell:Creating package script '/workspace/install/localization_server/share/localization_server/package.zsh'
[1.735s] Level 1:colcon.colcon_core.environment:create_file_with_runtime_dependencies(/workspace/install/localization_server/share/colcon-core/packages/localization_server)
[1.736s] Level 1:colcon.colcon_core.environment:checking '/workspace/install/path_planner_server' for CMake module files
[1.737s] DEBUG:colcon.colcon_core.event_handler.log_command:Invoked command in '/workspace/src/path_planner_server' returned '0': PYTHONPATH=/workspace/build/path_planner_server/prefix_override:/workspace/install/path_planner_server/lib/python3.10/site-packages:${PYTHONPATH} /usr/bin/python3 setup.py egg_info --egg-base ../../build/path_planner_server build --build-base /workspace/build/path_planner_server/build install --record /workspace/build/path_planner_server/install.log --single-version-externally-managed
[1.737s] Level 1:colcon.colcon_core.environment:checking '/workspace/install/path_planner_server' for CMake config files
[1.737s] Level 1:colcon.colcon_core.environment:checking '/workspace/install/path_planner_server/lib'
[1.737s] Level 1:colcon.colcon_core.environment:checking '/workspace/install/path_planner_server/bin'
[1.737s] Level 1:colcon.colcon_core.environment:checking '/workspace/install/path_planner_server/lib/pkgconfig/path_planner_server.pc'
[1.737s] Level 1:colcon.colcon_core.environment:checking '/workspace/install/path_planner_server/lib/python3.10/site-packages'
[1.737s] Level 1:colcon.colcon_core.shell:create_environment_hook('path_planner_server', 'pythonpath')
[1.738s] INFO:colcon.colcon_core.shell:Creating environment hook '/workspace/install/path_planner_server/share/path_planner_server/hook/pythonpath.ps1'
[1.738s] INFO:colcon.colcon_core.shell:Creating environment descriptor '/workspace/install/path_planner_server/share/path_planner_server/hook/pythonpath.dsv'
[1.739s] INFO:colcon.colcon_core.shell:Creating environment hook '/workspace/install/path_planner_server/share/path_planner_server/hook/pythonpath.sh'
[1.739s] Level 1:colcon.colcon_core.environment:checking '/workspace/install/path_planner_server/bin'
[1.739s] Level 1:colcon.colcon_core.environment:create_environment_scripts_only(path_planner_server)
[1.740s] INFO:colcon.colcon_core.shell:Creating package script '/workspace/install/path_planner_server/share/path_planner_server/package.ps1'
[1.740s] INFO:colcon.colcon_core.shell:Creating package descriptor '/workspace/install/path_planner_server/share/path_planner_server/package.dsv'
[1.740s] INFO:colcon.colcon_core.shell:Creating package script '/workspace/install/path_planner_server/share/path_planner_server/package.sh'
[1.740s] INFO:colcon.colcon_core.shell:Creating package script '/workspace/install/path_planner_server/share/path_planner_server/package.bash'
[1.740s] INFO:colcon.colcon_core.shell:Creating package script '/workspace/install/path_planner_server/share/path_planner_server/package.zsh'
[1.741s] Level 1:colcon.colcon_core.environment:create_file_with_runtime_dependencies(/workspace/install/path_planner_server/share/colcon-core/packages/path_planner_server)
[3.144s] DEBUG:colcon.colcon_core.event_handler.log_command:Invoked command in '/workspace/build/turtlebot3_gazebo' returned '0': AMENT_PREFIX_PATH=/workspace/install/turtlebot3_description:${AMENT_PREFIX_PATH} CMAKE_PREFIX_PATH=/workspace/install/turtlebot3_description:/opt/ros/humble /usr/bin/cmake /workspace/src/turtlebot3_simulations/turtlebot3_gazebo -DCMAKE_INSTALL_PREFIX=/workspace/install/turtlebot3_gazebo
[3.145s] DEBUG:colcon.colcon_core.event_handler.log_command:Invoking command in '/workspace/build/turtlebot3_gazebo': AMENT_PREFIX_PATH=/workspace/install/turtlebot3_description:${AMENT_PREFIX_PATH} CMAKE_PREFIX_PATH=/workspace/install/turtlebot3_description:/opt/ros/humble /usr/bin/cmake --build /workspace/build/turtlebot3_gazebo -- -j8 -l8
[13.240s] DEBUG:colcon.colcon_core.event_handler.log_command:Invoked command in '/workspace/build/turtlebot3_gazebo' returned '0': AMENT_PREFIX_PATH=/workspace/install/turtlebot3_description:${AMENT_PREFIX_PATH} CMAKE_PREFIX_PATH=/workspace/install/turtlebot3_description:/opt/ros/humble /usr/bin/cmake --build /workspace/build/turtlebot3_gazebo -- -j8 -l8
[13.266s] DEBUG:colcon.colcon_core.event_handler.log_command:Invoking command in '/workspace/build/turtlebot3_gazebo': AMENT_PREFIX_PATH=/workspace/install/turtlebot3_description:${AMENT_PREFIX_PATH} CMAKE_PREFIX_PATH=/workspace/install/turtlebot3_description:/opt/ros/humble /usr/bin/cmake --install /workspace/build/turtlebot3_gazebo
[13.365s] Level 1:colcon.colcon_core.environment:create_environment_scripts_only(turtlebot3_gazebo)
[13.366s] DEBUG:colcon.colcon_core.event_handler.log_command:Invoked command in '/workspace/build/turtlebot3_gazebo' returned '0': AMENT_PREFIX_PATH=/workspace/install/turtlebot3_description:${AMENT_PREFIX_PATH} CMAKE_PREFIX_PATH=/workspace/install/turtlebot3_description:/opt/ros/humble /usr/bin/cmake --install /workspace/build/turtlebot3_gazebo
[13.367s] Level 1:colcon.colcon_core.environment:checking '/workspace/install/turtlebot3_gazebo' for CMake module files
[13.367s] Level 1:colcon.colcon_core.environment:checking '/workspace/install/turtlebot3_gazebo' for CMake config files
[13.367s] Level 1:colcon.colcon_core.shell:create_environment_hook('turtlebot3_gazebo', 'cmake_prefix_path')
[13.368s] INFO:colcon.colcon_core.shell:Creating environment hook '/workspace/install/turtlebot3_gazebo/share/turtlebot3_gazebo/hook/cmake_prefix_path.ps1'
[13.368s] INFO:colcon.colcon_core.shell:Creating environment descriptor '/workspace/install/turtlebot3_gazebo/share/turtlebot3_gazebo/hook/cmake_prefix_path.dsv'
[13.369s] INFO:colcon.colcon_core.shell:Creating environment hook '/workspace/install/turtlebot3_gazebo/share/turtlebot3_gazebo/hook/cmake_prefix_path.sh'
[13.369s] Level 1:colcon.colcon_core.environment:checking '/workspace/install/turtlebot3_gazebo/lib'
[13.369s] Level 1:colcon.colcon_core.environment:checking '/workspace/install/turtlebot3_gazebo/bin'
[13.369s] Level 1:colcon.colcon_core.environment:checking '/workspace/install/turtlebot3_gazebo/lib/pkgconfig/turtlebot3_gazebo.pc'
[13.369s] Level 1:colcon.colcon_core.environment:checking '/workspace/install/turtlebot3_gazebo/lib/python3.10/site-packages'
[13.369s] Level 1:colcon.colcon_core.environment:checking '/workspace/install/turtlebot3_gazebo/bin'
[13.370s] INFO:colcon.colcon_core.shell:Creating package script '/workspace/install/turtlebot3_gazebo/share/turtlebot3_gazebo/package.ps1'
[13.370s] INFO:colcon.colcon_core.shell:Creating package descriptor '/workspace/install/turtlebot3_gazebo/share/turtlebot3_gazebo/package.dsv'
[13.370s] INFO:colcon.colcon_core.shell:Creating package script '/workspace/install/turtlebot3_gazebo/share/turtlebot3_gazebo/package.sh'
[13.371s] INFO:colcon.colcon_core.shell:Creating package script '/workspace/install/turtlebot3_gazebo/share/turtlebot3_gazebo/package.bash'
[13.371s] INFO:colcon.colcon_core.shell:Creating package script '/workspace/install/turtlebot3_gazebo/share/turtlebot3_gazebo/package.zsh'
[13.371s] Level 1:colcon.colcon_core.environment:create_file_with_runtime_dependencies(/workspace/install/turtlebot3_gazebo/share/colcon-core/packages/turtlebot3_gazebo)
[13.392s] Level 1:colcon.colcon_core.environment:create_environment_scripts_only(turtlebot3_gazebo)
[13.393s] Level 1:colcon.colcon_core.environment:checking '/workspace/install/turtlebot3_gazebo' for CMake module files
[13.393s] Level 1:colcon.colcon_core.environment:checking '/workspace/install/turtlebot3_gazebo' for CMake config files
[13.394s] Level 1:colcon.colcon_core.shell:create_environment_hook('turtlebot3_gazebo', 'cmake_prefix_path')
[13.394s] INFO:colcon.colcon_core.shell:Creating environment hook '/workspace/install/turtlebot3_gazebo/share/turtlebot3_gazebo/hook/cmake_prefix_path.ps1'
[13.395s] INFO:colcon.colcon_core.shell:Creating environment descriptor '/workspace/install/turtlebot3_gazebo/share/turtlebot3_gazebo/hook/cmake_prefix_path.dsv'
[13.395s] INFO:colcon.colcon_core.shell:Creating environment hook '/workspace/install/turtlebot3_gazebo/share/turtlebot3_gazebo/hook/cmake_prefix_path.sh'
[13.395s] Level 1:colcon.colcon_core.environment:checking '/workspace/install/turtlebot3_gazebo/lib'
[13.395s] Level 1:colcon.colcon_core.environment:checking '/workspace/install/turtlebot3_gazebo/bin'
[13.395s] Level 1:colcon.colcon_core.environment:checking '/workspace/install/turtlebot3_gazebo/lib/pkgconfig/turtlebot3_gazebo.pc'
[13.395s] Level 1:colcon.colcon_core.environment:checking '/workspace/install/turtlebot3_gazebo/lib/python3.10/site-packages'
[13.395s] Level 1:colcon.colcon_core.environment:checking '/workspace/install/turtlebot3_gazebo/bin'
[13.396s] INFO:colcon.colcon_core.shell:Creating package script '/workspace/install/turtlebot3_gazebo/share/turtlebot3_gazebo/package.ps1'
[13.396s] INFO:colcon.colcon_core.shell:Creating package descriptor '/workspace/install/turtlebot3_gazebo/share/turtlebot3_gazebo/package.dsv'
[13.397s] INFO:colcon.colcon_core.shell:Creating package script '/workspace/install/turtlebot3_gazebo/share/turtlebot3_gazebo/package.sh'
[13.397s] INFO:colcon.colcon_core.shell:Creating package script '/workspace/install/turtlebot3_gazebo/share/turtlebot3_gazebo/package.bash'
[13.397s] INFO:colcon.colcon_core.shell:Creating package script '/workspace/install/turtlebot3_gazebo/share/turtlebot3_gazebo/package.zsh'
[13.397s] Level 1:colcon.colcon_core.environment:create_file_with_runtime_dependencies(/workspace/install/turtlebot3_gazebo/share/colcon-core/packages/turtlebot3_gazebo)
[13.397s] INFO:colcon.colcon_ros.task.ament_cmake.build:Building ROS package in '/workspace/src/turtlebot3_simulations/turtlebot3_simulations' with build type 'ament_cmake'
[13.398s] INFO:colcon.colcon_cmake.task.cmake.build:Building CMake package in '/workspace/src/turtlebot3_simulations/turtlebot3_simulations'
[13.398s] INFO:colcon.colcon_core.shell:Skip shell extension 'powershell' for command environment: Not usable outside of PowerShell
[13.398s] DEBUG:colcon.colcon_core.shell:Skip shell extension 'dsv' for command environment
[13.404s] DEBUG:colcon.colcon_core.event_handler.log_command:Invoking command in '/workspace/build/turtlebot3_simulations': AMENT_PREFIX_PATH=/workspace/install/turtlebot3_gazebo:/workspace/install/turtlebot3_description:${AMENT_PREFIX_PATH} CMAKE_PREFIX_PATH=/workspace/install/turtlebot3_gazebo:/workspace/install/turtlebot3_description:/opt/ros/humble /usr/bin/cmake /workspace/src/turtlebot3_simulations/turtlebot3_simulations -DCMAKE_INSTALL_PREFIX=/workspace/install/turtlebot3_simulations
[13.814s] DEBUG:colcon.colcon_core.event_handler.log_command:Invoked command in '/workspace/build/turtlebot3_simulations' returned '0': AMENT_PREFIX_PATH=/workspace/install/turtlebot3_gazebo:/workspace/install/turtlebot3_description:${AMENT_PREFIX_PATH} CMAKE_PREFIX_PATH=/workspace/install/turtlebot3_gazebo:/workspace/install/turtlebot3_description:/opt/ros/humble /usr/bin/cmake /workspace/src/turtlebot3_simulations/turtlebot3_simulations -DCMAKE_INSTALL_PREFIX=/workspace/install/turtlebot3_simulations
[13.815s] DEBUG:colcon.colcon_core.event_handler.log_command:Invoking command in '/workspace/build/turtlebot3_simulations': AMENT_PREFIX_PATH=/workspace/install/turtlebot3_gazebo:/workspace/install/turtlebot3_description:${AMENT_PREFIX_PATH} CMAKE_PREFIX_PATH=/workspace/install/turtlebot3_gazebo:/workspace/install/turtlebot3_description:/opt/ros/humble /usr/bin/cmake --build /workspace/build/turtlebot3_simulations -- -j8 -l8
[13.837s] DEBUG:colcon.colcon_core.event_handler.log_command:Invoked command in '/workspace/build/turtlebot3_simulations' returned '0': AMENT_PREFIX_PATH=/workspace/install/turtlebot3_gazebo:/workspace/install/turtlebot3_description:${AMENT_PREFIX_PATH} CMAKE_PREFIX_PATH=/workspace/install/turtlebot3_gazebo:/workspace/install/turtlebot3_description:/opt/ros/humble /usr/bin/cmake --build /workspace/build/turtlebot3_simulations -- -j8 -l8
[13.853s] DEBUG:colcon.colcon_core.event_handler.log_command:Invoking command in '/workspace/build/turtlebot3_simulations': AMENT_PREFIX_PATH=/workspace/install/turtlebot3_gazebo:/workspace/install/turtlebot3_description:${AMENT_PREFIX_PATH} CMAKE_PREFIX_PATH=/workspace/install/turtlebot3_gazebo:/workspace/install/turtlebot3_description:/opt/ros/humble /usr/bin/cmake --install /workspace/build/turtlebot3_simulations
[13.862s] Level 1:colcon.colcon_core.environment:create_environment_scripts_only(turtlebot3_simulations)
[13.864s] Level 1:colcon.colcon_core.environment:checking '/workspace/install/turtlebot3_simulations' for CMake module files
[13.864s] DEBUG:colcon.colcon_core.event_handler.log_command:Invoked command in '/workspace/build/turtlebot3_simulations' returned '0': AMENT_PREFIX_PATH=/workspace/install/turtlebot3_gazebo:/workspace/install/turtlebot3_description:${AMENT_PREFIX_PATH} CMAKE_PREFIX_PATH=/workspace/install/turtlebot3_gazebo:/workspace/install/turtlebot3_description:/opt/ros/humble /usr/bin/cmake --install /workspace/build/turtlebot3_simulations
[13.864s] Level 1:colcon.colcon_core.environment:checking '/workspace/install/turtlebot3_simulations' for CMake config files
[13.864s] Level 1:colcon.colcon_core.shell:create_environment_hook('turtlebot3_simulations', 'cmake_prefix_path')
[13.865s] INFO:colcon.colcon_core.shell:Creating environment hook '/workspace/install/turtlebot3_simulations/share/turtlebot3_simulations/hook/cmake_prefix_path.ps1'
[13.865s] INFO:colcon.colcon_core.shell:Creating environment descriptor '/workspace/install/turtlebot3_simulations/share/turtlebot3_simulations/hook/cmake_prefix_path.dsv'
[13.865s] INFO:colcon.colcon_core.shell:Creating environment hook '/workspace/install/turtlebot3_simulations/share/turtlebot3_simulations/hook/cmake_prefix_path.sh'
[13.865s] Level 1:colcon.colcon_core.environment:checking '/workspace/install/turtlebot3_simulations/bin'
[13.866s] Level 1:colcon.colcon_core.environment:checking '/workspace/install/turtlebot3_simulations/lib/pkgconfig/turtlebot3_simulations.pc'
[13.866s] Level 1:colcon.colcon_core.environment:checking '/workspace/install/turtlebot3_simulations/lib/python3.10/site-packages'
[13.866s] Level 1:colcon.colcon_core.environment:checking '/workspace/install/turtlebot3_simulations/bin'
[13.867s] INFO:colcon.colcon_core.shell:Creating package script '/workspace/install/turtlebot3_simulations/share/turtlebot3_simulations/package.ps1'
[13.867s] INFO:colcon.colcon_core.shell:Creating package descriptor '/workspace/install/turtlebot3_simulations/share/turtlebot3_simulations/package.dsv'
[13.867s] INFO:colcon.colcon_core.shell:Creating package script '/workspace/install/turtlebot3_simulations/share/turtlebot3_simulations/package.sh'
[13.867s] INFO:colcon.colcon_core.shell:Creating package script '/workspace/install/turtlebot3_simulations/share/turtlebot3_simulations/package.bash'
[13.867s] INFO:colcon.colcon_core.shell:Creating package script '/workspace/install/turtlebot3_simulations/share/turtlebot3_simulations/package.zsh'
[13.867s] Level 1:colcon.colcon_core.environment:create_file_with_runtime_dependencies(/workspace/install/turtlebot3_simulations/share/colcon-core/packages/turtlebot3_simulations)
[13.883s] Level 1:colcon.colcon_core.environment:create_environment_scripts_only(turtlebot3_simulations)
[13.885s] Level 1:colcon.colcon_core.environment:checking '/workspace/install/turtlebot3_simulations' for CMake module files
[13.885s] Level 1:colcon.colcon_core.environment:checking '/workspace/install/turtlebot3_simulations' for CMake config files
[13.885s] Level 1:colcon.colcon_core.shell:create_environment_hook('turtlebot3_simulations', 'cmake_prefix_path')
[13.886s] INFO:colcon.colcon_core.shell:Creating environment hook '/workspace/install/turtlebot3_simulations/share/turtlebot3_simulations/hook/cmake_prefix_path.ps1'
[13.886s] INFO:colcon.colcon_core.shell:Creating environment descriptor '/workspace/install/turtlebot3_simulations/share/turtlebot3_simulations/hook/cmake_prefix_path.dsv'
[13.886s] INFO:colcon.colcon_core.shell:Creating environment hook '/workspace/install/turtlebot3_simulations/share/turtlebot3_simulations/hook/cmake_prefix_path.sh'
[13.887s] Level 1:colcon.colcon_core.environment:checking '/workspace/install/turtlebot3_simulations/bin'
[13.887s] Level 1:colcon.colcon_core.environment:checking '/workspace/install/turtlebot3_simulations/lib/pkgconfig/turtlebot3_simulations.pc'
[13.887s] Level 1:colcon.colcon_core.environment:checking '/workspace/install/turtlebot3_simulations/lib/python3.10/site-packages'
[13.887s] Level 1:colcon.colcon_core.environment:checking '/workspace/install/turtlebot3_simulations/bin'
[13.888s] INFO:colcon.colcon_core.shell:Creating package script '/workspace/install/turtlebot3_simulations/share/turtlebot3_simulations/package.ps1'
[13.889s] INFO:colcon.colcon_core.shell:Creating package descriptor '/workspace/install/turtlebot3_simulations/share/turtlebot3_simulations/package.dsv'
[13.889s] INFO:colcon.colcon_core.shell:Creating package script '/workspace/install/turtlebot3_simulations/share/turtlebot3_simulations/package.sh'
[13.889s] INFO:colcon.colcon_core.shell:Creating package script '/workspace/install/turtlebot3_simulations/share/turtlebot3_simulations/package.bash'
[13.890s] INFO:colcon.colcon_core.shell:Creating package script '/workspace/install/turtlebot3_simulations/share/turtlebot3_simulations/package.zsh'
[13.890s] Level 1:colcon.colcon_core.environment:create_file_with_runtime_dependencies(/workspace/install/turtlebot3_simulations/share/colcon-core/packages/turtlebot3_simulations)
[13.890s] DEBUG:colcon.colcon_parallel_executor.executor.parallel:closing loop
[13.891s] DEBUG:colcon.colcon_parallel_executor.executor.parallel:loop closed
[13.891s] DEBUG:colcon.colcon_parallel_executor.executor.parallel:run_until_complete finished with '0'
[13.891s] DEBUG:colcon.colcon_core.event_reactor:joining thread
[13.904s] INFO:colcon.colcon_core.plugin_system:Skipping extension 'colcon_notification.desktop_notification.notify_send': Could not find 'notify-send'
[13.905s] INFO:colcon.colcon_core.plugin_system:Skipping extension 'colcon_notification.desktop_notification.terminal_notifier': Not used on non-Darwin systems
[13.905s] INFO:colcon.colcon_core.plugin_system:Skipping extension 'colcon_notification.desktop_notification.win32': Not used on non-Windows systems
[13.905s] INFO:colcon.colcon_notification.desktop_notification:Sending desktop notification using 'notify2'
[13.910s] DEBUG:colcon.colcon_notification.desktop_notification.notify2:Failed to initialize notify2: org.freedesktop.DBus.Error.Spawn.ExecFailed: /usr/bin/dbus-launch terminated abnormally without any error message
[13.910s] DEBUG:colcon.colcon_core.event_reactor:joined thread
[13.913s] INFO:colcon.colcon_core.shell:Creating prefix script '/workspace/install/local_setup.ps1'
[13.919s] INFO:colcon.colcon_core.shell:Creating prefix util module '/workspace/install/_local_setup_util_ps1.py'
[13.921s] INFO:colcon.colcon_core.shell:Creating prefix chain script '/workspace/install/setup.ps1'
[13.923s] INFO:colcon.colcon_core.shell:Creating prefix script '/workspace/install/local_setup.sh'
[13.927s] INFO:colcon.colcon_core.shell:Creating prefix util module '/workspace/install/_local_setup_util_sh.py'
[13.928s] INFO:colcon.colcon_core.shell:Creating prefix chain script '/workspace/install/setup.sh'
[13.930s] INFO:colcon.colcon_core.shell:Creating prefix script '/workspace/install/local_setup.bash'
[13.931s] INFO:colcon.colcon_core.shell:Creating prefix chain script '/workspace/install/setup.bash'
[13.932s] INFO:colcon.colcon_core.shell:Creating prefix script '/workspace/install/local_setup.zsh'
[13.933s] INFO:colcon.colcon_core.shell:Creating prefix chain script '/workspace/install/setup.zsh'
