/workspace/install/path_planner_server/lib/python3.10/site-packages/path_planner_server/nav_to_pose_action_client.py
/workspace/install/path_planner_server/lib/python3.10/site-packages/path_planner_server/__init__.py
/workspace/install/path_planner_server/lib/python3.10/site-packages/path_planner_server/__pycache__/nav_to_pose_action_client.cpython-310.pyc
/workspace/install/path_planner_server/lib/python3.10/site-packages/path_planner_server/__pycache__/__init__.cpython-310.pyc
/workspace/install/path_planner_server/share/ament_index/resource_index/packages/path_planner_server
/workspace/install/path_planner_server/share/path_planner_server/package.xml
/workspace/install/path_planner_server/share/path_planner_server/launch/cartographer-navigation.launch.py
/workspace/install/path_planner_server/share/path_planner_server/launch/navigation.launch.py
/workspace/install/path_planner_server/share/path_planner_server/launch/multi_pathplanner.launch.py
/workspace/install/path_planner_server/share/path_planner_server/launch/pathplanner.launch.py
/workspace/install/path_planner_server/share/path_planner_server/launch/multi_main.launch.xml
/workspace/install/path_planner_server/share/path_planner_server/config/controller.yaml
/workspace/install/path_planner_server/share/path_planner_server/config/tb3_1_bt_navigator.yaml
/workspace/install/path_planner_server/share/path_planner_server/config/behavior.xml
/workspace/install/path_planner_server/share/path_planner_server/config/tb3_1_recovery.yaml
/workspace/install/path_planner_server/share/path_planner_server/config/tb3_0_recovery.yaml
/workspace/install/path_planner_server/share/path_planner_server/config/planner_server.yaml
/workspace/install/path_planner_server/share/path_planner_server/config/recovery.yaml
/workspace/install/path_planner_server/share/path_planner_server/config/tb3_1_planner_server.yaml
/workspace/install/path_planner_server/share/path_planner_server/config/bt_navigator.yaml
/workspace/install/path_planner_server/share/path_planner_server/config/tb3_0_controller.yaml
/workspace/install/path_planner_server/share/path_planner_server/config/tb3_1_controller.yaml
/workspace/install/path_planner_server/share/path_planner_server/config/tb3_0_planner_server.yaml
/workspace/install/path_planner_server/share/path_planner_server/config/tb3_0_bt_navigator.yaml
/workspace/install/path_planner_server/lib/python3.10/site-packages/path_planner_server-0.0.0-py3.10.egg-info/SOURCES.txt
/workspace/install/path_planner_server/lib/python3.10/site-packages/path_planner_server-0.0.0-py3.10.egg-info/dependency_links.txt
/workspace/install/path_planner_server/lib/python3.10/site-packages/path_planner_server-0.0.0-py3.10.egg-info/top_level.txt
/workspace/install/path_planner_server/lib/python3.10/site-packages/path_planner_server-0.0.0-py3.10.egg-info/PKG-INFO
/workspace/install/path_planner_server/lib/python3.10/site-packages/path_planner_server-0.0.0-py3.10.egg-info/zip-safe
/workspace/install/path_planner_server/lib/python3.10/site-packages/path_planner_server-0.0.0-py3.10.egg-info/requires.txt
/workspace/install/path_planner_server/lib/python3.10/site-packages/path_planner_server-0.0.0-py3.10.egg-info/entry_points.txt
/workspace/install/path_planner_server/lib/path_planner_server/nav_to_pose
