[0.950s] Invoking command in '/workspace/src/map_server': PYTHONPATH=/workspace/build/map_server/prefix_override:/workspace/install/map_server/lib/python3.10/site-packages:${PYTHONPATH} /usr/bin/python3 setup.py egg_info --egg-base ../../build/map_server build --build-base /workspace/build/map_server/build install --record /workspace/build/map_server/install.log --single-version-externally-managed
[1.123s] running egg_info
[1.123s] writing ../../build/map_server/map_server.egg-info/PKG-INFO
[1.123s] writing dependency_links to ../../build/map_server/map_server.egg-info/dependency_links.txt
[1.123s] writing entry points to ../../build/map_server/map_server.egg-info/entry_points.txt
[1.123s] writing requirements to ../../build/map_server/map_server.egg-info/requires.txt
[1.124s] writing top-level names to ../../build/map_server/map_server.egg-info/top_level.txt
[1.125s] reading manifest file '../../build/map_server/map_server.egg-info/SOURCES.txt'
[1.125s] writing manifest file '../../build/map_server/map_server.egg-info/SOURCES.txt'
[1.125s] running build
[1.125s] running build_py
[1.126s] copying map_server/__init__.py -> /workspace/build/map_server/build/lib/map_server
[1.126s] running install
[1.126s] running install_lib
[1.126s] copying /workspace/build/map_server/build/lib/map_server/__init__.py -> /workspace/install/map_server/lib/python3.10/site-packages/map_server
[1.127s] byte-compiling /workspace/install/map_server/lib/python3.10/site-packages/map_server/__init__.py to __init__.cpython-310.pyc
[1.127s] running install_data
[1.127s] copying resource/map_server -> /workspace/install/map_server/share/ament_index/resource_index/packages
[1.127s] copying package.xml -> /workspace/install/map_server/share/map_server
[1.127s] copying launch/nav2_map_server.launch.py -> /workspace/install/map_server/share/map_server/launch
[1.128s] copying config/turtlebot_area_two_robots.pgm -> /workspace/install/map_server/share/map_server/config
[1.128s] copying config/turtlebot_area_two_robots.yaml -> /workspace/install/map_server/share/map_server/config
[1.128s] copying config/turtlebot_area_two_robots_clean.pgm -> /workspace/install/map_server/share/map_server/config
[1.128s] copying config/turtlebot_area_two_robots_clean.yaml -> /workspace/install/map_server/share/map_server/config
[1.128s] running install_egg_info
[1.129s] removing '/workspace/install/map_server/lib/python3.10/site-packages/map_server-0.0.0-py3.10.egg-info' (and everything under it)
[1.129s] Copying ../../build/map_server/map_server.egg-info to /workspace/install/map_server/lib/python3.10/site-packages/map_server-0.0.0-py3.10.egg-info
[1.130s] running install_scripts
[1.146s] writing list of installed files to '/workspace/build/map_server/install.log'
[1.168s] Invoked command in '/workspace/src/map_server' returned '0': PYTHONPATH=/workspace/build/map_server/prefix_override:/workspace/install/map_server/lib/python3.10/site-packages:${PYTHONPATH} /usr/bin/python3 setup.py egg_info --egg-base ../../build/map_server build --build-base /workspace/build/map_server/build install --record /workspace/build/map_server/install.log --single-version-externally-managed
