running egg_info
creating ../../build/cartographer_slam/cartographer_slam.egg-info
writing ../../build/cartographer_slam/cartographer_slam.egg-info/PKG-INFO
writing dependency_links to ../../build/cartographer_slam/cartographer_slam.egg-info/dependency_links.txt
writing entry points to ../../build/cartographer_slam/cartographer_slam.egg-info/entry_points.txt
writing requirements to ../../build/cartographer_slam/cartographer_slam.egg-info/requires.txt
writing top-level names to ../../build/cartographer_slam/cartographer_slam.egg-info/top_level.txt
writing manifest file '../../build/cartographer_slam/cartographer_slam.egg-info/SOURCES.txt'
reading manifest file '../../build/cartographer_slam/cartographer_slam.egg-info/SOURCES.txt'
writing manifest file '../../build/cartographer_slam/cartographer_slam.egg-info/SOURCES.txt'
running build
running build_py
creating /workspace/build/cartographer_slam/build
creating /workspace/build/cartographer_slam/build/lib
creating /workspace/build/cartographer_slam/build/lib/cartographer_slam
copying cartographer_slam/__init__.py -> /workspace/build/cartographer_slam/build/lib/cartographer_slam
running install
running install_lib
creating /workspace/install/cartographer_slam/lib/python3.10/site-packages/cartographer_slam
copying /workspace/build/cartographer_slam/build/lib/cartographer_slam/__init__.py -> /workspace/install/cartographer_slam/lib/python3.10/site-packages/cartographer_slam
byte-compiling /workspace/install/cartographer_slam/lib/python3.10/site-packages/cartographer_slam/__init__.py to __init__.cpython-310.pyc
running install_data
creating /workspace/install/cartographer_slam/share/ament_index
creating /workspace/install/cartographer_slam/share/ament_index/resource_index
creating /workspace/install/cartographer_slam/share/ament_index/resource_index/packages
copying resource/cartographer_slam -> /workspace/install/cartographer_slam/share/ament_index/resource_index/packages
copying package.xml -> /workspace/install/cartographer_slam/share/cartographer_slam
creating /workspace/install/cartographer_slam/share/cartographer_slam/launch
copying launch/start_rviz.launch.py -> /workspace/install/cartographer_slam/share/cartographer_slam/launch
copying launch/cartographer.launch.py -> /workspace/install/cartographer_slam/share/cartographer_slam/launch
copying launch/multi_cartographer.launch.py -> /workspace/install/cartographer_slam/share/cartographer_slam/launch
creating /workspace/install/cartographer_slam/share/cartographer_slam/config
copying config/turtlebot_area.pgm -> /workspace/install/cartographer_slam/share/cartographer_slam/config
copying config/cartographer_multi.lua -> /workspace/install/cartographer_slam/share/cartographer_slam/config
copying config/turtlebot_area.yaml -> /workspace/install/cartographer_slam/share/cartographer_slam/config
copying config/cartographer.lua -> /workspace/install/cartographer_slam/share/cartographer_slam/config
creating /workspace/install/cartographer_slam/share/cartographer_slam/rviz
copying rviz/tb3_1_and_2.rviz -> /workspace/install/cartographer_slam/share/cartographer_slam/rviz
running install_egg_info
Copying ../../build/cartographer_slam/cartographer_slam.egg-info to /workspace/install/cartographer_slam/lib/python3.10/site-packages/cartographer_slam-0.0.0-py3.10.egg-info
running install_scripts
writing list of installed files to '/workspace/build/cartographer_slam/install.log'
