[1.017s] Invoking command in '/workspace/src/cartographer_slam': PYTHONPATH=/workspace/build/cartographer_slam/prefix_override:/workspace/install/cartographer_slam/lib/python3.10/site-packages:${PYTHONPATH} /usr/bin/python3 setup.py egg_info --egg-base ../../build/cartographer_slam build --build-base /workspace/build/cartographer_slam/build install --record /workspace/build/cartographer_slam/install.log --single-version-externally-managed
[1.190s] running egg_info
[1.191s] creating ../../build/cartographer_slam/cartographer_slam.egg-info
[1.191s] writing ../../build/cartographer_slam/cartographer_slam.egg-info/PKG-INFO
[1.191s] writing dependency_links to ../../build/cartographer_slam/cartographer_slam.egg-info/dependency_links.txt
[1.191s] writing entry points to ../../build/cartographer_slam/cartographer_slam.egg-info/entry_points.txt
[1.191s] writing requirements to ../../build/cartographer_slam/cartographer_slam.egg-info/requires.txt
[1.191s] writing top-level names to ../../build/cartographer_slam/cartographer_slam.egg-info/top_level.txt
[1.191s] writing manifest file '../../build/cartographer_slam/cartographer_slam.egg-info/SOURCES.txt'
[1.193s] reading manifest file '../../build/cartographer_slam/cartographer_slam.egg-info/SOURCES.txt'
[1.193s] writing manifest file '../../build/cartographer_slam/cartographer_slam.egg-info/SOURCES.txt'
[1.193s] running build
[1.193s] running build_py
[1.193s] creating /workspace/build/cartographer_slam/build
[1.193s] creating /workspace/build/cartographer_slam/build/lib
[1.194s] creating /workspace/build/cartographer_slam/build/lib/cartographer_slam
[1.194s] copying cartographer_slam/__init__.py -> /workspace/build/cartographer_slam/build/lib/cartographer_slam
[1.194s] running install
[1.194s] running install_lib
[1.194s] creating /workspace/install/cartographer_slam/lib/python3.10/site-packages/cartographer_slam
[1.195s] copying /workspace/build/cartographer_slam/build/lib/cartographer_slam/__init__.py -> /workspace/install/cartographer_slam/lib/python3.10/site-packages/cartographer_slam
[1.195s] byte-compiling /workspace/install/cartographer_slam/lib/python3.10/site-packages/cartographer_slam/__init__.py to __init__.cpython-310.pyc
[1.195s] running install_data
[1.195s] creating /workspace/install/cartographer_slam/share/ament_index
[1.195s] creating /workspace/install/cartographer_slam/share/ament_index/resource_index
[1.196s] creating /workspace/install/cartographer_slam/share/ament_index/resource_index/packages
[1.196s] copying resource/cartographer_slam -> /workspace/install/cartographer_slam/share/ament_index/resource_index/packages
[1.196s] copying package.xml -> /workspace/install/cartographer_slam/share/cartographer_slam
[1.196s] creating /workspace/install/cartographer_slam/share/cartographer_slam/launch
[1.196s] copying launch/start_rviz.launch.py -> /workspace/install/cartographer_slam/share/cartographer_slam/launch
[1.196s] copying launch/cartographer.launch.py -> /workspace/install/cartographer_slam/share/cartographer_slam/launch
[1.196s] copying launch/multi_cartographer.launch.py -> /workspace/install/cartographer_slam/share/cartographer_slam/launch
[1.196s] creating /workspace/install/cartographer_slam/share/cartographer_slam/config
[1.196s] copying config/turtlebot_area.pgm -> /workspace/install/cartographer_slam/share/cartographer_slam/config
[1.196s] copying config/cartographer_multi.lua -> /workspace/install/cartographer_slam/share/cartographer_slam/config
[1.196s] copying config/turtlebot_area.yaml -> /workspace/install/cartographer_slam/share/cartographer_slam/config
[1.196s] copying config/cartographer.lua -> /workspace/install/cartographer_slam/share/cartographer_slam/config
[1.196s] creating /workspace/install/cartographer_slam/share/cartographer_slam/rviz
[1.197s] copying rviz/tb3_1_and_2.rviz -> /workspace/install/cartographer_slam/share/cartographer_slam/rviz
[1.197s] running install_egg_info
[1.197s] Copying ../../build/cartographer_slam/cartographer_slam.egg-info to /workspace/install/cartographer_slam/lib/python3.10/site-packages/cartographer_slam-0.0.0-py3.10.egg-info
[1.198s] running install_scripts
[1.214s] writing list of installed files to '/workspace/build/cartographer_slam/install.log'
[1.240s] Invoked command in '/workspace/src/cartographer_slam' returned '0': PYTHONPATH=/workspace/build/cartographer_slam/prefix_override:/workspace/install/cartographer_slam/lib/python3.10/site-packages:${PYTHONPATH} /usr/bin/python3 setup.py egg_info --egg-base ../../build/cartographer_slam build --build-base /workspace/build/cartographer_slam/build install --record /workspace/build/cartographer_slam/install.log --single-version-externally-managed
