running egg_info
writing ../../build/path_planner_server/path_planner_server.egg-info/PKG-INFO
writing dependency_links to ../../build/path_planner_server/path_planner_server.egg-info/dependency_links.txt
writing entry points to ../../build/path_planner_server/path_planner_server.egg-info/entry_points.txt
writing requirements to ../../build/path_planner_server/path_planner_server.egg-info/requires.txt
writing top-level names to ../../build/path_planner_server/path_planner_server.egg-info/top_level.txt
reading manifest file '../../build/path_planner_server/path_planner_server.egg-info/SOURCES.txt'
writing manifest file '../../build/path_planner_server/path_planner_server.egg-info/SOURCES.txt'
running build
running build_py
copying path_planner_server/nav_to_pose_action_client.py -> /workspace/build/path_planner_server/build/lib/path_planner_server
copying path_planner_server/__init__.py -> /workspace/build/path_planner_server/build/lib/path_planner_server
running install
running install_lib
copying /workspace/build/path_planner_server/build/lib/path_planner_server/nav_to_pose_action_client.py -> /workspace/install/path_planner_server/lib/python3.10/site-packages/path_planner_server
copying /workspace/build/path_planner_server/build/lib/path_planner_server/__init__.py -> /workspace/install/path_planner_server/lib/python3.10/site-packages/path_planner_server
byte-compiling /workspace/install/path_planner_server/lib/python3.10/site-packages/path_planner_server/nav_to_pose_action_client.py to nav_to_pose_action_client.cpython-310.pyc
byte-compiling /workspace/install/path_planner_server/lib/python3.10/site-packages/path_planner_server/__init__.py to __init__.cpython-310.pyc
running install_data
copying resource/path_planner_server -> /workspace/install/path_planner_server/share/ament_index/resource_index/packages
copying package.xml -> /workspace/install/path_planner_server/share/path_planner_server
copying launch/cartographer-navigation.launch.py -> /workspace/install/path_planner_server/share/path_planner_server/launch
copying launch/navigation.launch.py -> /workspace/install/path_planner_server/share/path_planner_server/launch
copying launch/multi_pathplanner.launch.py -> /workspace/install/path_planner_server/share/path_planner_server/launch
copying launch/pathplanner.launch.py -> /workspace/install/path_planner_server/share/path_planner_server/launch
copying launch/multi_main.launch.xml -> /workspace/install/path_planner_server/share/path_planner_server/launch
copying config/controller.yaml -> /workspace/install/path_planner_server/share/path_planner_server/config
copying config/tb3_1_bt_navigator.yaml -> /workspace/install/path_planner_server/share/path_planner_server/config
copying config/behavior.xml -> /workspace/install/path_planner_server/share/path_planner_server/config
copying config/tb3_1_recovery.yaml -> /workspace/install/path_planner_server/share/path_planner_server/config
copying config/tb3_0_recovery.yaml -> /workspace/install/path_planner_server/share/path_planner_server/config
copying config/planner_server.yaml -> /workspace/install/path_planner_server/share/path_planner_server/config
copying config/recovery.yaml -> /workspace/install/path_planner_server/share/path_planner_server/config
copying config/tb3_1_planner_server.yaml -> /workspace/install/path_planner_server/share/path_planner_server/config
copying config/bt_navigator.yaml -> /workspace/install/path_planner_server/share/path_planner_server/config
copying config/tb3_0_controller.yaml -> /workspace/install/path_planner_server/share/path_planner_server/config
copying config/tb3_1_controller.yaml -> /workspace/install/path_planner_server/share/path_planner_server/config
copying config/tb3_0_planner_server.yaml -> /workspace/install/path_planner_server/share/path_planner_server/config
copying config/tb3_0_bt_navigator.yaml -> /workspace/install/path_planner_server/share/path_planner_server/config
running install_egg_info
removing '/workspace/install/path_planner_server/lib/python3.10/site-packages/path_planner_server-0.0.0-py3.10.egg-info' (and everything under it)
Copying ../../build/path_planner_server/path_planner_server.egg-info to /workspace/install/path_planner_server/lib/python3.10/site-packages/path_planner_server-0.0.0-py3.10.egg-info
running install_scripts
Installing nav_to_pose script to /workspace/install/path_planner_server/lib/path_planner_server
writing list of installed files to '/workspace/build/path_planner_server/install.log'
