[1.116s] Invoking command in '/workspace/src/cartographer_slam': PYTHONPATH=/workspace/build/cartographer_slam/prefix_override:/workspace/install/cartographer_slam/lib/python3.10/site-packages:${PYTHONPATH} /usr/bin/python3 setup.py egg_info --egg-base ../../build/cartographer_slam build --build-base /workspace/build/cartographer_slam/build install --record /workspace/build/cartographer_slam/install.log --single-version-externally-managed
[1.287s] running egg_info
[1.287s] writing ../../build/cartographer_slam/cartographer_slam.egg-info/PKG-INFO
[1.287s] writing dependency_links to ../../build/cartographer_slam/cartographer_slam.egg-info/dependency_links.txt
[1.288s] writing entry points to ../../build/cartographer_slam/cartographer_slam.egg-info/entry_points.txt
[1.288s] writing requirements to ../../build/cartographer_slam/cartographer_slam.egg-info/requires.txt
[1.288s] writing top-level names to ../../build/cartographer_slam/cartographer_slam.egg-info/top_level.txt
[1.289s] reading manifest file '../../build/cartographer_slam/cartographer_slam.egg-info/SOURCES.txt'
[1.289s] writing manifest file '../../build/cartographer_slam/cartographer_slam.egg-info/SOURCES.txt'
[1.289s] running build
[1.289s] running build_py
[1.290s] running install
[1.290s] running install_lib
[1.291s] running install_data
[1.291s] running install_egg_info
[1.292s] removing '/workspace/install/cartographer_slam/lib/python3.10/site-packages/cartographer_slam-0.0.0-py3.10.egg-info' (and everything under it)
[1.292s] Copying ../../build/cartographer_slam/cartographer_slam.egg-info to /workspace/install/cartographer_slam/lib/python3.10/site-packages/cartographer_slam-0.0.0-py3.10.egg-info
[1.293s] running install_scripts
[1.308s] writing list of installed files to '/workspace/build/cartographer_slam/install.log'
[1.350s] Invoked command in '/workspace/src/cartographer_slam' returned '0': PYTHONPATH=/workspace/build/cartographer_slam/prefix_override:/workspace/install/cartographer_slam/lib/python3.10/site-packages:${PYTHONPATH} /usr/bin/python3 setup.py egg_info --egg-base ../../build/cartographer_slam build --build-base /workspace/build/cartographer_slam/build install --record /workspace/build/cartographer_slam/install.log --single-version-externally-managed
