[0.195s] DEBUG:colcon:Command line arguments: ['/usr/bin/colcon', 'build']
[0.195s] DEBUG:colcon:Parsed command line arguments: Namespace(log_base=None, log_level=None, verb_name='build', build_base='build', install_base='install', merge_install=False, symlink_install=False, test_result_base=None, continue_on_error=False, executor='parallel', parallel_workers=8, event_handlers=None, ignore_user_meta=False, metas=['./colcon.meta'], base_paths=['.'], packages_ignore=None, packages_ignore_regex=None, paths=None, packages_up_to=None, packages_up_to_regex=None, packages_above=None, packages_above_and_dependencies=None, packages_above_depth=None, packages_select_by_dep=None, packages_skip_by_dep=None, packages_skip_up_to=None, packages_select_build_failed=False, packages_skip_build_finished=False, packages_select_test_failures=False, packages_skip_test_passed=False, packages_select=None, packages_skip=None, packages_select_regex=None, packages_skip_regex=None, packages_start=None, packages_end=None, cmake_args=None, cmake_target=None, cmake_target_skip_unavailable=False, cmake_clean_cache=False, cmake_clean_first=False, cmake_force_configure=False, ament_cmake_args=None, catkin_cmake_args=None, catkin_skip_building_tests=False, mixin_files=None, mixin=None, verb_parser=<colcon_mixin.mixin.mixin_argument.MixinArgumentDecorator object at 0x75a481cdf340>, verb_extension=<colcon_core.verb.build.BuildVerb object at 0x75a481cdecb0>, main=<bound method BuildVerb.main of <colcon_core.verb.build.BuildVerb object at 0x75a481cdecb0>>, mixin_verb=('build',))
[0.215s] Level 1:colcon.colcon_core.package_discovery:discover_packages(colcon_meta) check parameters
[0.215s] INFO:colcon.colcon_metadata.package_discovery.colcon_meta:Using configuration from '/root/.colcon/metadata/default/Gazebo.meta'
[0.215s] INFO:colcon.colcon_metadata.package_discovery.colcon_meta:Using configuration from '/root/.colcon/metadata/default/fastrtps.meta'
[0.215s] Level 1:colcon.colcon_core.package_discovery:discover_packages(recursive) check parameters
[0.215s] Level 1:colcon.colcon_core.package_discovery:discover_packages(ignore) check parameters
[0.215s] Level 1:colcon.colcon_core.package_discovery:discover_packages(path) check parameters
[0.215s] Level 1:colcon.colcon_core.package_discovery:discover_packages(colcon_meta) discover
[0.215s] Level 1:colcon.colcon_core.package_discovery:discover_packages(recursive) discover
[0.216s] INFO:colcon.colcon_core.package_discovery:Crawling recursively for packages in '/workspace'
[0.216s] Level 1:colcon.colcon_core.package_identification:_identify(.) by extensions ['ignore', 'ignore_ament_install']
[0.216s] Level 1:colcon.colcon_core.package_identification:_identify(.) by extension 'ignore'
[0.216s] Level 1:colcon.colcon_core.package_identification:_identify(.) by extension 'ignore_ament_install'
[0.216s] Level 1:colcon.colcon_core.package_identification:_identify(.) by extensions ['colcon_pkg']
[0.216s] Level 1:colcon.colcon_core.package_identification:_identify(.) by extension 'colcon_pkg'
[0.216s] Level 1:colcon.colcon_core.package_identification:_identify(.) by extensions ['colcon_meta']
[0.216s] Level 1:colcon.colcon_core.package_identification:_identify(.) by extension 'colcon_meta'
[0.216s] Level 1:colcon.colcon_core.package_identification:_identify(.) by extensions ['ros']
[0.216s] Level 1:colcon.colcon_core.package_identification:_identify(.) by extension 'ros'
[0.223s] Level 1:colcon.colcon_core.package_identification:_identify(.) by extensions ['cmake', 'python']
[0.223s] Level 1:colcon.colcon_core.package_identification:_identify(.) by extension 'cmake'
[0.223s] Level 1:colcon.colcon_core.package_identification:_identify(.) by extension 'python'
[0.223s] Level 1:colcon.colcon_core.package_identification:_identify(.) by extensions ['python_setup_py']
[0.223s] Level 1:colcon.colcon_core.package_identification:_identify(.) by extension 'python_setup_py'
[0.223s] Level 1:colcon.colcon_core.package_identification:_identify(build) by extensions ['ignore', 'ignore_ament_install']
[0.223s] Level 1:colcon.colcon_core.package_identification:_identify(build) by extension 'ignore'
[0.223s] Level 1:colcon.colcon_core.package_identification:_identify(build) ignored
[0.223s] Level 1:colcon.colcon_core.package_identification:_identify(docker) by extensions ['ignore', 'ignore_ament_install']
[0.223s] Level 1:colcon.colcon_core.package_identification:_identify(docker) by extension 'ignore'
[0.223s] Level 1:colcon.colcon_core.package_identification:_identify(docker) by extension 'ignore_ament_install'
[0.223s] Level 1:colcon.colcon_core.package_identification:_identify(docker) by extensions ['colcon_pkg']
[0.223s] Level 1:colcon.colcon_core.package_identification:_identify(docker) by extension 'colcon_pkg'
[0.223s] Level 1:colcon.colcon_core.package_identification:_identify(docker) by extensions ['colcon_meta']
[0.223s] Level 1:colcon.colcon_core.package_identification:_identify(docker) by extension 'colcon_meta'
[0.223s] Level 1:colcon.colcon_core.package_identification:_identify(docker) by extensions ['ros']
[0.223s] Level 1:colcon.colcon_core.package_identification:_identify(docker) by extension 'ros'
[0.223s] Level 1:colcon.colcon_core.package_identification:_identify(docker) by extensions ['cmake', 'python']
[0.223s] Level 1:colcon.colcon_core.package_identification:_identify(docker) by extension 'cmake'
[0.223s] Level 1:colcon.colcon_core.package_identification:_identify(docker) by extension 'python'
[0.223s] Level 1:colcon.colcon_core.package_identification:_identify(docker) by extensions ['python_setup_py']
[0.223s] Level 1:colcon.colcon_core.package_identification:_identify(docker) by extension 'python_setup_py'
[0.223s] Level 1:colcon.colcon_core.package_identification:_identify(install) by extensions ['ignore', 'ignore_ament_install']
[0.223s] Level 1:colcon.colcon_core.package_identification:_identify(install) by extension 'ignore'
[0.223s] Level 1:colcon.colcon_core.package_identification:_identify(install) ignored
[0.223s] Level 1:colcon.colcon_core.package_identification:_identify(log) by extensions ['ignore', 'ignore_ament_install']
[0.224s] Level 1:colcon.colcon_core.package_identification:_identify(log) by extension 'ignore'
[0.224s] Level 1:colcon.colcon_core.package_identification:_identify(log) ignored
[0.224s] Level 1:colcon.colcon_core.package_identification:_identify(src) by extensions ['ignore', 'ignore_ament_install']
[0.224s] Level 1:colcon.colcon_core.package_identification:_identify(src) by extension 'ignore'
[0.224s] Level 1:colcon.colcon_core.package_identification:_identify(src) by extension 'ignore_ament_install'
[0.224s] Level 1:colcon.colcon_core.package_identification:_identify(src) by extensions ['colcon_pkg']
[0.224s] Level 1:colcon.colcon_core.package_identification:_identify(src) by extension 'colcon_pkg'
[0.224s] Level 1:colcon.colcon_core.package_identification:_identify(src) by extensions ['colcon_meta']
[0.224s] Level 1:colcon.colcon_core.package_identification:_identify(src) by extension 'colcon_meta'
[0.224s] Level 1:colcon.colcon_core.package_identification:_identify(src) by extensions ['ros']
[0.224s] Level 1:colcon.colcon_core.package_identification:_identify(src) by extension 'ros'
[0.224s] Level 1:colcon.colcon_core.package_identification:_identify(src) by extensions ['cmake', 'python']
[0.224s] Level 1:colcon.colcon_core.package_identification:_identify(src) by extension 'cmake'
[0.224s] Level 1:colcon.colcon_core.package_identification:_identify(src) by extension 'python'
[0.224s] Level 1:colcon.colcon_core.package_identification:_identify(src) by extensions ['python_setup_py']
[0.224s] Level 1:colcon.colcon_core.package_identification:_identify(src) by extension 'python_setup_py'
[0.224s] Level 1:colcon.colcon_core.package_identification:_identify(src/cartographer_slam) by extensions ['ignore', 'ignore_ament_install']
[0.224s] Level 1:colcon.colcon_core.package_identification:_identify(src/cartographer_slam) by extension 'ignore'
[0.224s] Level 1:colcon.colcon_core.package_identification:_identify(src/cartographer_slam) by extension 'ignore_ament_install'
[0.224s] Level 1:colcon.colcon_core.package_identification:_identify(src/cartographer_slam) by extensions ['colcon_pkg']
[0.224s] Level 1:colcon.colcon_core.package_identification:_identify(src/cartographer_slam) by extension 'colcon_pkg'
[0.224s] Level 1:colcon.colcon_core.package_identification:_identify(src/cartographer_slam) by extensions ['colcon_meta']
[0.224s] Level 1:colcon.colcon_core.package_identification:_identify(src/cartographer_slam) by extension 'colcon_meta'
[0.224s] Level 1:colcon.colcon_core.package_identification:_identify(src/cartographer_slam) by extensions ['ros']
[0.224s] Level 1:colcon.colcon_core.package_identification:_identify(src/cartographer_slam) by extension 'ros'
[0.226s] DEBUG:colcon.colcon_core.package_identification:Package 'src/cartographer_slam' with type 'ros.ament_python' and name 'cartographer_slam'
[0.226s] Level 1:colcon.colcon_core.package_identification:_identify(src/localization_server) by extensions ['ignore', 'ignore_ament_install']
[0.226s] Level 1:colcon.colcon_core.package_identification:_identify(src/localization_server) by extension 'ignore'
[0.226s] Level 1:colcon.colcon_core.package_identification:_identify(src/localization_server) by extension 'ignore_ament_install'
[0.226s] Level 1:colcon.colcon_core.package_identification:_identify(src/localization_server) by extensions ['colcon_pkg']
[0.226s] Level 1:colcon.colcon_core.package_identification:_identify(src/localization_server) by extension 'colcon_pkg'
[0.226s] Level 1:colcon.colcon_core.package_identification:_identify(src/localization_server) by extensions ['colcon_meta']
[0.226s] Level 1:colcon.colcon_core.package_identification:_identify(src/localization_server) by extension 'colcon_meta'
[0.226s] Level 1:colcon.colcon_core.package_identification:_identify(src/localization_server) by extensions ['ros']
[0.226s] Level 1:colcon.colcon_core.package_identification:_identify(src/localization_server) by extension 'ros'
[0.226s] DEBUG:colcon.colcon_core.package_identification:Package 'src/localization_server' with type 'ros.ament_python' and name 'localization_server'
[0.226s] Level 1:colcon.colcon_core.package_identification:_identify(src/map_server) by extensions ['ignore', 'ignore_ament_install']
[0.226s] Level 1:colcon.colcon_core.package_identification:_identify(src/map_server) by extension 'ignore'
[0.226s] Level 1:colcon.colcon_core.package_identification:_identify(src/map_server) by extension 'ignore_ament_install'
[0.226s] Level 1:colcon.colcon_core.package_identification:_identify(src/map_server) by extensions ['colcon_pkg']
[0.226s] Level 1:colcon.colcon_core.package_identification:_identify(src/map_server) by extension 'colcon_pkg'
[0.226s] Level 1:colcon.colcon_core.package_identification:_identify(src/map_server) by extensions ['colcon_meta']
[0.226s] Level 1:colcon.colcon_core.package_identification:_identify(src/map_server) by extension 'colcon_meta'
[0.226s] Level 1:colcon.colcon_core.package_identification:_identify(src/map_server) by extensions ['ros']
[0.226s] Level 1:colcon.colcon_core.package_identification:_identify(src/map_server) by extension 'ros'
[0.227s] DEBUG:colcon.colcon_core.package_identification:Package 'src/map_server' with type 'ros.ament_python' and name 'map_server'
[0.227s] Level 1:colcon.colcon_core.package_identification:_identify(src/path_planner_server) by extensions ['ignore', 'ignore_ament_install']
[0.227s] Level 1:colcon.colcon_core.package_identification:_identify(src/path_planner_server) by extension 'ignore'
[0.227s] Level 1:colcon.colcon_core.package_identification:_identify(src/path_planner_server) by extension 'ignore_ament_install'
[0.227s] Level 1:colcon.colcon_core.package_identification:_identify(src/path_planner_server) by extensions ['colcon_pkg']
[0.227s] Level 1:colcon.colcon_core.package_identification:_identify(src/path_planner_server) by extension 'colcon_pkg'
[0.227s] Level 1:colcon.colcon_core.package_identification:_identify(src/path_planner_server) by extensions ['colcon_meta']
[0.227s] Level 1:colcon.colcon_core.package_identification:_identify(src/path_planner_server) by extension 'colcon_meta'
[0.227s] Level 1:colcon.colcon_core.package_identification:_identify(src/path_planner_server) by extensions ['ros']
[0.227s] Level 1:colcon.colcon_core.package_identification:_identify(src/path_planner_server) by extension 'ros'
[0.227s] DEBUG:colcon.colcon_core.package_identification:Package 'src/path_planner_server' with type 'ros.ament_python' and name 'path_planner_server'
[0.227s] Level 1:colcon.colcon_core.package_identification:_identify(src/turtlebot3_description) by extensions ['ignore', 'ignore_ament_install']
[0.227s] Level 1:colcon.colcon_core.package_identification:_identify(src/turtlebot3_description) by extension 'ignore'
[0.227s] Level 1:colcon.colcon_core.package_identification:_identify(src/turtlebot3_description) by extension 'ignore_ament_install'
[0.227s] Level 1:colcon.colcon_core.package_identification:_identify(src/turtlebot3_description) by extensions ['colcon_pkg']
[0.227s] Level 1:colcon.colcon_core.package_identification:_identify(src/turtlebot3_description) by extension 'colcon_pkg'
[0.227s] Level 1:colcon.colcon_core.package_identification:_identify(src/turtlebot3_description) by extensions ['colcon_meta']
[0.227s] Level 1:colcon.colcon_core.package_identification:_identify(src/turtlebot3_description) by extension 'colcon_meta'
[0.227s] Level 1:colcon.colcon_core.package_identification:_identify(src/turtlebot3_description) by extensions ['ros']
[0.227s] Level 1:colcon.colcon_core.package_identification:_identify(src/turtlebot3_description) by extension 'ros'
[0.228s] DEBUG:colcon.colcon_core.package_identification:Package 'src/turtlebot3_description' with type 'ros.ament_cmake' and name 'turtlebot3_description'
[0.228s] Level 1:colcon.colcon_core.package_identification:_identify(src/turtlebot3_simulations) by extensions ['ignore', 'ignore_ament_install']
[0.228s] Level 1:colcon.colcon_core.package_identification:_identify(src/turtlebot3_simulations) by extension 'ignore'
[0.228s] Level 1:colcon.colcon_core.package_identification:_identify(src/turtlebot3_simulations) by extension 'ignore_ament_install'
[0.228s] Level 1:colcon.colcon_core.package_identification:_identify(src/turtlebot3_simulations) by extensions ['colcon_pkg']
[0.228s] Level 1:colcon.colcon_core.package_identification:_identify(src/turtlebot3_simulations) by extension 'colcon_pkg'
[0.228s] Level 1:colcon.colcon_core.package_identification:_identify(src/turtlebot3_simulations) by extensions ['colcon_meta']
[0.228s] Level 1:colcon.colcon_core.package_identification:_identify(src/turtlebot3_simulations) by extension 'colcon_meta'
[0.228s] Level 1:colcon.colcon_core.package_identification:_identify(src/turtlebot3_simulations) by extensions ['ros']
[0.228s] Level 1:colcon.colcon_core.package_identification:_identify(src/turtlebot3_simulations) by extension 'ros'
[0.228s] Level 1:colcon.colcon_core.package_identification:_identify(src/turtlebot3_simulations) by extensions ['cmake', 'python']
[0.228s] Level 1:colcon.colcon_core.package_identification:_identify(src/turtlebot3_simulations) by extension 'cmake'
[0.228s] Level 1:colcon.colcon_core.package_identification:_identify(src/turtlebot3_simulations) by extension 'python'
[0.228s] Level 1:colcon.colcon_core.package_identification:_identify(src/turtlebot3_simulations) by extensions ['python_setup_py']
[0.228s] Level 1:colcon.colcon_core.package_identification:_identify(src/turtlebot3_simulations) by extension 'python_setup_py'
[0.228s] Level 1:colcon.colcon_core.package_identification:_identify(src/turtlebot3_simulations/turtlebot3_gazebo) by extensions ['ignore', 'ignore_ament_install']
[0.228s] Level 1:colcon.colcon_core.package_identification:_identify(src/turtlebot3_simulations/turtlebot3_gazebo) by extension 'ignore'
[0.228s] Level 1:colcon.colcon_core.package_identification:_identify(src/turtlebot3_simulations/turtlebot3_gazebo) by extension 'ignore_ament_install'
[0.228s] Level 1:colcon.colcon_core.package_identification:_identify(src/turtlebot3_simulations/turtlebot3_gazebo) by extensions ['colcon_pkg']
[0.228s] Level 1:colcon.colcon_core.package_identification:_identify(src/turtlebot3_simulations/turtlebot3_gazebo) by extension 'colcon_pkg'
[0.228s] Level 1:colcon.colcon_core.package_identification:_identify(src/turtlebot3_simulations/turtlebot3_gazebo) by extensions ['colcon_meta']
[0.228s] Level 1:colcon.colcon_core.package_identification:_identify(src/turtlebot3_simulations/turtlebot3_gazebo) by extension 'colcon_meta'
[0.228s] Level 1:colcon.colcon_core.package_identification:_identify(src/turtlebot3_simulations/turtlebot3_gazebo) by extensions ['ros']
[0.228s] Level 1:colcon.colcon_core.package_identification:_identify(src/turtlebot3_simulations/turtlebot3_gazebo) by extension 'ros'
[0.229s] DEBUG:colcon.colcon_core.package_identification:Package 'src/turtlebot3_simulations/turtlebot3_gazebo' with type 'ros.ament_cmake' and name 'turtlebot3_gazebo'
[0.229s] Level 1:colcon.colcon_core.package_identification:_identify(src/turtlebot3_simulations/turtlebot3_simulations) by extensions ['ignore', 'ignore_ament_install']
[0.229s] Level 1:colcon.colcon_core.package_identification:_identify(src/turtlebot3_simulations/turtlebot3_simulations) by extension 'ignore'
[0.229s] Level 1:colcon.colcon_core.package_identification:_identify(src/turtlebot3_simulations/turtlebot3_simulations) by extension 'ignore_ament_install'
[0.229s] Level 1:colcon.colcon_core.package_identification:_identify(src/turtlebot3_simulations/turtlebot3_simulations) by extensions ['colcon_pkg']
[0.229s] Level 1:colcon.colcon_core.package_identification:_identify(src/turtlebot3_simulations/turtlebot3_simulations) by extension 'colcon_pkg'
[0.229s] Level 1:colcon.colcon_core.package_identification:_identify(src/turtlebot3_simulations/turtlebot3_simulations) by extensions ['colcon_meta']
[0.229s] Level 1:colcon.colcon_core.package_identification:_identify(src/turtlebot3_simulations/turtlebot3_simulations) by extension 'colcon_meta'
[0.229s] Level 1:colcon.colcon_core.package_identification:_identify(src/turtlebot3_simulations/turtlebot3_simulations) by extensions ['ros']
[0.229s] Level 1:colcon.colcon_core.package_identification:_identify(src/turtlebot3_simulations/turtlebot3_simulations) by extension 'ros'
[0.229s] DEBUG:colcon.colcon_core.package_identification:Package 'src/turtlebot3_simulations/turtlebot3_simulations' with type 'ros.ament_cmake' and name 'turtlebot3_simulations'
[0.230s] Level 1:colcon.colcon_core.package_discovery:discover_packages(recursive) using defaults
[0.230s] Level 1:colcon.colcon_core.package_discovery:discover_packages(ignore) discover
[0.230s] Level 1:colcon.colcon_core.package_discovery:discover_packages(ignore) using defaults
[0.230s] Level 1:colcon.colcon_core.package_discovery:discover_packages(path) discover
[0.230s] Level 1:colcon.colcon_core.package_discovery:discover_packages(path) using defaults
[0.244s] Level 5:colcon.colcon_core.verb:set package 'cartographer_slam' build argument 'cmake_args' from command line to 'None'
[0.244s] Level 5:colcon.colcon_core.verb:set package 'cartographer_slam' build argument 'cmake_target' from command line to 'None'
[0.244s] Level 5:colcon.colcon_core.verb:set package 'cartographer_slam' build argument 'cmake_target_skip_unavailable' from command line to 'False'
[0.244s] Level 5:colcon.colcon_core.verb:set package 'cartographer_slam' build argument 'cmake_clean_cache' from command line to 'False'
[0.244s] Level 5:colcon.colcon_core.verb:set package 'cartographer_slam' build argument 'cmake_clean_first' from command line to 'False'
[0.244s] Level 5:colcon.colcon_core.verb:set package 'cartographer_slam' build argument 'cmake_force_configure' from command line to 'False'
[0.244s] Level 5:colcon.colcon_core.verb:set package 'cartographer_slam' build argument 'ament_cmake_args' from command line to 'None'
[0.244s] Level 5:colcon.colcon_core.verb:set package 'cartographer_slam' build argument 'catkin_cmake_args' from command line to 'None'
[0.244s] Level 5:colcon.colcon_core.verb:set package 'cartographer_slam' build argument 'catkin_skip_building_tests' from command line to 'False'
[0.244s] DEBUG:colcon.colcon_core.verb:Building package 'cartographer_slam' with the following arguments: {'ament_cmake_args': None, 'build_base': '/workspace/build/cartographer_slam', 'catkin_cmake_args': None, 'catkin_skip_building_tests': False, 'cmake_args': None, 'cmake_clean_cache': False, 'cmake_clean_first': False, 'cmake_force_configure': False, 'cmake_target': None, 'cmake_target_skip_unavailable': False, 'install_base': '/workspace/install/cartographer_slam', 'merge_install': False, 'path': '/workspace/src/cartographer_slam', 'symlink_install': False, 'test_result_base': None}
[0.245s] Level 5:colcon.colcon_core.verb:set package 'localization_server' build argument 'cmake_args' from command line to 'None'
[0.245s] Level 5:colcon.colcon_core.verb:set package 'localization_server' build argument 'cmake_target' from command line to 'None'
[0.245s] Level 5:colcon.colcon_core.verb:set package 'localization_server' build argument 'cmake_target_skip_unavailable' from command line to 'False'
[0.245s] Level 5:colcon.colcon_core.verb:set package 'localization_server' build argument 'cmake_clean_cache' from command line to 'False'
[0.245s] Level 5:colcon.colcon_core.verb:set package 'localization_server' build argument 'cmake_clean_first' from command line to 'False'
[0.245s] Level 5:colcon.colcon_core.verb:set package 'localization_server' build argument 'cmake_force_configure' from command line to 'False'
[0.245s] Level 5:colcon.colcon_core.verb:set package 'localization_server' build argument 'ament_cmake_args' from command line to 'None'
[0.245s] Level 5:colcon.colcon_core.verb:set package 'localization_server' build argument 'catkin_cmake_args' from command line to 'None'
[0.245s] Level 5:colcon.colcon_core.verb:set package 'localization_server' build argument 'catkin_skip_building_tests' from command line to 'False'
[0.245s] DEBUG:colcon.colcon_core.verb:Building package 'localization_server' with the following arguments: {'ament_cmake_args': None, 'build_base': '/workspace/build/localization_server', 'catkin_cmake_args': None, 'catkin_skip_building_tests': False, 'cmake_args': None, 'cmake_clean_cache': False, 'cmake_clean_first': False, 'cmake_force_configure': False, 'cmake_target': None, 'cmake_target_skip_unavailable': False, 'install_base': '/workspace/install/localization_server', 'merge_install': False, 'path': '/workspace/src/localization_server', 'symlink_install': False, 'test_result_base': None}
[0.246s] Level 5:colcon.colcon_core.verb:set package 'map_server' build argument 'cmake_args' from command line to 'None'
[0.246s] Level 5:colcon.colcon_core.verb:set package 'map_server' build argument 'cmake_target' from command line to 'None'
[0.246s] Level 5:colcon.colcon_core.verb:set package 'map_server' build argument 'cmake_target_skip_unavailable' from command line to 'False'
[0.246s] Level 5:colcon.colcon_core.verb:set package 'map_server' build argument 'cmake_clean_cache' from command line to 'False'
[0.246s] Level 5:colcon.colcon_core.verb:set package 'map_server' build argument 'cmake_clean_first' from command line to 'False'
[0.246s] Level 5:colcon.colcon_core.verb:set package 'map_server' build argument 'cmake_force_configure' from command line to 'False'
[0.246s] Level 5:colcon.colcon_core.verb:set package 'map_server' build argument 'ament_cmake_args' from command line to 'None'
[0.246s] Level 5:colcon.colcon_core.verb:set package 'map_server' build argument 'catkin_cmake_args' from command line to 'None'
[0.246s] Level 5:colcon.colcon_core.verb:set package 'map_server' build argument 'catkin_skip_building_tests' from command line to 'False'
[0.246s] DEBUG:colcon.colcon_core.verb:Building package 'map_server' with the following arguments: {'ament_cmake_args': None, 'build_base': '/workspace/build/map_server', 'catkin_cmake_args': None, 'catkin_skip_building_tests': False, 'cmake_args': None, 'cmake_clean_cache': False, 'cmake_clean_first': False, 'cmake_force_configure': False, 'cmake_target': None, 'cmake_target_skip_unavailable': False, 'install_base': '/workspace/install/map_server', 'merge_install': False, 'path': '/workspace/src/map_server', 'symlink_install': False, 'test_result_base': None}
[0.246s] Level 5:colcon.colcon_core.verb:set package 'path_planner_server' build argument 'cmake_args' from command line to 'None'
[0.246s] Level 5:colcon.colcon_core.verb:set package 'path_planner_server' build argument 'cmake_target' from command line to 'None'
[0.246s] Level 5:colcon.colcon_core.verb:set package 'path_planner_server' build argument 'cmake_target_skip_unavailable' from command line to 'False'
[0.246s] Level 5:colcon.colcon_core.verb:set package 'path_planner_server' build argument 'cmake_clean_cache' from command line to 'False'
[0.246s] Level 5:colcon.colcon_core.verb:set package 'path_planner_server' build argument 'cmake_clean_first' from command line to 'False'
[0.246s] Level 5:colcon.colcon_core.verb:set package 'path_planner_server' build argument 'cmake_force_configure' from command line to 'False'
[0.246s] Level 5:colcon.colcon_core.verb:set package 'path_planner_server' build argument 'ament_cmake_args' from command line to 'None'
[0.246s] Level 5:colcon.colcon_core.verb:set package 'path_planner_server' build argument 'catkin_cmake_args' from command line to 'None'
[0.246s] Level 5:colcon.colcon_core.verb:set package 'path_planner_server' build argument 'catkin_skip_building_tests' from command line to 'False'
[0.246s] DEBUG:colcon.colcon_core.verb:Building package 'path_planner_server' with the following arguments: {'ament_cmake_args': None, 'build_base': '/workspace/build/path_planner_server', 'catkin_cmake_args': None, 'catkin_skip_building_tests': False, 'cmake_args': None, 'cmake_clean_cache': False, 'cmake_clean_first': False, 'cmake_force_configure': False, 'cmake_target': None, 'cmake_target_skip_unavailable': False, 'install_base': '/workspace/install/path_planner_server', 'merge_install': False, 'path': '/workspace/src/path_planner_server', 'symlink_install': False, 'test_result_base': None}
[0.247s] Level 5:colcon.colcon_core.verb:set package 'turtlebot3_description' build argument 'cmake_args' from command line to 'None'
[0.247s] Level 5:colcon.colcon_core.verb:set package 'turtlebot3_description' build argument 'cmake_target' from command line to 'None'
[0.247s] Level 5:colcon.colcon_core.verb:set package 'turtlebot3_description' build argument 'cmake_target_skip_unavailable' from command line to 'False'
[0.247s] Level 5:colcon.colcon_core.verb:set package 'turtlebot3_description' build argument 'cmake_clean_cache' from command line to 'False'
[0.247s] Level 5:colcon.colcon_core.verb:set package 'turtlebot3_description' build argument 'cmake_clean_first' from command line to 'False'
[0.247s] Level 5:colcon.colcon_core.verb:set package 'turtlebot3_description' build argument 'cmake_force_configure' from command line to 'False'
[0.247s] Level 5:colcon.colcon_core.verb:set package 'turtlebot3_description' build argument 'ament_cmake_args' from command line to 'None'
[0.247s] Level 5:colcon.colcon_core.verb:set package 'turtlebot3_description' build argument 'catkin_cmake_args' from command line to 'None'
[0.247s] Level 5:colcon.colcon_core.verb:set package 'turtlebot3_description' build argument 'catkin_skip_building_tests' from command line to 'False'
[0.247s] DEBUG:colcon.colcon_core.verb:Building package 'turtlebot3_description' with the following arguments: {'ament_cmake_args': None, 'build_base': '/workspace/build/turtlebot3_description', 'catkin_cmake_args': None, 'catkin_skip_building_tests': False, 'cmake_args': None, 'cmake_clean_cache': False, 'cmake_clean_first': False, 'cmake_force_configure': False, 'cmake_target': None, 'cmake_target_skip_unavailable': False, 'install_base': '/workspace/install/turtlebot3_description', 'merge_install': False, 'path': '/workspace/src/turtlebot3_description', 'symlink_install': False, 'test_result_base': None}
[0.247s] Level 5:colcon.colcon_core.verb:set package 'turtlebot3_gazebo' build argument 'cmake_args' from command line to 'None'
[0.247s] Level 5:colcon.colcon_core.verb:set package 'turtlebot3_gazebo' build argument 'cmake_target' from command line to 'None'
[0.247s] Level 5:colcon.colcon_core.verb:set package 'turtlebot3_gazebo' build argument 'cmake_target_skip_unavailable' from command line to 'False'
[0.247s] Level 5:colcon.colcon_core.verb:set package 'turtlebot3_gazebo' build argument 'cmake_clean_cache' from command line to 'False'
[0.247s] Level 5:colcon.colcon_core.verb:set package 'turtlebot3_gazebo' build argument 'cmake_clean_first' from command line to 'False'
[0.247s] Level 5:colcon.colcon_core.verb:set package 'turtlebot3_gazebo' build argument 'cmake_force_configure' from command line to 'False'
[0.247s] Level 5:colcon.colcon_core.verb:set package 'turtlebot3_gazebo' build argument 'ament_cmake_args' from command line to 'None'
[0.247s] Level 5:colcon.colcon_core.verb:set package 'turtlebot3_gazebo' build argument 'catkin_cmake_args' from command line to 'None'
[0.248s] Level 5:colcon.colcon_core.verb:set package 'turtlebot3_gazebo' build argument 'catkin_skip_building_tests' from command line to 'False'
[0.248s] DEBUG:colcon.colcon_core.verb:Building package 'turtlebot3_gazebo' with the following arguments: {'ament_cmake_args': None, 'build_base': '/workspace/build/turtlebot3_gazebo', 'catkin_cmake_args': None, 'catkin_skip_building_tests': False, 'cmake_args': None, 'cmake_clean_cache': False, 'cmake_clean_first': False, 'cmake_force_configure': False, 'cmake_target': None, 'cmake_target_skip_unavailable': False, 'install_base': '/workspace/install/turtlebot3_gazebo', 'merge_install': False, 'path': '/workspace/src/turtlebot3_simulations/turtlebot3_gazebo', 'symlink_install': False, 'test_result_base': None}
[0.248s] Level 5:colcon.colcon_core.verb:set package 'turtlebot3_simulations' build argument 'cmake_args' from command line to 'None'
[0.248s] Level 5:colcon.colcon_core.verb:set package 'turtlebot3_simulations' build argument 'cmake_target' from command line to 'None'
[0.248s] Level 5:colcon.colcon_core.verb:set package 'turtlebot3_simulations' build argument 'cmake_target_skip_unavailable' from command line to 'False'
[0.248s] Level 5:colcon.colcon_core.verb:set package 'turtlebot3_simulations' build argument 'cmake_clean_cache' from command line to 'False'
[0.248s] Level 5:colcon.colcon_core.verb:set package 'turtlebot3_simulations' build argument 'cmake_clean_first' from command line to 'False'
[0.248s] Level 5:colcon.colcon_core.verb:set package 'turtlebot3_simulations' build argument 'cmake_force_configure' from command line to 'False'
[0.248s] Level 5:colcon.colcon_core.verb:set package 'turtlebot3_simulations' build argument 'ament_cmake_args' from command line to 'None'
[0.248s] Level 5:colcon.colcon_core.verb:set package 'turtlebot3_simulations' build argument 'catkin_cmake_args' from command line to 'None'
[0.248s] Level 5:colcon.colcon_core.verb:set package 'turtlebot3_simulations' build argument 'catkin_skip_building_tests' from command line to 'False'
[0.248s] DEBUG:colcon.colcon_core.verb:Building package 'turtlebot3_simulations' with the following arguments: {'ament_cmake_args': None, 'build_base': '/workspace/build/turtlebot3_simulations', 'catkin_cmake_args': None, 'catkin_skip_building_tests': False, 'cmake_args': None, 'cmake_clean_cache': False, 'cmake_clean_first': False, 'cmake_force_configure': False, 'cmake_target': None, 'cmake_target_skip_unavailable': False, 'install_base': '/workspace/install/turtlebot3_simulations', 'merge_install': False, 'path': '/workspace/src/turtlebot3_simulations/turtlebot3_simulations', 'symlink_install': False, 'test_result_base': None}
[0.248s] INFO:colcon.colcon_core.executor:Executing jobs using 'parallel' executor
[0.251s] DEBUG:colcon.colcon_parallel_executor.executor.parallel:run_until_complete
[0.251s] INFO:colcon.colcon_ros.task.ament_cmake.build:Building ROS package in '/workspace/src/turtlebot3_description' with build type 'ament_cmake'
[0.251s] INFO:colcon.colcon_cmake.task.cmake.build:Building CMake package in '/workspace/src/turtlebot3_description'
[0.254s] INFO:colcon.colcon_core.plugin_system:Skipping extension 'colcon_core.shell.bat': Not used on non-Windows systems
[0.254s] INFO:colcon.colcon_core.shell:Skip shell extension 'powershell' for command environment: Not usable outside of PowerShell
[0.254s] DEBUG:colcon.colcon_core.shell:Skip shell extension 'dsv' for command environment
[0.258s] INFO:colcon.colcon_ros.task.ament_python.build:Building ROS package in '/workspace/src/cartographer_slam' with build type 'ament_python'
[0.258s] Level 1:colcon.colcon_core.shell:create_environment_hook('cartographer_slam', 'ament_prefix_path')
[0.259s] INFO:colcon.colcon_core.shell:Creating environment hook '/workspace/install/cartographer_slam/share/cartographer_slam/hook/ament_prefix_path.ps1'
[0.259s] INFO:colcon.colcon_core.shell:Creating environment descriptor '/workspace/install/cartographer_slam/share/cartographer_slam/hook/ament_prefix_path.dsv'
[0.259s] INFO:colcon.colcon_core.shell:Creating environment hook '/workspace/install/cartographer_slam/share/cartographer_slam/hook/ament_prefix_path.sh'
[0.260s] INFO:colcon.colcon_core.shell:Skip shell extension 'powershell' for command environment: Not usable outside of PowerShell
[0.260s] DEBUG:colcon.colcon_core.shell:Skip shell extension 'dsv' for command environment
[0.263s] INFO:colcon.colcon_ros.task.ament_python.build:Building ROS package in '/workspace/src/localization_server' with build type 'ament_python'
[0.263s] Level 1:colcon.colcon_core.shell:create_environment_hook('localization_server', 'ament_prefix_path')
[0.265s] INFO:colcon.colcon_core.shell:Creating environment hook '/workspace/install/localization_server/share/localization_server/hook/ament_prefix_path.ps1'
[0.265s] INFO:colcon.colcon_core.shell:Creating environment descriptor '/workspace/install/localization_server/share/localization_server/hook/ament_prefix_path.dsv'
[0.265s] INFO:colcon.colcon_core.shell:Creating environment hook '/workspace/install/localization_server/share/localization_server/hook/ament_prefix_path.sh'
[0.267s] INFO:colcon.colcon_core.shell:Skip shell extension 'powershell' for command environment: Not usable outside of PowerShell
[0.267s] DEBUG:colcon.colcon_core.shell:Skip shell extension 'dsv' for command environment
[0.270s] INFO:colcon.colcon_ros.task.ament_python.build:Building ROS package in '/workspace/src/map_server' with build type 'ament_python'
[0.270s] Level 1:colcon.colcon_core.shell:create_environment_hook('map_server', 'ament_prefix_path')
[0.271s] INFO:colcon.colcon_core.shell:Creating environment hook '/workspace/install/map_server/share/map_server/hook/ament_prefix_path.ps1'
[0.272s] INFO:colcon.colcon_core.shell:Creating environment descriptor '/workspace/install/map_server/share/map_server/hook/ament_prefix_path.dsv'
[0.272s] INFO:colcon.colcon_core.shell:Creating environment hook '/workspace/install/map_server/share/map_server/hook/ament_prefix_path.sh'
[0.273s] INFO:colcon.colcon_core.shell:Skip shell extension 'powershell' for command environment: Not usable outside of PowerShell
[0.273s] DEBUG:colcon.colcon_core.shell:Skip shell extension 'dsv' for command environment
[0.275s] INFO:colcon.colcon_ros.task.ament_python.build:Building ROS package in '/workspace/src/path_planner_server' with build type 'ament_python'
[0.275s] Level 1:colcon.colcon_core.shell:create_environment_hook('path_planner_server', 'ament_prefix_path')
[0.276s] INFO:colcon.colcon_core.shell:Creating environment hook '/workspace/install/path_planner_server/share/path_planner_server/hook/ament_prefix_path.ps1'
[0.276s] INFO:colcon.colcon_core.shell:Creating environment descriptor '/workspace/install/path_planner_server/share/path_planner_server/hook/ament_prefix_path.dsv'
[0.277s] INFO:colcon.colcon_core.shell:Creating environment hook '/workspace/install/path_planner_server/share/path_planner_server/hook/ament_prefix_path.sh'
[0.277s] INFO:colcon.colcon_core.shell:Skip shell extension 'powershell' for command environment: Not usable outside of PowerShell
[0.278s] DEBUG:colcon.colcon_core.shell:Skip shell extension 'dsv' for command environment
[0.284s] DEBUG:colcon.colcon_core.event_handler.log_command:Invoking command in '/workspace/build/turtlebot3_description': CMAKE_PREFIX_PATH=${CMAKE_PREFIX_PATH}:/workspace/install/path_planner_server:/workspace/install/map_server:/workspace/install/localization_server:/workspace/install/cartographer_slam:/opt/ros/humble /usr/bin/cmake --build /workspace/build/turtlebot3_description -- -j8 -l8
[0.443s] INFO:colcon.colcon_core.task.python.build:Building Python package in '/workspace/src/cartographer_slam'
[0.444s] INFO:colcon.colcon_core.shell:Skip shell extension 'powershell' for command environment: Not usable outside of PowerShell
[0.444s] DEBUG:colcon.colcon_core.shell:Skip shell extension 'dsv' for command environment
[0.604s] INFO:colcon.colcon_core.task.python.build:Building Python package in '/workspace/src/localization_server'
[0.605s] INFO:colcon.colcon_core.shell:Skip shell extension 'powershell' for command environment: Not usable outside of PowerShell
[0.605s] DEBUG:colcon.colcon_core.shell:Skip shell extension 'dsv' for command environment
[0.762s] INFO:colcon.colcon_core.task.python.build:Building Python package in '/workspace/src/map_server'
[0.763s] INFO:colcon.colcon_core.shell:Skip shell extension 'powershell' for command environment: Not usable outside of PowerShell
[0.763s] DEBUG:colcon.colcon_core.shell:Skip shell extension 'dsv' for command environment
[0.768s] DEBUG:colcon.colcon_core.event_handler.log_command:Invoked command in '/workspace/build/turtlebot3_description' returned '0': CMAKE_PREFIX_PATH=${CMAKE_PREFIX_PATH}:/workspace/install/path_planner_server:/workspace/install/map_server:/workspace/install/localization_server:/workspace/install/cartographer_slam:/opt/ros/humble /usr/bin/cmake --build /workspace/build/turtlebot3_description -- -j8 -l8
[0.923s] INFO:colcon.colcon_core.task.python.build:Building Python package in '/workspace/src/path_planner_server'
[0.924s] INFO:colcon.colcon_core.shell:Skip shell extension 'powershell' for command environment: Not usable outside of PowerShell
[0.924s] DEBUG:colcon.colcon_core.shell:Skip shell extension 'dsv' for command environment
[0.939s] DEBUG:colcon.colcon_core.event_handler.log_command:Invoking command in '/workspace/build/turtlebot3_description': CMAKE_PREFIX_PATH=${CMAKE_PREFIX_PATH}:/workspace/install/path_planner_server:/workspace/install/map_server:/workspace/install/localization_server:/workspace/install/cartographer_slam:/opt/ros/humble /usr/bin/cmake --install /workspace/build/turtlebot3_description
[0.976s] Level 1:colcon.colcon_core.environment:create_environment_scripts_only(turtlebot3_description)
[0.977s] DEBUG:colcon.colcon_core.event_handler.log_command:Invoked command in '/workspace/build/turtlebot3_description' returned '0': CMAKE_PREFIX_PATH=${CMAKE_PREFIX_PATH}:/workspace/install/path_planner_server:/workspace/install/map_server:/workspace/install/localization_server:/workspace/install/cartographer_slam:/opt/ros/humble /usr/bin/cmake --install /workspace/build/turtlebot3_description
[0.980s] Level 1:colcon.colcon_core.environment:checking '/workspace/install/turtlebot3_description' for CMake module files
[0.980s] Level 1:colcon.colcon_core.environment:checking '/workspace/install/turtlebot3_description' for CMake config files
[0.980s] Level 1:colcon.colcon_core.shell:create_environment_hook('turtlebot3_description', 'cmake_prefix_path')
[0.981s] INFO:colcon.colcon_core.shell:Creating environment hook '/workspace/install/turtlebot3_description/share/turtlebot3_description/hook/cmake_prefix_path.ps1'
[0.982s] INFO:colcon.colcon_core.shell:Creating environment descriptor '/workspace/install/turtlebot3_description/share/turtlebot3_description/hook/cmake_prefix_path.dsv'
[0.982s] INFO:colcon.colcon_core.shell:Creating environment hook '/workspace/install/turtlebot3_description/share/turtlebot3_description/hook/cmake_prefix_path.sh'
[0.982s] Level 1:colcon.colcon_core.environment:checking '/workspace/install/turtlebot3_description/bin'
[0.982s] Level 1:colcon.colcon_core.environment:checking '/workspace/install/turtlebot3_description/lib/pkgconfig/turtlebot3_description.pc'
[0.982s] Level 1:colcon.colcon_core.environment:checking '/workspace/install/turtlebot3_description/lib/python3.10/site-packages'
[0.982s] Level 1:colcon.colcon_core.environment:checking '/workspace/install/turtlebot3_description/bin'
[0.983s] INFO:colcon.colcon_core.shell:Creating package script '/workspace/install/turtlebot3_description/share/turtlebot3_description/package.ps1'
[0.984s] INFO:colcon.colcon_core.shell:Creating package descriptor '/workspace/install/turtlebot3_description/share/turtlebot3_description/package.dsv'
[0.984s] INFO:colcon.colcon_core.shell:Creating package script '/workspace/install/turtlebot3_description/share/turtlebot3_description/package.sh'
[0.985s] INFO:colcon.colcon_core.shell:Creating package script '/workspace/install/turtlebot3_description/share/turtlebot3_description/package.bash'
[0.985s] INFO:colcon.colcon_core.shell:Creating package script '/workspace/install/turtlebot3_description/share/turtlebot3_description/package.zsh'
[0.985s] Level 1:colcon.colcon_core.environment:create_file_with_runtime_dependencies(/workspace/install/turtlebot3_description/share/colcon-core/packages/turtlebot3_description)
[1.004s] Level 1:colcon.colcon_core.environment:create_environment_scripts_only(turtlebot3_description)
[1.006s] Level 1:colcon.colcon_core.environment:checking '/workspace/install/turtlebot3_description' for CMake module files
[1.007s] Level 1:colcon.colcon_core.environment:checking '/workspace/install/turtlebot3_description' for CMake config files
[1.007s] Level 1:colcon.colcon_core.shell:create_environment_hook('turtlebot3_description', 'cmake_prefix_path')
[1.009s] INFO:colcon.colcon_core.shell:Creating environment hook '/workspace/install/turtlebot3_description/share/turtlebot3_description/hook/cmake_prefix_path.ps1'
[1.009s] INFO:colcon.colcon_core.shell:Creating environment descriptor '/workspace/install/turtlebot3_description/share/turtlebot3_description/hook/cmake_prefix_path.dsv'
[1.009s] INFO:colcon.colcon_core.shell:Creating environment hook '/workspace/install/turtlebot3_description/share/turtlebot3_description/hook/cmake_prefix_path.sh'
[1.010s] Level 1:colcon.colcon_core.environment:checking '/workspace/install/turtlebot3_description/bin'
[1.010s] Level 1:colcon.colcon_core.environment:checking '/workspace/install/turtlebot3_description/lib/pkgconfig/turtlebot3_description.pc'
[1.010s] Level 1:colcon.colcon_core.environment:checking '/workspace/install/turtlebot3_description/lib/python3.10/site-packages'
[1.010s] Level 1:colcon.colcon_core.environment:checking '/workspace/install/turtlebot3_description/bin'
[1.012s] INFO:colcon.colcon_core.shell:Creating package script '/workspace/install/turtlebot3_description/share/turtlebot3_description/package.ps1'
[1.012s] INFO:colcon.colcon_core.shell:Creating package descriptor '/workspace/install/turtlebot3_description/share/turtlebot3_description/package.dsv'
[1.013s] INFO:colcon.colcon_core.shell:Creating package script '/workspace/install/turtlebot3_description/share/turtlebot3_description/package.sh'
[1.013s] INFO:colcon.colcon_core.shell:Creating package script '/workspace/install/turtlebot3_description/share/turtlebot3_description/package.bash'
[1.014s] INFO:colcon.colcon_core.shell:Creating package script '/workspace/install/turtlebot3_description/share/turtlebot3_description/package.zsh'
[1.014s] Level 1:colcon.colcon_core.environment:create_file_with_runtime_dependencies(/workspace/install/turtlebot3_description/share/colcon-core/packages/turtlebot3_description)
[1.014s] INFO:colcon.colcon_ros.task.ament_cmake.build:Building ROS package in '/workspace/src/turtlebot3_simulations/turtlebot3_gazebo' with build type 'ament_cmake'
[1.015s] INFO:colcon.colcon_cmake.task.cmake.build:Building CMake package in '/workspace/src/turtlebot3_simulations/turtlebot3_gazebo'
[1.016s] INFO:colcon.colcon_core.shell:Skip shell extension 'powershell' for command environment: Not usable outside of PowerShell
[1.016s] DEBUG:colcon.colcon_core.shell:Skip shell extension 'dsv' for command environment
[1.027s] DEBUG:colcon.colcon_core.event_handler.log_command:Invoking command in '/workspace/build/turtlebot3_gazebo': CMAKE_PREFIX_PATH=/workspace/install/turtlebot3_description:/workspace/install/turtlebot3_simulations:/workspace/install/turtlebot3_gazebo:/workspace/install/path_planner_server:/workspace/install/map_server:/workspace/install/localization_server:/workspace/install/cartographer_slam:/opt/ros/humble /usr/bin/cmake --build /workspace/build/turtlebot3_gazebo -- -j8 -l8
[1.212s] DEBUG:colcon.colcon_core.event_handler.log_command:Invoking command in '/workspace/src/cartographer_slam': PYTHONPATH=/workspace/build/cartographer_slam/prefix_override:/workspace/install/cartographer_slam/lib/python3.10/site-packages:${PYTHONPATH} /usr/bin/python3 setup.py egg_info --egg-base ../../build/cartographer_slam build --build-base /workspace/build/cartographer_slam/build install --record /workspace/build/cartographer_slam/install.log --single-version-externally-managed
[1.221s] DEBUG:colcon.colcon_core.event_handler.log_command:Invoking command in '/workspace/src/map_server': PYTHONPATH=/workspace/build/map_server/prefix_override:/workspace/install/map_server/lib/python3.10/site-packages:${PYTHONPATH} /usr/bin/python3 setup.py egg_info --egg-base ../../build/map_server build --build-base /workspace/build/map_server/build install --record /workspace/build/map_server/install.log --single-version-externally-managed
[1.341s] DEBUG:colcon.colcon_core.event_handler.log_command:Invoking command in '/workspace/src/localization_server': PYTHONPATH=/workspace/build/localization_server/prefix_override:/workspace/install/localization_server/lib/python3.10/site-packages:${PYTHONPATH} /usr/bin/python3 setup.py egg_info --egg-base ../../build/localization_server build --build-base /workspace/build/localization_server/build install --record /workspace/build/localization_server/install.log --single-version-externally-managed
[1.352s] DEBUG:colcon.colcon_core.event_handler.log_command:Invoking command in '/workspace/src/path_planner_server': PYTHONPATH=/workspace/build/path_planner_server/prefix_override:/workspace/install/path_planner_server/lib/python3.10/site-packages:${PYTHONPATH} /usr/bin/python3 setup.py egg_info --egg-base ../../build/path_planner_server build --build-base /workspace/build/path_planner_server/build install --record /workspace/build/path_planner_server/install.log --single-version-externally-managed
[1.439s] Level 1:colcon.colcon_core.environment:checking '/workspace/install/map_server' for CMake module files
[1.439s] DEBUG:colcon.colcon_core.event_handler.log_command:Invoked command in '/workspace/src/map_server' returned '0': PYTHONPATH=/workspace/build/map_server/prefix_override:/workspace/install/map_server/lib/python3.10/site-packages:${PYTHONPATH} /usr/bin/python3 setup.py egg_info --egg-base ../../build/map_server build --build-base /workspace/build/map_server/build install --record /workspace/build/map_server/install.log --single-version-externally-managed
[1.440s] Level 1:colcon.colcon_core.environment:checking '/workspace/install/map_server' for CMake config files
[1.440s] Level 1:colcon.colcon_core.environment:checking '/workspace/install/map_server/lib'
[1.440s] Level 1:colcon.colcon_core.environment:checking '/workspace/install/map_server/bin'
[1.440s] Level 1:colcon.colcon_core.environment:checking '/workspace/install/map_server/lib/pkgconfig/map_server.pc'
[1.440s] Level 1:colcon.colcon_core.environment:checking '/workspace/install/map_server/lib/python3.10/site-packages'
[1.441s] Level 1:colcon.colcon_core.shell:create_environment_hook('map_server', 'pythonpath')
[1.441s] INFO:colcon.colcon_core.shell:Creating environment hook '/workspace/install/map_server/share/map_server/hook/pythonpath.ps1'
[1.442s] INFO:colcon.colcon_core.shell:Creating environment descriptor '/workspace/install/map_server/share/map_server/hook/pythonpath.dsv'
[1.442s] INFO:colcon.colcon_core.shell:Creating environment hook '/workspace/install/map_server/share/map_server/hook/pythonpath.sh'
[1.443s] Level 1:colcon.colcon_core.environment:checking '/workspace/install/map_server/bin'
[1.443s] Level 1:colcon.colcon_core.environment:create_environment_scripts_only(map_server)
[1.444s] INFO:colcon.colcon_core.shell:Creating package script '/workspace/install/map_server/share/map_server/package.ps1'
[1.444s] INFO:colcon.colcon_core.shell:Creating package descriptor '/workspace/install/map_server/share/map_server/package.dsv'
[1.445s] INFO:colcon.colcon_core.shell:Creating package script '/workspace/install/map_server/share/map_server/package.sh'
[1.445s] INFO:colcon.colcon_core.shell:Creating package script '/workspace/install/map_server/share/map_server/package.bash'
[1.445s] INFO:colcon.colcon_core.shell:Creating package script '/workspace/install/map_server/share/map_server/package.zsh'
[1.445s] Level 1:colcon.colcon_core.environment:create_file_with_runtime_dependencies(/workspace/install/map_server/share/colcon-core/packages/map_server)
[1.457s] Level 1:colcon.colcon_core.environment:checking '/workspace/install/cartographer_slam' for CMake module files
[1.458s] DEBUG:colcon.colcon_core.event_handler.log_command:Invoked command in '/workspace/src/cartographer_slam' returned '0': PYTHONPATH=/workspace/build/cartographer_slam/prefix_override:/workspace/install/cartographer_slam/lib/python3.10/site-packages:${PYTHONPATH} /usr/bin/python3 setup.py egg_info --egg-base ../../build/cartographer_slam build --build-base /workspace/build/cartographer_slam/build install --record /workspace/build/cartographer_slam/install.log --single-version-externally-managed
[1.458s] Level 1:colcon.colcon_core.environment:checking '/workspace/install/cartographer_slam' for CMake config files
[1.458s] Level 1:colcon.colcon_core.environment:checking '/workspace/install/cartographer_slam/lib'
[1.459s] Level 1:colcon.colcon_core.environment:checking '/workspace/install/cartographer_slam/bin'
[1.459s] Level 1:colcon.colcon_core.environment:checking '/workspace/install/cartographer_slam/lib/pkgconfig/cartographer_slam.pc'
[1.459s] Level 1:colcon.colcon_core.environment:checking '/workspace/install/cartographer_slam/lib/python3.10/site-packages'
[1.459s] Level 1:colcon.colcon_core.shell:create_environment_hook('cartographer_slam', 'pythonpath')
[1.461s] INFO:colcon.colcon_core.shell:Creating environment hook '/workspace/install/cartographer_slam/share/cartographer_slam/hook/pythonpath.ps1'
[1.461s] INFO:colcon.colcon_core.shell:Creating environment descriptor '/workspace/install/cartographer_slam/share/cartographer_slam/hook/pythonpath.dsv'
[1.461s] INFO:colcon.colcon_core.shell:Creating environment hook '/workspace/install/cartographer_slam/share/cartographer_slam/hook/pythonpath.sh'
[1.462s] Level 1:colcon.colcon_core.environment:checking '/workspace/install/cartographer_slam/bin'
[1.462s] Level 1:colcon.colcon_core.environment:create_environment_scripts_only(cartographer_slam)
[1.464s] INFO:colcon.colcon_core.shell:Creating package script '/workspace/install/cartographer_slam/share/cartographer_slam/package.ps1'
[1.464s] INFO:colcon.colcon_core.shell:Creating package descriptor '/workspace/install/cartographer_slam/share/cartographer_slam/package.dsv'
[1.465s] INFO:colcon.colcon_core.shell:Creating package script '/workspace/install/cartographer_slam/share/cartographer_slam/package.sh'
[1.465s] INFO:colcon.colcon_core.shell:Creating package script '/workspace/install/cartographer_slam/share/cartographer_slam/package.bash'
[1.465s] INFO:colcon.colcon_core.shell:Creating package script '/workspace/install/cartographer_slam/share/cartographer_slam/package.zsh'
[1.465s] Level 1:colcon.colcon_core.environment:create_file_with_runtime_dependencies(/workspace/install/cartographer_slam/share/colcon-core/packages/cartographer_slam)
[1.568s] Level 1:colcon.colcon_core.environment:checking '/workspace/install/path_planner_server' for CMake module files
[1.568s] DEBUG:colcon.colcon_core.event_handler.log_command:Invoked command in '/workspace/src/path_planner_server' returned '0': PYTHONPATH=/workspace/build/path_planner_server/prefix_override:/workspace/install/path_planner_server/lib/python3.10/site-packages:${PYTHONPATH} /usr/bin/python3 setup.py egg_info --egg-base ../../build/path_planner_server build --build-base /workspace/build/path_planner_server/build install --record /workspace/build/path_planner_server/install.log --single-version-externally-managed
[1.569s] Level 1:colcon.colcon_core.environment:checking '/workspace/install/path_planner_server' for CMake config files
[1.569s] Level 1:colcon.colcon_core.environment:checking '/workspace/install/path_planner_server/lib'
[1.569s] Level 1:colcon.colcon_core.environment:checking '/workspace/install/path_planner_server/bin'
[1.569s] Level 1:colcon.colcon_core.environment:checking '/workspace/install/path_planner_server/lib/pkgconfig/path_planner_server.pc'
[1.570s] Level 1:colcon.colcon_core.environment:checking '/workspace/install/path_planner_server/lib/python3.10/site-packages'
[1.570s] Level 1:colcon.colcon_core.shell:create_environment_hook('path_planner_server', 'pythonpath')
[1.571s] INFO:colcon.colcon_core.shell:Creating environment hook '/workspace/install/path_planner_server/share/path_planner_server/hook/pythonpath.ps1'
[1.571s] INFO:colcon.colcon_core.shell:Creating environment descriptor '/workspace/install/path_planner_server/share/path_planner_server/hook/pythonpath.dsv'
[1.571s] INFO:colcon.colcon_core.shell:Creating environment hook '/workspace/install/path_planner_server/share/path_planner_server/hook/pythonpath.sh'
[1.571s] Level 1:colcon.colcon_core.environment:checking '/workspace/install/path_planner_server/bin'
[1.572s] Level 1:colcon.colcon_core.environment:create_environment_scripts_only(path_planner_server)
[1.572s] INFO:colcon.colcon_core.shell:Creating package script '/workspace/install/path_planner_server/share/path_planner_server/package.ps1'
[1.573s] INFO:colcon.colcon_core.shell:Creating package descriptor '/workspace/install/path_planner_server/share/path_planner_server/package.dsv'
[1.573s] INFO:colcon.colcon_core.shell:Creating package script '/workspace/install/path_planner_server/share/path_planner_server/package.sh'
[1.573s] INFO:colcon.colcon_core.shell:Creating package script '/workspace/install/path_planner_server/share/path_planner_server/package.bash'
[1.573s] INFO:colcon.colcon_core.shell:Creating package script '/workspace/install/path_planner_server/share/path_planner_server/package.zsh'
[1.574s] Level 1:colcon.colcon_core.environment:create_file_with_runtime_dependencies(/workspace/install/path_planner_server/share/colcon-core/packages/path_planner_server)
[1.581s] Level 1:colcon.colcon_core.environment:checking '/workspace/install/localization_server' for CMake module files
[1.582s] DEBUG:colcon.colcon_core.event_handler.log_command:Invoked command in '/workspace/src/localization_server' returned '0': PYTHONPATH=/workspace/build/localization_server/prefix_override:/workspace/install/localization_server/lib/python3.10/site-packages:${PYTHONPATH} /usr/bin/python3 setup.py egg_info --egg-base ../../build/localization_server build --build-base /workspace/build/localization_server/build install --record /workspace/build/localization_server/install.log --single-version-externally-managed
[1.582s] Level 1:colcon.colcon_core.environment:checking '/workspace/install/localization_server' for CMake config files
[1.582s] Level 1:colcon.colcon_core.environment:checking '/workspace/install/localization_server/lib'
[1.582s] Level 1:colcon.colcon_core.environment:checking '/workspace/install/localization_server/bin'
[1.582s] Level 1:colcon.colcon_core.environment:checking '/workspace/install/localization_server/lib/pkgconfig/localization_server.pc'
[1.583s] Level 1:colcon.colcon_core.environment:checking '/workspace/install/localization_server/lib/python3.10/site-packages'
[1.583s] Level 1:colcon.colcon_core.shell:create_environment_hook('localization_server', 'pythonpath')
[1.583s] INFO:colcon.colcon_core.shell:Creating environment hook '/workspace/install/localization_server/share/localization_server/hook/pythonpath.ps1'
[1.584s] INFO:colcon.colcon_core.shell:Creating environment descriptor '/workspace/install/localization_server/share/localization_server/hook/pythonpath.dsv'
[1.584s] INFO:colcon.colcon_core.shell:Creating environment hook '/workspace/install/localization_server/share/localization_server/hook/pythonpath.sh'
[1.584s] Level 1:colcon.colcon_core.environment:checking '/workspace/install/localization_server/bin'
[1.584s] Level 1:colcon.colcon_core.environment:create_environment_scripts_only(localization_server)
[1.585s] INFO:colcon.colcon_core.shell:Creating package script '/workspace/install/localization_server/share/localization_server/package.ps1'
[1.586s] INFO:colcon.colcon_core.shell:Creating package descriptor '/workspace/install/localization_server/share/localization_server/package.dsv'
[1.586s] INFO:colcon.colcon_core.shell:Creating package script '/workspace/install/localization_server/share/localization_server/package.sh'
[1.586s] INFO:colcon.colcon_core.shell:Creating package script '/workspace/install/localization_server/share/localization_server/package.bash'
[1.586s] INFO:colcon.colcon_core.shell:Creating package script '/workspace/install/localization_server/share/localization_server/package.zsh'
[1.587s] Level 1:colcon.colcon_core.environment:create_file_with_runtime_dependencies(/workspace/install/localization_server/share/colcon-core/packages/localization_server)
[12.369s] DEBUG:colcon.colcon_core.event_handler.log_command:Invoked command in '/workspace/build/turtlebot3_gazebo' returned '0': CMAKE_PREFIX_PATH=/workspace/install/turtlebot3_description:/workspace/install/turtlebot3_simulations:/workspace/install/turtlebot3_gazebo:/workspace/install/path_planner_server:/workspace/install/map_server:/workspace/install/localization_server:/workspace/install/cartographer_slam:/opt/ros/humble /usr/bin/cmake --build /workspace/build/turtlebot3_gazebo -- -j8 -l8
[12.388s] DEBUG:colcon.colcon_core.event_handler.log_command:Invoking command in '/workspace/build/turtlebot3_gazebo': CMAKE_PREFIX_PATH=/workspace/install/turtlebot3_description:/workspace/install/turtlebot3_simulations:/workspace/install/turtlebot3_gazebo:/workspace/install/path_planner_server:/workspace/install/map_server:/workspace/install/localization_server:/workspace/install/cartographer_slam:/opt/ros/humble /usr/bin/cmake --install /workspace/build/turtlebot3_gazebo
[12.501s] Level 1:colcon.colcon_core.environment:create_environment_scripts_only(turtlebot3_gazebo)
[12.502s] Level 1:colcon.colcon_core.environment:checking '/workspace/install/turtlebot3_gazebo' for CMake module files
[12.502s] DEBUG:colcon.colcon_core.event_handler.log_command:Invoked command in '/workspace/build/turtlebot3_gazebo' returned '0': CMAKE_PREFIX_PATH=/workspace/install/turtlebot3_description:/workspace/install/turtlebot3_simulations:/workspace/install/turtlebot3_gazebo:/workspace/install/path_planner_server:/workspace/install/map_server:/workspace/install/localization_server:/workspace/install/cartographer_slam:/opt/ros/humble /usr/bin/cmake --install /workspace/build/turtlebot3_gazebo
[12.502s] Level 1:colcon.colcon_core.environment:checking '/workspace/install/turtlebot3_gazebo' for CMake config files
[12.503s] Level 1:colcon.colcon_core.shell:create_environment_hook('turtlebot3_gazebo', 'cmake_prefix_path')
[12.503s] INFO:colcon.colcon_core.shell:Creating environment hook '/workspace/install/turtlebot3_gazebo/share/turtlebot3_gazebo/hook/cmake_prefix_path.ps1'
[12.504s] INFO:colcon.colcon_core.shell:Creating environment descriptor '/workspace/install/turtlebot3_gazebo/share/turtlebot3_gazebo/hook/cmake_prefix_path.dsv'
[12.504s] INFO:colcon.colcon_core.shell:Creating environment hook '/workspace/install/turtlebot3_gazebo/share/turtlebot3_gazebo/hook/cmake_prefix_path.sh'
[12.504s] Level 1:colcon.colcon_core.environment:checking '/workspace/install/turtlebot3_gazebo/lib'
[12.504s] Level 1:colcon.colcon_core.environment:checking '/workspace/install/turtlebot3_gazebo/bin'
[12.504s] Level 1:colcon.colcon_core.environment:checking '/workspace/install/turtlebot3_gazebo/lib/pkgconfig/turtlebot3_gazebo.pc'
[12.504s] Level 1:colcon.colcon_core.environment:checking '/workspace/install/turtlebot3_gazebo/lib/python3.10/site-packages'
[12.505s] Level 1:colcon.colcon_core.environment:checking '/workspace/install/turtlebot3_gazebo/bin'
[12.505s] INFO:colcon.colcon_core.shell:Creating package script '/workspace/install/turtlebot3_gazebo/share/turtlebot3_gazebo/package.ps1'
[12.506s] INFO:colcon.colcon_core.shell:Creating package descriptor '/workspace/install/turtlebot3_gazebo/share/turtlebot3_gazebo/package.dsv'
[12.506s] INFO:colcon.colcon_core.shell:Creating package script '/workspace/install/turtlebot3_gazebo/share/turtlebot3_gazebo/package.sh'
[12.506s] INFO:colcon.colcon_core.shell:Creating package script '/workspace/install/turtlebot3_gazebo/share/turtlebot3_gazebo/package.bash'
[12.506s] INFO:colcon.colcon_core.shell:Creating package script '/workspace/install/turtlebot3_gazebo/share/turtlebot3_gazebo/package.zsh'
[12.506s] Level 1:colcon.colcon_core.environment:create_file_with_runtime_dependencies(/workspace/install/turtlebot3_gazebo/share/colcon-core/packages/turtlebot3_gazebo)
[12.528s] Level 1:colcon.colcon_core.environment:create_environment_scripts_only(turtlebot3_gazebo)
[12.529s] Level 1:colcon.colcon_core.environment:checking '/workspace/install/turtlebot3_gazebo' for CMake module files
[12.529s] Level 1:colcon.colcon_core.environment:checking '/workspace/install/turtlebot3_gazebo' for CMake config files
[12.529s] Level 1:colcon.colcon_core.shell:create_environment_hook('turtlebot3_gazebo', 'cmake_prefix_path')
[12.530s] INFO:colcon.colcon_core.shell:Creating environment hook '/workspace/install/turtlebot3_gazebo/share/turtlebot3_gazebo/hook/cmake_prefix_path.ps1'
[12.530s] INFO:colcon.colcon_core.shell:Creating environment descriptor '/workspace/install/turtlebot3_gazebo/share/turtlebot3_gazebo/hook/cmake_prefix_path.dsv'
[12.531s] INFO:colcon.colcon_core.shell:Creating environment hook '/workspace/install/turtlebot3_gazebo/share/turtlebot3_gazebo/hook/cmake_prefix_path.sh'
[12.531s] Level 1:colcon.colcon_core.environment:checking '/workspace/install/turtlebot3_gazebo/lib'
[12.531s] Level 1:colcon.colcon_core.environment:checking '/workspace/install/turtlebot3_gazebo/bin'
[12.531s] Level 1:colcon.colcon_core.environment:checking '/workspace/install/turtlebot3_gazebo/lib/pkgconfig/turtlebot3_gazebo.pc'
[12.531s] Level 1:colcon.colcon_core.environment:checking '/workspace/install/turtlebot3_gazebo/lib/python3.10/site-packages'
[12.531s] Level 1:colcon.colcon_core.environment:checking '/workspace/install/turtlebot3_gazebo/bin'
[12.532s] INFO:colcon.colcon_core.shell:Creating package script '/workspace/install/turtlebot3_gazebo/share/turtlebot3_gazebo/package.ps1'
[12.532s] INFO:colcon.colcon_core.shell:Creating package descriptor '/workspace/install/turtlebot3_gazebo/share/turtlebot3_gazebo/package.dsv'
[12.533s] INFO:colcon.colcon_core.shell:Creating package script '/workspace/install/turtlebot3_gazebo/share/turtlebot3_gazebo/package.sh'
[12.533s] INFO:colcon.colcon_core.shell:Creating package script '/workspace/install/turtlebot3_gazebo/share/turtlebot3_gazebo/package.bash'
[12.533s] INFO:colcon.colcon_core.shell:Creating package script '/workspace/install/turtlebot3_gazebo/share/turtlebot3_gazebo/package.zsh'
[12.533s] Level 1:colcon.colcon_core.environment:create_file_with_runtime_dependencies(/workspace/install/turtlebot3_gazebo/share/colcon-core/packages/turtlebot3_gazebo)
[12.533s] INFO:colcon.colcon_ros.task.ament_cmake.build:Building ROS package in '/workspace/src/turtlebot3_simulations/turtlebot3_simulations' with build type 'ament_cmake'
[12.534s] INFO:colcon.colcon_cmake.task.cmake.build:Building CMake package in '/workspace/src/turtlebot3_simulations/turtlebot3_simulations'
[12.534s] INFO:colcon.colcon_core.shell:Skip shell extension 'powershell' for command environment: Not usable outside of PowerShell
[12.534s] DEBUG:colcon.colcon_core.shell:Skip shell extension 'dsv' for command environment
[12.541s] DEBUG:colcon.colcon_core.event_handler.log_command:Invoking command in '/workspace/build/turtlebot3_simulations': CMAKE_PREFIX_PATH=/workspace/install/turtlebot3_gazebo:/workspace/install/turtlebot3_description:/workspace/install/turtlebot3_simulations:/workspace/install/path_planner_server:/workspace/install/map_server:/workspace/install/localization_server:/workspace/install/cartographer_slam:/opt/ros/humble /usr/bin/cmake --build /workspace/build/turtlebot3_simulations -- -j8 -l8
[12.718s] DEBUG:colcon.colcon_core.event_handler.log_command:Invoked command in '/workspace/build/turtlebot3_simulations' returned '0': CMAKE_PREFIX_PATH=/workspace/install/turtlebot3_gazebo:/workspace/install/turtlebot3_description:/workspace/install/turtlebot3_simulations:/workspace/install/path_planner_server:/workspace/install/map_server:/workspace/install/localization_server:/workspace/install/cartographer_slam:/opt/ros/humble /usr/bin/cmake --build /workspace/build/turtlebot3_simulations -- -j8 -l8
[12.732s] DEBUG:colcon.colcon_core.event_handler.log_command:Invoking command in '/workspace/build/turtlebot3_simulations': CMAKE_PREFIX_PATH=/workspace/install/turtlebot3_gazebo:/workspace/install/turtlebot3_description:/workspace/install/turtlebot3_simulations:/workspace/install/path_planner_server:/workspace/install/map_server:/workspace/install/localization_server:/workspace/install/cartographer_slam:/opt/ros/humble /usr/bin/cmake --install /workspace/build/turtlebot3_simulations
[12.738s] Level 1:colcon.colcon_core.environment:create_environment_scripts_only(turtlebot3_simulations)
[12.739s] Level 1:colcon.colcon_core.environment:checking '/workspace/install/turtlebot3_simulations' for CMake module files
[12.739s] DEBUG:colcon.colcon_core.event_handler.log_command:Invoked command in '/workspace/build/turtlebot3_simulations' returned '0': CMAKE_PREFIX_PATH=/workspace/install/turtlebot3_gazebo:/workspace/install/turtlebot3_description:/workspace/install/turtlebot3_simulations:/workspace/install/path_planner_server:/workspace/install/map_server:/workspace/install/localization_server:/workspace/install/cartographer_slam:/opt/ros/humble /usr/bin/cmake --install /workspace/build/turtlebot3_simulations
[12.739s] Level 1:colcon.colcon_core.environment:checking '/workspace/install/turtlebot3_simulations' for CMake config files
[12.739s] Level 1:colcon.colcon_core.shell:create_environment_hook('turtlebot3_simulations', 'cmake_prefix_path')
[12.740s] INFO:colcon.colcon_core.shell:Creating environment hook '/workspace/install/turtlebot3_simulations/share/turtlebot3_simulations/hook/cmake_prefix_path.ps1'
[12.740s] INFO:colcon.colcon_core.shell:Creating environment descriptor '/workspace/install/turtlebot3_simulations/share/turtlebot3_simulations/hook/cmake_prefix_path.dsv'
[12.741s] INFO:colcon.colcon_core.shell:Creating environment hook '/workspace/install/turtlebot3_simulations/share/turtlebot3_simulations/hook/cmake_prefix_path.sh'
[12.741s] Level 1:colcon.colcon_core.environment:checking '/workspace/install/turtlebot3_simulations/bin'
[12.741s] Level 1:colcon.colcon_core.environment:checking '/workspace/install/turtlebot3_simulations/lib/pkgconfig/turtlebot3_simulations.pc'
[12.741s] Level 1:colcon.colcon_core.environment:checking '/workspace/install/turtlebot3_simulations/lib/python3.10/site-packages'
[12.741s] Level 1:colcon.colcon_core.environment:checking '/workspace/install/turtlebot3_simulations/bin'
[12.742s] INFO:colcon.colcon_core.shell:Creating package script '/workspace/install/turtlebot3_simulations/share/turtlebot3_simulations/package.ps1'
[12.742s] INFO:colcon.colcon_core.shell:Creating package descriptor '/workspace/install/turtlebot3_simulations/share/turtlebot3_simulations/package.dsv'
[12.742s] INFO:colcon.colcon_core.shell:Creating package script '/workspace/install/turtlebot3_simulations/share/turtlebot3_simulations/package.sh'
[12.743s] INFO:colcon.colcon_core.shell:Creating package script '/workspace/install/turtlebot3_simulations/share/turtlebot3_simulations/package.bash'
[12.743s] INFO:colcon.colcon_core.shell:Creating package script '/workspace/install/turtlebot3_simulations/share/turtlebot3_simulations/package.zsh'
[12.743s] Level 1:colcon.colcon_core.environment:create_file_with_runtime_dependencies(/workspace/install/turtlebot3_simulations/share/colcon-core/packages/turtlebot3_simulations)
[12.756s] Level 1:colcon.colcon_core.environment:create_environment_scripts_only(turtlebot3_simulations)
[12.757s] Level 1:colcon.colcon_core.environment:checking '/workspace/install/turtlebot3_simulations' for CMake module files
[12.757s] Level 1:colcon.colcon_core.environment:checking '/workspace/install/turtlebot3_simulations' for CMake config files
[12.757s] Level 1:colcon.colcon_core.shell:create_environment_hook('turtlebot3_simulations', 'cmake_prefix_path')
[12.758s] INFO:colcon.colcon_core.shell:Creating environment hook '/workspace/install/turtlebot3_simulations/share/turtlebot3_simulations/hook/cmake_prefix_path.ps1'
[12.758s] INFO:colcon.colcon_core.shell:Creating environment descriptor '/workspace/install/turtlebot3_simulations/share/turtlebot3_simulations/hook/cmake_prefix_path.dsv'
[12.758s] INFO:colcon.colcon_core.shell:Creating environment hook '/workspace/install/turtlebot3_simulations/share/turtlebot3_simulations/hook/cmake_prefix_path.sh'
[12.758s] Level 1:colcon.colcon_core.environment:checking '/workspace/install/turtlebot3_simulations/bin'
[12.759s] Level 1:colcon.colcon_core.environment:checking '/workspace/install/turtlebot3_simulations/lib/pkgconfig/turtlebot3_simulations.pc'
[12.759s] Level 1:colcon.colcon_core.environment:checking '/workspace/install/turtlebot3_simulations/lib/python3.10/site-packages'
[12.759s] Level 1:colcon.colcon_core.environment:checking '/workspace/install/turtlebot3_simulations/bin'
[12.760s] INFO:colcon.colcon_core.shell:Creating package script '/workspace/install/turtlebot3_simulations/share/turtlebot3_simulations/package.ps1'
[12.760s] INFO:colcon.colcon_core.shell:Creating package descriptor '/workspace/install/turtlebot3_simulations/share/turtlebot3_simulations/package.dsv'
[12.760s] INFO:colcon.colcon_core.shell:Creating package script '/workspace/install/turtlebot3_simulations/share/turtlebot3_simulations/package.sh'
[12.760s] INFO:colcon.colcon_core.shell:Creating package script '/workspace/install/turtlebot3_simulations/share/turtlebot3_simulations/package.bash'
[12.761s] INFO:colcon.colcon_core.shell:Creating package script '/workspace/install/turtlebot3_simulations/share/turtlebot3_simulations/package.zsh'
[12.761s] Level 1:colcon.colcon_core.environment:create_file_with_runtime_dependencies(/workspace/install/turtlebot3_simulations/share/colcon-core/packages/turtlebot3_simulations)
[12.761s] DEBUG:colcon.colcon_parallel_executor.executor.parallel:closing loop
[12.761s] DEBUG:colcon.colcon_parallel_executor.executor.parallel:loop closed
[12.761s] DEBUG:colcon.colcon_parallel_executor.executor.parallel:run_until_complete finished with '0'
[12.761s] DEBUG:colcon.colcon_core.event_reactor:joining thread
[12.767s] INFO:colcon.colcon_core.plugin_system:Skipping extension 'colcon_notification.desktop_notification.notify_send': Could not find 'notify-send'
[12.767s] INFO:colcon.colcon_core.plugin_system:Skipping extension 'colcon_notification.desktop_notification.terminal_notifier': Not used on non-Darwin systems
[12.767s] INFO:colcon.colcon_core.plugin_system:Skipping extension 'colcon_notification.desktop_notification.win32': Not used on non-Windows systems
[12.767s] INFO:colcon.colcon_notification.desktop_notification:Sending desktop notification using 'notify2'
[12.769s] DEBUG:colcon.colcon_notification.desktop_notification.notify2:Failed to initialize notify2: org.freedesktop.DBus.Error.Spawn.ExecFailed: /usr/bin/dbus-launch terminated abnormally without any error message
[12.769s] DEBUG:colcon.colcon_core.event_reactor:joined thread
[12.770s] INFO:colcon.colcon_core.shell:Creating prefix script '/workspace/install/local_setup.ps1'
[12.771s] INFO:colcon.colcon_core.shell:Creating prefix util module '/workspace/install/_local_setup_util_ps1.py'
[12.772s] INFO:colcon.colcon_core.shell:Creating prefix chain script '/workspace/install/setup.ps1'
[12.773s] INFO:colcon.colcon_core.shell:Creating prefix script '/workspace/install/local_setup.sh'
[12.773s] INFO:colcon.colcon_core.shell:Creating prefix util module '/workspace/install/_local_setup_util_sh.py'
[12.773s] INFO:colcon.colcon_core.shell:Creating prefix chain script '/workspace/install/setup.sh'
[12.774s] INFO:colcon.colcon_core.shell:Creating prefix script '/workspace/install/local_setup.bash'
[12.774s] INFO:colcon.colcon_core.shell:Creating prefix chain script '/workspace/install/setup.bash'
[12.775s] INFO:colcon.colcon_core.shell:Creating prefix script '/workspace/install/local_setup.zsh'
[12.776s] INFO:colcon.colcon_core.shell:Creating prefix chain script '/workspace/install/setup.zsh'
