[1.096s] Invoking command in '/workspace/src/path_planner_server': PYTHONPATH=/workspace/build/path_planner_server/prefix_override:/workspace/install/path_planner_server/lib/python3.10/site-packages:${PYTHONPATH} /usr/bin/python3 setup.py egg_info --egg-base ../../build/path_planner_server build --build-base /workspace/build/path_planner_server/build install --record /workspace/build/path_planner_server/install.log --single-version-externally-managed
[1.269s] running egg_info
[1.270s] writing ../../build/path_planner_server/path_planner_server.egg-info/PKG-INFO
[1.270s] writing dependency_links to ../../build/path_planner_server/path_planner_server.egg-info/dependency_links.txt
[1.270s] writing entry points to ../../build/path_planner_server/path_planner_server.egg-info/entry_points.txt
[1.270s] writing requirements to ../../build/path_planner_server/path_planner_server.egg-info/requires.txt
[1.270s] writing top-level names to ../../build/path_planner_server/path_planner_server.egg-info/top_level.txt
[1.272s] reading manifest file '../../build/path_planner_server/path_planner_server.egg-info/SOURCES.txt'
[1.273s] writing manifest file '../../build/path_planner_server/path_planner_server.egg-info/SOURCES.txt'
[1.273s] running build
[1.273s] running build_py
[1.273s] running install
[1.273s] running install_lib
[1.274s] running install_data
[1.275s] running install_egg_info
[1.276s] removing '/workspace/install/path_planner_server/lib/python3.10/site-packages/path_planner_server-0.0.0-py3.10.egg-info' (and everything under it)
[1.276s] Copying ../../build/path_planner_server/path_planner_server.egg-info to /workspace/install/path_planner_server/lib/python3.10/site-packages/path_planner_server-0.0.0-py3.10.egg-info
[1.277s] running install_scripts
[1.292s] Installing nav_to_pose script to /workspace/install/path_planner_server/lib/path_planner_server
[1.293s] writing list of installed files to '/workspace/build/path_planner_server/install.log'
[1.341s] Invoked command in '/workspace/src/path_planner_server' returned '0': PYTHONPATH=/workspace/build/path_planner_server/prefix_override:/workspace/install/path_planner_server/lib/python3.10/site-packages:${PYTHONPATH} /usr/bin/python3 setup.py egg_info --egg-base ../../build/path_planner_server build --build-base /workspace/build/path_planner_server/build install --record /workspace/build/path_planner_server/install.log --single-version-externally-managed
